#
# A fatal error has been detected by the Java Runtime Environment:
#
#  EXCEPTION_ACCESS_VIOLATION (0xc0000005) at pc=0x00007ffa9d9ba460, pid=180, tid=660
#
# JRE version: Java(TM) SE Runtime Environment (8.0_25-b18) (build 1.8.0_25-b18)
# Java VM: Java HotSpot(TM) 64-Bit Server VM (25.25-b02 mixed mode windows-amd64 compressed oops)
# Problematic frame:
# C  0x00007ffa9d9ba460
#
# Failed to write core dump. Minidumps are not enabled by default on client versions of Windows
#
# If you would like to submit a bug report, please visit:
#   http://bugreport.sun.com/bugreport/crash.jsp
# The crash happened outside the Java Virtual Machine in native code.
# See problematic frame for where to report the bug.
#

---------------  T H R E A D  ---------------

Current thread (0x0000013700dbb800):  JavaThread "AWT-EventQueue-1" [_thread_in_native, id=660, stack(0x00000031ef200000,0x00000031ef700000)]

siginfo: ExceptionCode=0xc0000005, reading address 0x00004e49564c45b1

Registers:
RAX=0x0000ee216d53753c, RBX=0x0000000000000001, RCX=0x00004e49564c454b, RDX=0x00000031ef6fd820
RSP=0x00000031ef6fd6d8, RBP=0x00000031ef6fd830, RSI=0x0000000000000000, RDI=0x00000007bc773b70
R8 =0x0000013730c2b720, R9 =0x0000000000000000, R10=0x00007ffaa186e890, R11=0x00000000f7ea1409
R12=0x0000000000000000, R13=0x00000007009284d8, R14=0x00000031ef6fd820, R15=0x0000013700dbb800
RIP=0x00007ffa9d9ba460, EFLAGS=0x0000000000010206

Top of Stack: (sp=0x00000031ef6fd6d8)
0x00000031ef6fd6d8:   00007ffaa173c03b 0000000701db8f78
0x00000031ef6fd6e8:   0000013680861840 0000000000000000
0x00000031ef6fd6f8:   00000000752000cf 0000000000000001
0x00000031ef6fd708:   00007ffaa186e8bf 0000000701db8cb8
0x00000031ef6fd718:   0000000701db8cb8 0000000000000000
0x00000031ef6fd728:   0000000701db8f78 0000013700dbb9e8
0x00000031ef6fd738:   0000000701db8f78 fffffffffffffffe
0x00000031ef6fd748:   0000000000000007 0000000000000000
0x00000031ef6fd758:   0000000000000000 0000000700178078
0x00000031ef6fd768:   00000007bc770aa0 0000000000000002
0x00000031ef6fd778:   0000000000000000 000000070059b638
0x00000031ef6fd788:   0000000000000007 00000007000dc0b8
0x00000031ef6fd798:   000001368015caec 00000007bf558520
0x00000031ef6fd7a8:   0000013680685b70 0000013700dbb800
0x00000031ef6fd7b8:   0000ee216d53753c 00000007003fb470
0x00000031ef6fd7c8:   000001368252ae9a 0000000701f53878 

Instructions: (pc=0x00007ffa9d9ba460)
0x00007ffa9d9ba440:   00 00 00 c6 43 20 00 48 83 c4 20 5b c3 cc cc cc
0x00007ffa9d9ba450:   0f b6 41 67 c3 cc cc cc cc cc cc cc cc cc cc cc
0x00007ffa9d9ba460:   0f b6 41 66 c3 cc cc cc cc cc cc cc cc cc cc cc
0x00007ffa9d9ba470:   48 8d 05 e9 c5 0d 00 c3 cc cc cc cc cc cc cc cc 


Register to memory mapping:

RAX=0x0000ee216d53753c is an unknown value
RBX=0x0000000000000001 is an unknown value
RCX=0x00004e49564c454b is an unknown value
RDX=0x00000031ef6fd820 is pointing into the stack for thread: 0x0000013700dbb800
RSP=0x00000031ef6fd6d8 is pointing into the stack for thread: 0x0000013700dbb800
RBP=0x00000031ef6fd830 is pointing into the stack for thread: 0x0000013700dbb800
RSI=0x0000000000000000 is an unknown value
RDI=0x00000007bc773b70 is an oop
javax.swing.text.html.HTMLDocument$HTMLReader$PreAction 
 - klass: 'javax/swing/text/html/HTMLDocument$HTMLReader$PreAction'
R8 =0x0000013730c2b720 is an unknown value
R9 =0x0000000000000000 is an unknown value
R10=0x00007ffaa186e890 is an unknown value
R11=0x00000000f7ea1409 is an unknown value
R12=0x0000000000000000 is an unknown value
R13=0x00000007009284d8 is an oop
ui.frmwork.E 
 - klass: 'ui/frmwork/E'
R14=0x00000031ef6fd820 is pointing into the stack for thread: 0x0000013700dbb800
R15=0x0000013700dbb800 is a thread


Stack: [0x00000031ef200000,0x00000031ef700000],  sp=0x00000031ef6fd6d8,  free space=5109k
Native frames: (J=compiled Java code, j=interpreted, Vv=VM code, C=native code)
C  0x00007ffa9d9ba460

Java frames: (J=compiled Java code, j=interpreted, Vv=VM code)
J 12925  ui.data.labtools.lthwdatai.HWDevice_isXicomCfgMemSupported(J)Z (0 bytes) @ 0x000001368252ae01 [0x000001368252adc0+0x41]
J 20769 C2 ui.views.b.m.d.d.l(Lui/views/J/e;)Z (5 bytes) @ 0x00000136808a6ef4 [0x00000136808a6da0+0x154]
J 10724 C2 ui.views.J.n.k(Lui/views/J/W;)Z (51 bytes) @ 0x00000136802133ac [0x0000013680212f80+0x42c]
J 11116 C2 ui.views.J.j.getTreeCellRendererComponent(Ljavax/swing/JTree;Ljava/lang/Object;ZZZIZ)Ljava/awt/Component; (433 bytes) @ 0x000001368207a274 [0x0000013682078e60+0x1414]
J 12905 C2 org.jdesktop.swingx.JXTree$DelegatingRenderer.getTreeCellRendererComponent(Ljavax/swing/JTree;Ljava/lang/Object;ZZZIZ)Ljava/awt/Component; (75 bytes) @ 0x0000013682539bcc [0x0000013682539b60+0x6c]
J 17211 C2 javax.swing.tree.VariableHeightLayoutCache$TreeStateNode.expand(Z)V (532 bytes) @ 0x00000136827d2f4c [0x00000136827d25a0+0x9ac]
J 19911 C2 javax.swing.plaf.basic.BasicTreeUI.updateExpandedDescendants(Ljavax/swing/tree/TreePath;)V (73 bytes) @ 0x00000136836390ac [0x0000013683638ee0+0x1cc]
J 20314 C2 javax.swing.JTree.fireTreeExpanded(Ljavax/swing/tree/TreePath;)V (107 bytes) @ 0x0000013680d86a7c [0x0000013680d86960+0x11c]
J 19160 C2 javax.swing.JTree.setExpandedState(Ljavax/swing/tree/TreePath;Z)V (422 bytes) @ 0x0000013682616ea0 [0x0000013682616720+0x780]
J 17798 C1 ui.g.i.v.Y.N(Ljava/util/List;)V (72 bytes) @ 0x000001368314d24c [0x000001368314bd20+0x152c]
J 18498 C1 ui.views.J.u.update()V (48 bytes) @ 0x00000136833ab24c [0x00000136833aa120+0x112c]
J 15456 C1 ui.ba.Q()V (88 bytes) @ 0x0000013681ace474 [0x0000013681ace180+0x2f4]
J 18944 C1 ui.g.N.ail()V (44 bytes) @ 0x0000013681568c04 [0x0000013681568400+0x804]
j  ui.frmwork.c.dmQ()Z+235
j  ui.views.b.m.L.run()V+35
J 9670 C2 java.awt.event.InvocationEvent.dispatch()V (69 bytes) @ 0x0000013680a90458 [0x0000013680a90400+0x58]
J 9382 C2 java.awt.EventQueue$3.run()Ljava/lang/Object; (5 bytes) @ 0x0000013681c5aeb4 [0x0000013681c5ade0+0xd4]
v  ~StubRoutines::call_stub
J 1572  java.security.AccessController.doPrivileged(Ljava/security/PrivilegedAction;Ljava/security/AccessControlContext;)Ljava/lang/Object; (0 bytes) @ 0x00000136805704a6 [0x0000013680570440+0x66]
J 10072 C2 ui.frmwork.a.e.dispatchEvent(Ljava/awt/AWTEvent;)V (30 bytes) @ 0x0000013680fbb6e8 [0x0000013680fbb400+0x2e8]
J 10428 C2 java.awt.EventDispatchThread.pumpOneEventForFilters(I)V (295 bytes) @ 0x00000136814a1f8c [0x00000136814a1c60+0x32c]
J 14108% C2 java.awt.EventDispatchThread.pumpEventsForFilter(ILjava/awt/Conditional;Ljava/awt/EventFilter;)V (47 bytes) @ 0x00000136812ddb88 [0x00000136812dda40+0x148]
j  java.awt.EventDispatchThread.pumpEventsForHierarchy(ILjava/awt/Conditional;Ljava/awt/Component;)V+11
j  java.awt.EventDispatchThread.pumpEvents(ILjava/awt/Conditional;)V+4
j  java.awt.EventDispatchThread.pumpEvents(Ljava/awt/Conditional;)V+3
j  java.awt.EventDispatchThread.run()V+9
v  ~StubRoutines::call_stub

---------------  P R O C E S S  ---------------

Java Threads: ( => current thread )
  0x0000013731048000 JavaThread "Image Fetcher 3" daemon [_thread_blocked, id=4924, stack(0x0000003372100000,0x0000003372600000)]
  0x0000013731049000 JavaThread "Image Fetcher 2" daemon [_thread_blocked, id=4548, stack(0x0000003371c00000,0x0000003372100000)]
  0x0000013731049800 JavaThread "Image Fetcher 1" daemon [_thread_blocked, id=448, stack(0x0000003371700000,0x0000003371c00000)]
  0x000001373104a800 JavaThread "Image Fetcher 0" daemon [_thread_blocked, id=5880, stack(0x0000003371200000,0x0000003371700000)]
  0x0000013717cce000 JavaThread "Monitor File Timestamp" [_thread_blocked, id=3968, stack(0x000000333f400000,0x000000333f900000)]
  0x0000013730ef7000 JavaThread "Monitor File Timestamp" [_thread_blocked, id=5568, stack(0x0000003273000000,0x0000003273500000)]
  0x0000013717cc6800 JavaThread "Monitor File Timestamp" [_thread_blocked, id=4340, stack(0x00000031e3000000,0x00000031e3500000)]
  0x00000137183f5800 JavaThread "Monitor File Timestamp" [_thread_blocked, id=3396, stack(0x00000031dfe00000,0x00000031e0300000)]
  0x0000013701cc8800 JavaThread "Thread-131" [_thread_in_native, id=2832, stack(0x00000031ffe00000,0x00000031fff00000)]
  0x0000013704e9f800 JavaThread "Monitor File Timestamp" [_thread_blocked, id=4544, stack(0x00000031b2400000,0x00000031b2900000)]
  0x0000013705057800 JavaThread "Monitor File Timestamp" [_thread_blocked, id=1944, stack(0x00000031a8e00000,0x00000031a9300000)]
  0x000001370687c000 JavaThread "Monitor File Timestamp" [_thread_blocked, id=5560, stack(0x000000318bc00000,0x000000318c100000)]
  0x0000013704b27800 JavaThread "Monitor File Timestamp" [_thread_blocked, id=5008, stack(0x00000031f8100000,0x00000031f8600000)]
  0x0000013704e44800 JavaThread "Monitor File Timestamp" [_thread_blocked, id=4348, stack(0x00000031f7c00000,0x00000031f8100000)]
  0x0000013704d9e800 JavaThread "Refresh links" [_thread_blocked, id=4156, stack(0x00000031f7200000,0x00000031f7700000)]
  0x0000013700bcb000 JavaThread "Refresh GTs" [_thread_blocked, id=4604, stack(0x00000031f6d00000,0x00000031f7200000)]
  0x0000013702f47800 JavaThread "hw_ila_monitor" [_thread_blocked, id=2964, stack(0x00000031f4000000,0x00000031f4500000)]
  0x00000136f5da8000 JavaThread "Update Runs" [_thread_blocked, id=1512, stack(0x00000031f3100000,0x00000031f3600000)]
  0x0000013701f5a000 JavaThread "Refresh Filesets" [_thread_blocked, id=4940, stack(0x00000031f2c00000,0x00000031f3100000)]
  0x0000013701c05800 JavaThread "Swing-Shell" daemon [_thread_blocked, id=4632, stack(0x00000031f1500000,0x00000031f1a00000)]
  0x0000013701e60800 JavaThread "Monitor File Timestamp" [_thread_blocked, id=3288, stack(0x00000031f0b00000,0x00000031f1000000)]
=>0x0000013700dbb800 JavaThread "AWT-EventQueue-1" [_thread_in_native, id=660, stack(0x00000031ef200000,0x00000031ef700000)]
  0x0000013700dbf000 JavaThread "Process Messages" [_thread_blocked, id=6036, stack(0x00000031eed00000,0x00000031ef200000)]
  0x00000136f8312000 JavaThread "Thread-3" [_thread_in_native, id=5288, stack(0x00000031e8800000,0x00000031e9c00000)]
  0x00000137007d7800 JavaThread "AWT-EventQueue-0" [_thread_blocked, id=1548, stack(0x00000031ee800000,0x00000031eed00000)]
  0x00000137007c8800 JavaThread "AWT-Windows" daemon [_thread_in_native, id=5104, stack(0x00000031ee300000,0x00000031ee800000)]
  0x00000137007c9800 JavaThread "AWT-Shutdown" [_thread_blocked, id=3712, stack(0x00000031ede00000,0x00000031ee300000)]
  0x00000137007c3000 JavaThread "Java2D Disposer" daemon [_thread_blocked, id=4532, stack(0x00000031ed900000,0x00000031ede00000)]
  0x0000013700a7f800 JavaThread "TimerQueue" daemon [_thread_blocked, id=1792, stack(0x00000031ecf00000,0x00000031ed400000)]
  0x000001370012d800 JavaThread "Service Thread" daemon [_thread_blocked, id=5696, stack(0x00000031ec900000,0x00000031ece00000)]
  0x0000013700062000 JavaThread "C1 CompilerThread1" daemon [_thread_blocked, id=4060, stack(0x00000031ec800000,0x00000031ec900000)]
  0x0000013700063800 JavaThread "C2 CompilerThread0" daemon [_thread_blocked, id=4904, stack(0x00000031ec700000,0x00000031ec800000)]
  0x0000013700057000 JavaThread "Attach Listener" daemon [_thread_blocked, id=2028, stack(0x00000031ec200000,0x00000031ec700000)]
  0x0000013700051000 JavaThread "Signal Dispatcher" daemon [_thread_blocked, id=3972, stack(0x00000031ebd00000,0x00000031ec200000)]
  0x000001370001c000 JavaThread "Finalizer" daemon [_thread_blocked, id=3684, stack(0x00000031eb800000,0x00000031ebd00000)]
  0x000001370001d000 JavaThread "Reference Handler" daemon [_thread_blocked, id=5324, stack(0x00000031eb300000,0x00000031eb800000)]
  0x00000136f5022000 JavaThread "main" [_thread_blocked, id=4056, stack(0x00000031eaf00000,0x00000031eb000000)]

Other Threads:
  0x00000136fff70800 VMThread [stack: 0x00000031eb200000,0x00000031eb300000] [id=300]
  0x000001370012c000 WatcherThread [stack: 0x00000031ece00000,0x00000031ecf00000] [id=3284]

VM state:not at safepoint (normal execution)

VM Mutex/Monitor currently owned by a thread: None

Heap:
 PSYoungGen      total 54784K, used 8889K [0x00000007bc400000, 0x00000007c0000000, 0x00000007c0000000)
  eden space 48128K, 7% used [0x00000007bc400000,0x00000007bc7a6b50,0x00000007bf300000)
  from space 6656K, 77% used [0x00000007bf300000,0x00000007bf807b88,0x00000007bf980000)
  to   space 6656K, 0% used [0x00000007bf980000,0x00000007bf980000,0x00000007c0000000)
 ParOldGen       total 148992K, used 97870K [0x0000000700000000, 0x0000000709180000, 0x00000007bc400000)
  object space 148992K, 65% used [0x0000000700000000,0x0000000705f93bd0,0x0000000709180000)
 Metaspace       used 70189K, capacity 70645K, committed 71296K, reserved 1110016K
  class space    used 9948K, capacity 10037K, committed 10112K, reserved 1048576K

Card table byte_map: [0x00000136f8d00000,0x00000136f9310000] byte_map_base: 0x00000136f5500000

Marking Bits: (ParMarkBitMap*) 0x00000000754ed490
 Begin Bits: [0x00000136f9900000, 0x00000136fc900000)
 End Bits:   [0x00000136fc900000, 0x00000136ff900000)

Polling page: 0x00000136f4fd0000

CodeCache: size=245760Kb used=59897Kb max_used=59947Kb free=185862Kb
 bounds [0x0000013680000000, 0x0000013683b00000, 0x000001368f000000]
 total_blobs=16092 nmethods=15203 adapters=793
 compilation: enabled

Compilation events (10 events):
Event: 8471.349 Thread 0x0000013700062000 nmethod 21378 0x0000013680180210 code [0x0000013680180360, 0x00000136801804b8]
Event: 8471.351 Thread 0x0000013700062000 21379       3       com.jidesoft.editor.folding.DefaultFoldingModel::rebuild (8 bytes)
Event: 8471.351 Thread 0x0000013700062000 nmethod 21379 0x000001368025fd10 code [0x000001368025fe80, 0x0000013680260010]
Event: 8471.351 Thread 0x0000013700063800 21380       4       java.text.DecimalFormat::setMinimumIntegerDigits (87 bytes)
Event: 8471.353 Thread 0x0000013700063800 nmethod 21380 0x0000013681fc5e10 code [0x0000013681fc5f60, 0x0000013681fc6048]
Event: 8471.353 Thread 0x0000013700063800 21381       4       java.text.DecimalFormat::setMaximumIntegerDigits (87 bytes)
Event: 8471.353 Thread 0x0000013700063800 nmethod 21381 0x0000013681fc5b50 code [0x0000013681fc5ca0, 0x0000013681fc5d88]
Event: 8471.393 Thread 0x0000013700062000 21382       3       ui.data.labtools.d.a::<init> (6 bytes)
Event: 8471.393 Thread 0x0000013700062000 nmethod 21382 0x0000013682493250 code [0x00000136824933e0, 0x0000013682493700]
Event: 8471.419 Thread 0x0000013700063800 21383   !   4       com.jidesoft.editor.folding.DefaultFoldingModel$b_::rebuild (429 bytes)

GC Heap History (10 events):
Event: 8389.433 GC heap before
{Heap before GC invocations=551 (full 8):
 PSYoungGen      total 54272K, used 52091K [0x00000007bc400000, 0x00000007c0000000, 0x00000007c0000000)
  eden space 47104K, 100% used [0x00000007bc400000,0x00000007bf200000,0x00000007bf200000)
  from space 7168K, 69% used [0x00000007bf900000,0x00000007bfdded90,0x00000007c0000000)
  to   space 7168K, 0% used [0x00000007bf200000,0x00000007bf200000,0x00000007bf900000)
 ParOldGen       total 148992K, used 97622K [0x0000000700000000, 0x0000000709180000, 0x00000007bc400000)
  object space 148992K, 65% used [0x0000000700000000,0x0000000705f55bd0,0x0000000709180000)
 Metaspace       used 70161K, capacity 70573K, committed 71296K, reserved 1110016K
  class space    used 9944K, capacity 10037K, committed 10112K, reserved 1048576K
Event: 8389.439 GC heap after
Heap after GC invocations=551 (full 8):
 PSYoungGen      total 54272K, used 4939K [0x00000007bc400000, 0x00000007c0000000, 0x00000007c0000000)
  eden space 47104K, 0% used [0x00000007bc400000,0x00000007bc400000,0x00000007bf200000)
  from space 7168K, 68% used [0x00000007bf200000,0x00000007bf6d2e20,0x00000007bf900000)
  to   space 7168K, 0% used [0x00000007bf900000,0x00000007bf900000,0x00000007c0000000)
 ParOldGen       total 148992K, used 97694K [0x0000000700000000, 0x0000000709180000, 0x00000007bc400000)
  object space 148992K, 65% used [0x0000000700000000,0x0000000705f67bd0,0x0000000709180000)
 Metaspace       used 70161K, capacity 70573K, committed 71296K, reserved 1110016K
  class space    used 9944K, capacity 10037K, committed 10112K, reserved 1048576K
}
Event: 8461.711 GC heap before
{Heap before GC invocations=552 (full 8):
 PSYoungGen      total 54272K, used 52043K [0x00000007bc400000, 0x00000007c0000000, 0x00000007c0000000)
  eden space 47104K, 100% used [0x00000007bc400000,0x00000007bf200000,0x00000007bf200000)
  from space 7168K, 68% used [0x00000007bf200000,0x00000007bf6d2e20,0x00000007bf900000)
  to   space 7168K, 0% used [0x00000007bf900000,0x00000007bf900000,0x00000007c0000000)
 ParOldGen       total 148992K, used 97694K [0x0000000700000000, 0x0000000709180000, 0x00000007bc400000)
  object space 148992K, 65% used [0x0000000700000000,0x0000000705f67bd0,0x0000000709180000)
 Metaspace       used 70183K, capacity 70637K, committed 71296K, reserved 1110016K
  class space    used 9948K, capacity 10037K, committed 10112K, reserved 1048576K
Event: 8461.747 GC heap after
Heap after GC invocations=552 (full 8):
 PSYoungGen      total 54272K, used 4951K [0x00000007bc400000, 0x00000007c0000000, 0x00000007c0000000)
  eden space 47104K, 0% used [0x00000007bc400000,0x00000007bc400000,0x00000007bf200000)
  from space 7168K, 69% used [0x00000007bf900000,0x00000007bfdd5cc8,0x00000007c0000000)
  to   space 7168K, 0% used [0x00000007bf200000,0x00000007bf200000,0x00000007bf900000)
 ParOldGen       total 148992K, used 97750K [0x0000000700000000, 0x0000000709180000, 0x00000007bc400000)
  object space 148992K, 65% used [0x0000000700000000,0x0000000705f75bd0,0x0000000709180000)
 Metaspace       used 70183K, capacity 70637K, committed 71296K, reserved 1110016K
  class space    used 9948K, capacity 10037K, committed 10112K, reserved 1048576K
}
Event: 8462.690 GC heap before
{Heap before GC invocations=553 (full 8):
 PSYoungGen      total 54272K, used 52055K [0x00000007bc400000, 0x00000007c0000000, 0x00000007c0000000)
  eden space 47104K, 100% used [0x00000007bc400000,0x00000007bf200000,0x00000007bf200000)
  from space 7168K, 69% used [0x00000007bf900000,0x00000007bfdd5cc8,0x00000007c0000000)
  to   space 7168K, 0% used [0x00000007bf200000,0x00000007bf200000,0x00000007bf900000)
 ParOldGen       total 148992K, used 97750K [0x0000000700000000, 0x0000000709180000, 0x00000007bc400000)
  object space 148992K, 65% used [0x0000000700000000,0x0000000705f75bd0,0x0000000709180000)
 Metaspace       used 70183K, capacity 70637K, committed 71296K, reserved 1110016K
  class space    used 9948K, capacity 10037K, committed 10112K, reserved 1048576K
Event: 8462.697 GC heap after
Heap after GC invocations=553 (full 8):
 PSYoungGen      total 54272K, used 4430K [0x00000007bc400000, 0x00000007c0000000, 0x00000007c0000000)
  eden space 47104K, 0% used [0x00000007bc400000,0x00000007bc400000,0x00000007bf200000)
  from space 7168K, 61% used [0x00000007bf200000,0x00000007bf653810,0x00000007bf900000)
  to   space 6656K, 0% used [0x00000007bf980000,0x00000007bf980000,0x00000007c0000000)
 ParOldGen       total 148992K, used 97790K [0x0000000700000000, 0x0000000709180000, 0x00000007bc400000)
  object space 148992K, 65% used [0x0000000700000000,0x0000000705f7fbd0,0x0000000709180000)
 Metaspace       used 70183K, capacity 70637K, committed 71296K, reserved 1110016K
  class space    used 9948K, capacity 10037K, committed 10112K, reserved 1048576K
}
Event: 8463.336 GC heap before
{Heap before GC invocations=554 (full 8):
 PSYoungGen      total 54272K, used 51534K [0x00000007bc400000, 0x00000007c0000000, 0x00000007c0000000)
  eden space 47104K, 100% used [0x00000007bc400000,0x00000007bf200000,0x00000007bf200000)
  from space 7168K, 61% used [0x00000007bf200000,0x00000007bf653810,0x00000007bf900000)
  to   space 6656K, 0% used [0x00000007bf980000,0x00000007bf980000,0x00000007c0000000)
 ParOldGen       total 148992K, used 97790K [0x0000000700000000, 0x0000000709180000, 0x00000007bc400000)
  object space 148992K, 65% used [0x0000000700000000,0x0000000705f7fbd0,0x0000000709180000)
 Metaspace       used 70183K, capacity 70637K, committed 71296K, reserved 1110016K
  class space    used 9948K, capacity 10037K, committed 10112K, reserved 1048576K
Event: 8463.343 GC heap after
Heap after GC invocations=554 (full 8):
 PSYoungGen      total 54784K, used 4588K [0x00000007bc400000, 0x00000007c0000000, 0x00000007c0000000)
  eden space 48128K, 0% used [0x00000007bc400000,0x00000007bc400000,0x00000007bf300000)
  from space 6656K, 68% used [0x00000007bf980000,0x00000007bfdfb0d0,0x00000007c0000000)
  to   space 6656K, 0% used [0x00000007bf300000,0x00000007bf300000,0x00000007bf980000)
 ParOldGen       total 148992K, used 97830K [0x0000000700000000, 0x0000000709180000, 0x00000007bc400000)
  object space 148992K, 65% used [0x0000000700000000,0x0000000705f89bd0,0x0000000709180000)
 Metaspace       used 70183K, capacity 70637K, committed 71296K, reserved 1110016K
  class space    used 9948K, capacity 10037K, committed 10112K, reserved 1048576K
}
Event: 8471.404 GC heap before
{Heap before GC invocations=555 (full 8):
 PSYoungGen      total 54784K, used 52716K [0x00000007bc400000, 0x00000007c0000000, 0x00000007c0000000)
  eden space 48128K, 100% used [0x00000007bc400000,0x00000007bf300000,0x00000007bf300000)
  from space 6656K, 68% used [0x00000007bf980000,0x00000007bfdfb0d0,0x00000007c0000000)
  to   space 6656K, 0% used [0x00000007bf300000,0x00000007bf300000,0x00000007bf980000)
 ParOldGen       total 148992K, used 97830K [0x0000000700000000, 0x0000000709180000, 0x00000007bc400000)
  object space 148992K, 65% used [0x0000000700000000,0x0000000705f89bd0,0x0000000709180000)
 Metaspace       used 70189K, capacity 70645K, committed 71296K, reserved 1110016K
  class space    used 9948K, capacity 10037K, committed 10112K, reserved 1048576K
Event: 8471.412 GC heap after
Heap after GC invocations=555 (full 8):
 PSYoungGen      total 54784K, used 5150K [0x00000007bc400000, 0x00000007c0000000, 0x00000007c0000000)
  eden space 48128K, 0% used [0x00000007bc400000,0x00000007bc400000,0x00000007bf300000)
  from space 6656K, 77% used [0x00000007bf300000,0x00000007bf807b88,0x00000007bf980000)
  to   space 6656K, 0% used [0x00000007bf980000,0x00000007bf980000,0x00000007c0000000)
 ParOldGen       total 148992K, used 97870K [0x0000000700000000, 0x0000000709180000, 0x00000007bc400000)
  object space 148992K, 65% used [0x0000000700000000,0x0000000705f93bd0,0x0000000709180000)
 Metaspace       used 70189K, capacity 70645K, committed 71296K, reserved 1110016K
  class space    used 9948K, capacity 10037K, committed 10112K, reserved 1048576K
}

Deoptimization events (10 events):
Event: 7681.824 Thread 0x0000013700dbb800 Uncommon trap: reason=unreached action=reinterpret pc=0x00000136804b9ba8 method=javax.swing.text.DefaultCaret.handleSetDot(ILjavax/swing/text/Position$Bias;)V @ 112
Event: 7682.712 Thread 0x0000013700dbb800 Uncommon trap: reason=unreached action=reinterpret pc=0x0000013682283a28 method=javax.swing.text.DefaultCaret.guessBiasForOffset(ILjavax/swing/text/Position$Bias;Z)Ljavax/swing/text/Position$Bias; @ 21
Event: 8006.032 Thread 0x0000013700dbb800 Uncommon trap: reason=unloaded action=reinterpret pc=0x00000136807c6dd4 method=javax.swing.text.PlainDocument.insertString(ILjava/lang/String;Ljavax/swing/text/AttributeSet;)V @ 40
Event: 8006.044 Thread 0x0000013700dbb800 Uncommon trap: reason=class_check action=maybe_recompile pc=0x0000013683a3b2a4 method=ui.frmwork.g.B.t(Ljavax/swing/JComponent;)V @ 114
Event: 8190.415 Thread 0x0000013700dbb800 Uncommon trap: reason=bimorphic action=maybe_recompile pc=0x000001368370b384 method=javax.swing.text.ParagraphView$Row.getViewIndexAtPosition(I)I @ 45
Event: 8190.415 Thread 0x0000013700dbb800 Uncommon trap: reason=bimorphic action=maybe_recompile pc=0x000001368370b384 method=javax.swing.text.ParagraphView$Row.getViewIndexAtPosition(I)I @ 45
Event: 8361.767 Thread 0x0000013700dbb800 Uncommon trap: reason=class_check action=maybe_recompile pc=0x0000013683a3b2a4 method=ui.frmwork.g.B.t(Ljavax/swing/JComponent;)V @ 114
Event: 8361.783 Thread 0x0000013700dbb800 Uncommon trap: reason=class_check action=maybe_recompile pc=0x0000013683a3b2a4 method=ui.frmwork.g.B.t(Ljavax/swing/JComponent;)V @ 114
Event: 8445.384 Thread 0x0000013700dbb800 Uncommon trap: reason=unreached action=reinterpret pc=0x0000013681f377fc method=javax.swing.JComponent.registerNextFocusableComponent(Ljava/awt/Component;)V @ 1
Event: 8461.678 Thread 0x0000013700dbb800 Uncommon trap: reason=unreached action=reinterpret pc=0x0000013680a37810 method=javax.swing.JComponent.deregisterNextFocusableComponent()V @ 6

Internal exceptions (10 events):
Event: 8283.166 Thread 0x0000013700dbb800 Exception <a 'java/io/FileNotFoundException'> (0x00000007bdfeecf8) thrown at [D:\re\workspace\8-2-build-windows-amd64-cygwin\jdk8u25\1677\hotspot\src\share\vm\prims\jni.cpp, line 716]
Event: 8288.182 Thread 0x0000013700dbb800 Exception <a 'java/io/FileNotFoundException'> (0x00000007befd4d70) thrown at [D:\re\workspace\8-2-build-windows-amd64-cygwin\jdk8u25\1677\hotspot\src\share\vm\prims\jni.cpp, line 716]
Event: 8293.197 Thread 0x0000013700dbb800 Exception <a 'java/io/FileNotFoundException'> (0x00000007bf287568) thrown at [D:\re\workspace\8-2-build-windows-amd64-cygwin\jdk8u25\1677\hotspot\src\share\vm\prims\jni.cpp, line 716]
Event: 8298.197 Thread 0x0000013700dbb800 Exception <a 'java/io/FileNotFoundException'> (0x00000007bc603098) thrown at [D:\re\workspace\8-2-build-windows-amd64-cygwin\jdk8u25\1677\hotspot\src\share\vm\prims\jni.cpp, line 716]
Event: 8303.197 Thread 0x0000013700dbb800 Exception <a 'java/io/FileNotFoundException'> (0x00000007bc854200) thrown at [D:\re\workspace\8-2-build-windows-amd64-cygwin\jdk8u25\1677\hotspot\src\share\vm\prims\jni.cpp, line 716]
Event: 8445.373 Thread 0x0000013700dbb800 Exception <a 'java/security/PrivilegedActionException'> (0x00000007bec86f88) thrown at [D:\re\workspace\8-2-build-windows-amd64-cygwin\jdk8u25\1677\hotspot\src\share\vm\prims\jvm.cpp, line 1312]
Event: 8445.381 Thread 0x0000013700dbb800 Exception <a 'java/security/PrivilegedActionException'> (0x00000007bec8f6e8) thrown at [D:\re\workspace\8-2-build-windows-amd64-cygwin\jdk8u25\1677\hotspot\src\share\vm\prims\jvm.cpp, line 1312]
Event: 8445.383 Thread 0x0000013700dbb800 Exception <a 'java/security/PrivilegedActionException'> (0x00000007bec95090) thrown at [D:\re\workspace\8-2-build-windows-amd64-cygwin\jdk8u25\1677\hotspot\src\share\vm\prims\jvm.cpp, line 1312]
Event: 8445.383 Thread 0x0000013700dbb800 Exception <a 'java/security/PrivilegedActionException'> (0x00000007bec99f60) thrown at [D:\re\workspace\8-2-build-windows-amd64-cygwin\jdk8u25\1677\hotspot\src\share\vm\prims\jvm.cpp, line 1312]
Event: 8445.388 Thread 0x0000013700dbb800 Exception <a 'java/security/PrivilegedActionException'> (0x00000007bec9e5c0) thrown at [D:\re\workspace\8-2-build-windows-amd64-cygwin\jdk8u25\1677\hotspot\src\share\vm\prims\jvm.cpp, line 1312]

Events (10 events):
Event: 8471.413 Executing VM operation: RevokeBias done
Event: 8471.417 Executing VM operation: RevokeBias
Event: 8471.417 Executing VM operation: RevokeBias done
Event: 8471.417 Executing VM operation: RevokeBias
Event: 8471.418 Executing VM operation: RevokeBias done
Event: 8471.418 Thread 0x00000137310b2800 Thread exited: 0x00000137310b2800
Event: 8471.419 Thread 0x0000013700dbb800 DEOPT PACKING pc=0x0000013680ec4a3e sp=0x00000031ef6f8bc0
Event: 8471.419 Thread 0x0000013700dbb800 DEOPT UNPACKING pc=0x00000136800475c7 sp=0x00000031ef6f8968 mode 0
Event: 8471.419 Executing VM operation: RevokeBias
Event: 8471.419 Executing VM operation: RevokeBias done


Dynamic libraries:
0x00007ff6a06d0000 - 0x00007ff6a070d000 	C:\Xilinx\Vivado\2015.2\bin\unwrapped\win64.o\vivado.exe
0x00007ffad9350000 - 0x00007ffad9530000 	C:\Windows\SYSTEM32\ntdll.dll
0x00007ffad6990000 - 0x00007ffad6a3e000 	C:\Windows\System32\KERNEL32.DLL
0x00007ffad5a20000 - 0x00007ffad5c86000 	C:\Windows\System32\KERNELBASE.dll
0x00007ffad19a0000 - 0x00007ffad19b3000 	C:\Xilinx\Vivado\2015.2\lib\win64.o\libboost_signals.dll
0x00007ffab4ba0000 - 0x00007ffab54e3000 	C:\Xilinx\Vivado\2015.2\lib\win64.o\librdi_common.dll
0x00007ffad0bc0000 - 0x00007ffad0c67000 	C:\Windows\SYSTEM32\MSVCP110.dll
0x00007ffac4220000 - 0x00007ffac42f4000 	C:\Windows\SYSTEM32\MSVCR110.dll
0x00007ffad9100000 - 0x00007ffad9108000 	C:\Windows\System32\PSAPI.DLL
0x00007ffad76a0000 - 0x00007ffad8ad8000 	C:\Windows\System32\SHELL32.dll
0x00007ffad7280000 - 0x00007ffad731d000 	C:\Windows\System32\msvcrt.dll
0x00007ffad5ee0000 - 0x00007ffad5f2a000 	C:\Windows\System32\cfgmgr32.dll
0x00007ffacff80000 - 0x00007ffacff91000 	C:\Xilinx\Vivado\2015.2\lib\win64.o\librdi_commonmain.dll
0x00007ffad5c90000 - 0x00007ffad5d84000 	C:\Windows\System32\ucrtbase.dll
0x00007ffad73d0000 - 0x00007ffad7476000 	C:\Windows\System32\shcore.dll
0x00007ffad7160000 - 0x00007ffad727f000 	C:\Windows\System32\RPCRT4.dll
0x00007ffad8c50000 - 0x00007ffad8f56000 	C:\Windows\System32\combase.dll
0x00007ffab7b50000 - 0x00007ffab7df8000 	C:\Xilinx\Vivado\2015.2\lib\win64.o\libCOIN-all.dll
0x00007ffad59a0000 - 0x00007ffad5a12000 	C:\Windows\System32\bcryptPrimitives.dll
0x00007ffad60d0000 - 0x00007ffad6817000 	C:\Windows\System32\windows.storage.dll
0x00007ffad7320000 - 0x00007ffad73c1000 	C:\Windows\System32\advapi32.dll
0x00007ffad8bf0000 - 0x00007ffad8c4b000 	C:\Windows\System32\sechost.dll
0x00007ffab76a0000 - 0x00007ffab78c0000 	C:\Xilinx\Vivado\2015.2\lib\win64.o\libXil_lmgr11.dll
0x00007ffad6b80000 - 0x00007ffad6d0f000 	C:\Windows\System32\USER32.dll
0x00007ffad5920000 - 0x00007ffad5940000 	C:\Windows\System32\win32u.dll
0x00007ffad6b20000 - 0x00007ffad6b71000 	C:\Windows\System32\shlwapi.dll
0x00007ffad9110000 - 0x00007ffad9138000 	C:\Windows\System32\GDI32.dll
0x00007ffad56a0000 - 0x00007ffad56b1000 	C:\Windows\System32\kernel.appcore.dll
0x00007ffad5f30000 - 0x00007ffad60c3000 	C:\Windows\System32\gdi32full.dll
0x00007ffad5700000 - 0x00007ffad574c000 	C:\Windows\System32\powrprof.dll
0x00007ffad5d90000 - 0x00007ffad5e2b000 	C:\Windows\System32\msvcp_win.dll
0x00007ffad56c0000 - 0x00007ffad56db000 	C:\Windows\System32\profapi.dll
0x00007ffad8f60000 - 0x00007ffad906a000 	C:\Windows\System32\COMDLG32.dll
0x00007ffad1990000 - 0x00007ffad19a0000 	C:\Xilinx\Vivado\2015.2\lib\win64.o\libboost_date_time.dll
0x00007ffad6a50000 - 0x00007ffad6b14000 	C:\Windows\System32\OLEAUT32.dll
0x00007ffad91d0000 - 0x00007ffad9319000 	C:\Windows\System32\ole32.dll
0x00007fface740000 - 0x00007fface762000 	C:\Xilinx\Vivado\2015.2\lib\win64.o\libboost_filesystem.dll
0x00007ffad5940000 - 0x00007ffad5999000 	C:\Windows\System32\WINTRUST.dll
0x00007ffad56e0000 - 0x00007ffad56f2000 	C:\Windows\System32\MSASN1.dll
0x00007ffad5750000 - 0x00007ffad591e000 	C:\Windows\System32\CRYPT32.dll
0x00007ffac9010000 - 0x00007ffac9084000 	C:\Xilinx\Vivado\2015.2\lib\win64.o\libboost_program_options.dll
0x00007ffac8f10000 - 0x00007ffac900a000 	C:\Xilinx\Vivado\2015.2\lib\win64.o\libboost_regex.dll
0x00007ffacff30000 - 0x00007ffacff4d000 	C:\Xilinx\Vivado\2015.2\lib\win64.o\libboost_thread.dll
0x00007ffac4d80000 - 0x00007ffac4e00000 	C:\Xilinx\Vivado\2015.2\lib\win64.o\libhdlpsolve.dll
0x00007ffad0d20000 - 0x00007ffad0d29000 	C:\Xilinx\Vivado\2015.2\lib\win64.o\libboost_system.dll
0x000000000a900000 - 0x000000000a98d000 	C:\Xilinx\Vivado\2015.2\lib\win64.o\SHSMP64.dll
0x00007ffac4ce0000 - 0x00007ffac4d7a000 	C:\Xilinx\Vivado\2015.2\lib\win64.o\libhdxml.dll
0x00007fface550000 - 0x00007fface573000 	C:\Xilinx\Vivado\2015.2\lib\win64.o\libisl_iosutils.dll
0x00007ffab68a0000 - 0x00007ffab6eaa200 	C:\Xilinx\Vivado\2015.2\lib\win64.o\libisl_iostreams.dll
0x00007ffacdef0000 - 0x00007ffacdf1a000 	C:\Xilinx\Vivado\2015.2\lib\win64.o\libisl_sysinfo.dll
0x00007ffad8ae0000 - 0x00007ffad8b4c000 	C:\Windows\System32\WS2_32.dll
0x00007ffac8420000 - 0x00007ffac8474000 	C:\Xilinx\Vivado\2015.2\lib\win64.o\librdi_commonxillic.dll
0x00007ffab94b0000 - 0x00007ffab95e0000 	C:\Xilinx\Vivado\2015.2\lib\win64.o\librdi_curl.dll
0x00007ffacf0d0000 - 0x00007ffacf0e8000 	C:\Xilinx\Vivado\2015.2\lib\win64.o\librdiconfig.dll
0x0000000074d10000 - 0x000000007556a000 	C:\Xilinx\Vivado\2015.2\tps\win64\jre\bin\server\jvm.dll
0x00007ffaca9d0000 - 0x00007ffaca9f3000 	C:\Xilinx\Vivado\2015.2\lib\win64.o\librdizlib.dll
0x0000000074be0000 - 0x0000000074d07000 	C:\Xilinx\Vivado\2015.2\lib\win64.o\tcl85t.dll
0x00007ffac9170000 - 0x00007ffac9612000 	C:\Windows\SYSTEM32\WININET.dll
0x00007ffacef20000 - 0x00007ffaceffe000 	C:\Windows\SYSTEM32\WINHTTP.dll
0x00007ffaced50000 - 0x00007ffacef19000 	C:\Windows\SYSTEM32\urlmon.dll
0x00007ffad7480000 - 0x00007ffad749d000 	C:\Windows\System32\imagehlp.dll
0x0000000012000000 - 0x0000000012263000 	C:\Xilinx\Vivado\2015.2\lib\win64.o\xerces-c_3_1.dll
0x00007ffad0bb0000 - 0x00007ffad0bb9000 	C:\Xilinx\Vivado\2015.2\lib\win64.o\librdi_commonversion.dll
0x00007ffad0180000 - 0x00007ffad0189000 	C:\Windows\SYSTEM32\WSOCK32.dll
0x00007ffaca2a0000 - 0x00007ffaca2c3000 	C:\Windows\SYSTEM32\VCOMP110.DLL
0x00007ffac40a0000 - 0x00007ffac40b7000 	C:\Windows\SYSTEM32\NETAPI32.dll
0x00007ffac4300000 - 0x00007ffac43a6000 	C:\Windows\WinSxS\amd64_microsoft.windows.common-controls_6595b64144ccf1df_5.82.16299.1237_none_f7321f5fa4a56cdf\COMCTL32.dll
0x00007ffacff60000 - 0x00007ffacff6b000 	C:\Xilinx\Vivado\2015.2\lib\win64.o\libboost_chrono.dll
0x00007ffac9120000 - 0x00007ffac912a000 	C:\Windows\SYSTEM32\VERSION.dll
0x00007fface690000 - 0x00007fface6a6000 	C:\Xilinx\Vivado\2015.2\lib\win64.o\libboost_iostreams.dll
0x00007ffad36d0000 - 0x00007ffad36f3000 	C:\Windows\SYSTEM32\WINMM.dll
0x0000000074b00000 - 0x0000000074bd2000 	C:\Windows\SYSTEM32\MSVCR100.dll
0x00007ffaceab0000 - 0x00007ffaced50000 	C:\Windows\SYSTEM32\iertutil.dll
0x00007ffad3670000 - 0x00007ffad369a000 	C:\Windows\SYSTEM32\WINMMBASE.dll
0x00007ffad50b0000 - 0x00007ffad50bb000 	C:\Windows\SYSTEM32\CRYPTBASE.DLL
0x00007fface4e0000 - 0x00007fface4f5000 	C:\Xilinx\Vivado\2015.2\lib\win64.o\pthreadVC2.dll
0x00007ffad90d0000 - 0x00007ffad90fd000 	C:\Windows\System32\IMM32.DLL
0x00007ffab4790000 - 0x00007ffab4b9a000 	C:\Xilinx\Vivado\2015.2\lib\win64.o\librdi_commontasks.dll
0x00007ffab3f80000 - 0x00007ffab4790000 	C:\Xilinx\Vivado\2015.2\lib\win64.o\libXil_lmgr11FNP.dll
0x00007ffad6d10000 - 0x00007ffad715e000 	C:\Windows\System32\SETUPAPI.dll
0x00007ffad4c60000 - 0x00007ffad4c99000 	C:\Windows\SYSTEM32\iphlpapi.dll
0x00007ffac7eb0000 - 0x00007ffac7ebc000 	C:\Windows\SYSTEM32\snmpapi.dll
0x00007ffac4a90000 - 0x00007ffac4afe000 	C:\Windows\SYSTEM32\OLEACC.dll
0x00007ffaca820000 - 0x00007ffaca8a6000 	C:\Windows\SYSTEM32\WINSPOOL.DRV
0x00007ffad51a0000 - 0x00007ffad51c5000 	C:\Windows\SYSTEM32\bcrypt.dll
0x00007ffad5090000 - 0x00007ffad50a7000 	C:\Windows\SYSTEM32\CRYPTSP.dll
0x00007ffad4ad0000 - 0x00007ffad4b03000 	C:\Windows\system32\rsaenh.dll
0x00007ffad55d0000 - 0x00007ffad5600000 	C:\Windows\SYSTEM32\SspiCli.dll
0x00007ffad5450000 - 0x00007ffad5477000 	C:\Windows\SYSTEM32\DEVOBJ.dll
0x00007ffad3a40000 - 0x00007ffad3ad5000 	C:\Windows\system32\uxtheme.dll
0x00007ffac46e0000 - 0x00007ffac46f6000 	C:\Windows\system32\napinsp.dll
0x00007ffac4ef0000 - 0x00007ffac4f99000 	C:\Program Files\Common Files\microsoft shared\ink\tiptsf.dll
0x00007ffad2170000 - 0x00007ffad2188000 	C:\Windows\system32\NLAapi.dll
0x00007ffad4ed0000 - 0x00007ffad4f36000 	C:\Windows\System32\mswsock.dll
0x00007ffad4ca0000 - 0x00007ffad4d57000 	C:\Windows\SYSTEM32\DNSAPI.dll
0x00007ffad6a40000 - 0x00007ffad6a48000 	C:\Windows\System32\NSI.dll
0x00007ffac4700000 - 0x00007ffac470e000 	C:\Windows\System32\winrnr.dll
0x00007ffad8b50000 - 0x00007ffad8bee000 	C:\Windows\System32\clbcatq.dll
0x00007ffacf150000 - 0x00007ffacf1c0000 	C:\Windows\System32\fwpuclnt.dll
0x00007ffaca380000 - 0x00007ffaca38a000 	C:\Windows\system32\wshqos.dll
0x00007ffaca370000 - 0x00007ffaca378000 	C:\Windows\SYSTEM32\wshtcpip.DLL
0x00007ffaca360000 - 0x00007ffaca368000 	C:\Windows\SYSTEM32\wship6.dll
0x00007ffab39e0000 - 0x00007ffab3f7b000 	C:\Xilinx\Vivado\2015.2\lib\win64.o\librdi_coretasks.dll
0x00007ffab3820000 - 0x00007ffab39de000 	C:\Xilinx\Vivado\2015.2\lib\win64.o\librdi_chipscope.dll
0x00007ffab7310000 - 0x00007ffab744a000 	C:\Xilinx\Vivado\2015.2\lib\win64.o\librdi_board.dll
0x00007ffab2710000 - 0x00007ffab381b000 	C:\Xilinx\Vivado\2015.2\lib\win64.o\librdi_constraints.dll
0x00007ffab0f20000 - 0x00007ffab2710000 	C:\Xilinx\Vivado\2015.2\lib\win64.o\librdi_coregen.dll
0x00007ffaad890000 - 0x00007ffab0f15000 	C:\Xilinx\Vivado\2015.2\lib\win64.o\librdi_designutils.dll
0x00007ffaa6d90000 - 0x00007ffaad88f000 	C:\Xilinx\Vivado\2015.2\lib\win64.o\librdi_device.dll
0x00007ffaa68f0000 - 0x00007ffaa6d83000 	C:\Xilinx\Vivado\2015.2\lib\win64.o\librdi_drc.dll
0x00007ffaa65c0000 - 0x00007ffaa68ed000 	C:\Xilinx\Vivado\2015.2\lib\win64.o\librdi_filemgmt.dll
0x00007ffaa6190000 - 0x00007ffaa65b2000 	C:\Xilinx\Vivado\2015.2\lib\win64.o\librdi_netlist.dll
0x00007ffaa5ca0000 - 0x00007ffaa6181000 	C:\Xilinx\Vivado\2015.2\lib\win64.o\librdi_power.dll
0x00007ffaa58a0000 - 0x00007ffaa5c9b000 	C:\Xilinx\Vivado\2015.2\lib\win64.o\librdi_project.dll
0x00007ffac8ec0000 - 0x00007ffac8f0d000 	C:\Xilinx\Vivado\2015.2\lib\win64.o\librdi_projectbase.dll
0x00007ffaa5410000 - 0x00007ffaa58a0000 	C:\Xilinx\Vivado\2015.2\lib\win64.o\librdi_psta.dll
0x00007ffaa4fe0000 - 0x00007ffaa5408000 	C:\Xilinx\Vivado\2015.2\lib\win64.o\librdi_rsb.dll
0x00007ffaa4d80000 - 0x00007ffaa4fd6000 	C:\Xilinx\Vivado\2015.2\lib\win64.o\librdi_runs.dll
0x00007ffac4c80000 - 0x00007ffac4cd9000 	C:\Xilinx\Vivado\2015.2\lib\win64.o\librdi_runsbase.dll
0x00007ffac49a0000 - 0x00007ffac4a03000 	C:\Xilinx\Vivado\2015.2\lib\win64.o\liblmx6.0.dll
0x00007ffaa4470000 - 0x00007ffaa4d7e000 	C:\Xilinx\Vivado\2015.2\lib\win64.o\librdi_timing.dll
0x00007ffac0340000 - 0x00007ffac039d000 	C:\Xilinx\Vivado\2015.2\lib\win64.o\librdi_boarddep.dll
0x00007ffaa3db0000 - 0x00007ffaa4469000 	C:\Xilinx\Vivado\2015.2\lib\win64.o\librdi_coregenipxact.dll
0x00007ffaa35a0000 - 0x00007ffaa3dad000 	C:\Xilinx\Vivado\2015.2\lib\win64.o\libverific.dll
0x00007ffac41d0000 - 0x00007ffac4217000 	C:\Xilinx\Vivado\2015.2\lib\win64.o\libboost_serialization.dll
0x00007ffaa3370000 - 0x00007ffaa3593000 	C:\Xilinx\Vivado\2015.2\lib\win64.o\librdi_bitstream.dll
0x00007ffaa2e30000 - 0x00007ffaa3370000 	C:\Xilinx\Vivado\2015.2\lib\win64.o\librdi_xdm.dll
0x00007ffaa2550000 - 0x00007ffaa2e2b000 	C:\Xilinx\Vivado\2015.2\lib\win64.o\librdi_mig.dll

VM Arguments:
jvm_args: -Dsun.java2d.pmoffscreen=false -Dsun.java2d.d3d=false -Dsun.awt.nopixfmt=true -Xverify:none -Dswing.aatext=true -XX:-UsePerfData -Djdk.map.althashing.threshold=512 -XX:StringTableSize=4072 -Djava.util.Arrays.useLegacyMergeSort=true -XX:NewSize=60m -XX:MaxNewSize=60m -Xms128m -Xmx3072m -Xss5m 
java_command: <unknown>
java_class_path (initial): C:/Xilinx/Vivado/2015.2\lib\classes\alloy.jar;C:/Xilinx/Vivado/2015.2\lib\classes\antlr-2.7.7.jar;C:/Xilinx/Vivado/2015.2\lib\classes\batik-anim.jar;C:/Xilinx/Vivado/2015.2\lib\classes\batik-awt-util.jar;C:/Xilinx/Vivado/2015.2\lib\classes\batik-bridge.jar;C:/Xilinx/Vivado/2015.2\lib\classes\batik-codec.jar;C:/Xilinx/Vivado/2015.2\lib\classes\batik-css.jar;C:/Xilinx/Vivado/2015.2\lib\classes\batik-dom.jar;C:/Xilinx/Vivado/2015.2\lib\classes\batik-ext.jar;C:/Xilinx/Vivado/2015.2\lib\classes\batik-gui-util.jar;C:/Xilinx/Vivado/2015.2\lib\classes\batik-gvt.jar;C:/Xilinx/Vivado/2015.2\lib\classes\batik-parser.jar;C:/Xilinx/Vivado/2015.2\lib\classes\batik-script.jar;C:/Xilinx/Vivado/2015.2\lib\classes\batik-svg-dom.jar;C:/Xilinx/Vivado/2015.2\lib\classes\batik-swing.jar;C:/Xilinx/Vivado/2015.2\lib\classes\batik-transcoder.jar;C:/Xilinx/Vivado/2015.2\lib\classes\batik-util.jar;C:/Xilinx/Vivado/2015.2\lib\classes\batik-xml.jar;C:/Xilinx/Vivado/2015.2\lib\classes\commons-logging.jar;C:/Xilinx/Vivado/2015.2\lib\classes\commons-math-2.2.jar;C:/Xilinx/Vivado/2015.2\lib\classes\dom4j-1.6.1.jar;C:/Xilinx/Vivado/2015.2\lib\classes\forms.jar;C:/Xilinx/Vivado/2015.2\lib\classes\guava-15.0.jar;C:/Xilinx/Vivado/2015.2\lib\classes\hsqldb.jar;C:/Xilinx/Vivado/2015.2\lib\classes\jdom.jar;C:/Xilinx/Vivado/2015.2\lib\classes\jide-action.jar;C:/Xilinx/Vivado/2015.2\lib\classes\jide-charts.jar;C:/Xilinx/Vivado/2015.2\lib\classes\jide-common.jar;C:/Xilinx/Vivado/2015.2\lib\classes\jide-components.jar;C:/Xilinx/Vivado/2015.2\lib\classes\jide-dashboard.jar;C:/Xilinx/Vivado/2015.2\lib\classes\jide-data.jar;C:/Xilinx/Vivado/2015.2\lib\classes\jide-dialogs.jar;C:/Xilinx/Vivado/2015.2\lib\classes\jide-diff.jar;C:/Xilinx/Vivado/2015.2\lib\classes\jide-dock.jar;C:/Xilinx/Vivado/2015.2\lib\classes\jide-editor.jar;C:/Xilinx/Vivado/2015.2\lib\classes\jide-gantt.jar;C:/Xilinx/Vivado/2015.2\lib\classes\jide-grids.jar;C:/Xilinx/Vivado/2015.2\lib\classes\jide-pivot.jar;C:/Xilin
Launcher Type: generic

Environment Variables:
PATH=C:/Xilinx/Vivado/2015.2/bin;C:/Xilinx/Vivado/2015.2/lib/win64.o;C:/Xilinx/Vivado/2015.2/tps/win64/jre/bin/server;C:/Xilinx/Vivado/2015.2/tps/win64/jre/bin;C:/Xilinx/SDK/2015.2/bin;C:/Xilinx/Vivado/2015.2/ids_lite/ISE/bin/nt64;C:/Xilinx/Vivado/2015.2/ids_lite/ISE/lib/nt64;C:/Xilinx/Vivado_HLS/2015.2/bin;C:\Program Files (x86)\Parallels\Parallels Tools\Applications;C:\Windows\system32;C:\Windows;C:\Windows\System32\Wbem;C:\Windows\System32\WindowsPowerShell\v1.0\;C:\MinGW\bin;C:\Program Files\PuTTY\;C:\Users\mac\AppData\Local\Microsoft\WindowsApps
USERNAME=mac
OS=Windows_NT
PROCESSOR_IDENTIFIER=Intel64 Family 6 Model 158 Stepping 13, GenuineIntel



---------------  S Y S T E M  ---------------

OS: Windows 8 , 64 bit Build 9200 

CPU:total 2 (2 cores per cpu, 1 threads per core) family 6 model 158 stepping 13, cmov, cx8, fxsr, mmx, sse, sse2, sse3, ssse3, sse4.1, sse4.2, popcnt, avx, avx2, aes, clmul, erms, lzcnt, tsc, bmi1, bmi2

Memory: 4k page, physical 2073932k(789980k free), swap 5481804k(2606036k free)

vm_info: Java HotSpot(TM) 64-Bit Server VM (25.25-b02) for windows-amd64 JRE (1.8.0_25-b18), built on Oct  7 2014 14:25:37 by "java_re" with MS VC++ 10.0 (VS2010)

time: Wed Nov 24 00:05:52 2021
elapsed time: 8471 seconds (0d 2h 21m 11s)

