#
# A fatal error has been detected by the Java Runtime Environment:
#
#  EXCEPTION_ACCESS_VIOLATION (0xc0000005) at pc=0x00007ffa9d21a460, pid=1256, tid=5744
#
# JRE version: Java(TM) SE Runtime Environment (8.0_25-b18) (build 1.8.0_25-b18)
# Java VM: Java HotSpot(TM) 64-Bit Server VM (25.25-b02 mixed mode windows-amd64 compressed oops)
# Problematic frame:
# C  0x00007ffa9d21a460
#
# Failed to write core dump. Minidumps are not enabled by default on client versions of Windows
#
# If you would like to submit a bug report, please visit:
#   http://bugreport.sun.com/bugreport/crash.jsp
# The crash happened outside the Java Virtual Machine in native code.
# See problematic frame for where to report the bug.
#

---------------  T H R E A D  ---------------

Current thread (0x000002114c4d0800):  JavaThread "AWT-EventQueue-1" [_thread_in_native, id=5744, stack(0x0000005770200000,0x0000005770700000)]

siginfo: ExceptionCode=0xc0000005, reading address 0xffffffffffffffff

Registers:
RAX=0x0000487d78aa1cb3, RBX=0x00000000000015e0, RCX=0x0055aaffaa550000, RDX=0x00000057706fb800
RSP=0x00000057706fb6b8, RBP=0x00000057706fb810, RSI=0x00000007bec0db80, RDI=0x000002116e0f56e0
R8 =0x000002116e0f56e0, R9 =0x000000000000000a, R10=0x00007ffaa005e890, R11=0x0000021158c30000
R12=0x0000000000000000, R13=0x00000007014e8fd8, R14=0x00000057706fb800, R15=0x000002114c4d0800
RIP=0x00007ffa9d21a460, EFLAGS=0x0000000000010206

Top of Stack: (sp=0x00000057706fb6b8)
0x00000057706fb6b8:   00007ffa9ff2c03b 0000000000000000
0x00000057706fb6c8:   000002114da2206c 00000007bec0dbb8
0x00000057706fb6d8:   00000007bc621248 00000000000015e0
0x00000057706fb6e8:   00007ffaa005e8bf 0000000701f4eb40
0x00000057706fb6f8:   0000000701a2c910 0000000000000000
0x00000057706fb708:   0000000000000001 000002114c4d09e8
0x00000057706fb718:   000002114e36efd4 fffffffffffffffe
0x00000057706fb728:   e03e9d52e002d31d 0000000000000001
0x00000057706fb738:   00000057706fb7f8 0000000701f4eb90
0x00000057706fb748:   000002114d8d9540 00000007bec0fd40
0x00000057706fb758:   0000000701a2c910 00000007bc621248
0x00000057706fb768:   0000000100000000 00000007bec0dbb8
0x00000057706fb778:   0000000000000000 00000007bec0db80
0x00000057706fb788:   000002114ee1dad4 0000000200000000
0x00000057706fb798:   0000487d78aa1cb3 00000007bc61cf90
0x00000057706fb7a8:   000002114e63821a 0000000000000000 

Instructions: (pc=0x00007ffa9d21a460)
0x00007ffa9d21a440:   00 00 00 c6 43 20 00 48 83 c4 20 5b c3 cc cc cc
0x00007ffa9d21a450:   0f b6 41 67 c3 cc cc cc cc cc cc cc cc cc cc cc
0x00007ffa9d21a460:   0f b6 41 66 c3 cc cc cc cc cc cc cc cc cc cc cc
0x00007ffa9d21a470:   48 8d 05 e9 c5 0d 00 c3 cc cc cc cc cc cc cc cc 


Register to memory mapping:

RAX=0x0000487d78aa1cb3 is an unknown value
RBX=0x00000000000015e0 is an unknown value
RCX=0x0055aaffaa550000 is an unknown value
RDX=0x00000057706fb800 is pointing into the stack for thread: 0x000002114c4d0800
RSP=0x00000057706fb6b8 is pointing into the stack for thread: 0x000002114c4d0800
RBP=0x00000057706fb810 is pointing into the stack for thread: 0x000002114c4d0800
RSI=0x00000007bec0db80 is an oop
ui.views.b.m.d.d 
 - klass: 'ui/views/b/m/d/d'
RDI=0x000002116e0f56e0 is an unknown value
R8 =0x000002116e0f56e0 is an unknown value
R9 =0x000000000000000a is an unknown value
R10=0x00007ffaa005e890 is an unknown value
R11=0x0000021158c30000 is an unknown value
R12=0x0000000000000000 is an unknown value
R13=0x00000007014e8fd8 is an oop
ui.views.J.W 
 - klass: 'ui/views/J/W'
R14=0x00000057706fb800 is pointing into the stack for thread: 0x000002114c4d0800
R15=0x000002114c4d0800 is a thread


Stack: [0x0000005770200000,0x0000005770700000],  sp=0x00000057706fb6b8,  free space=5101k
Native frames: (J=compiled Java code, j=interpreted, Vv=VM code, C=native code)
C  0x00007ffa9d21a460

Java frames: (J=compiled Java code, j=interpreted, Vv=VM code)
J 14009  ui.data.labtools.lthwdatai.HWDevice_isXicomCfgMemSupported(J)Z (0 bytes) @ 0x000002114e638181 [0x000002114e638140+0x41]
J 11778 C1 ui.views.b.m.d.a.aY()Z (44 bytes) @ 0x000002114edc072c [0x000002114edc0180+0x5ac]
J 11777 C1 ui.views.b.m.d.d.l(Lui/views/J/e;)Z (5 bytes) @ 0x000002114d3b3074 [0x000002114d3b2f80+0xf4]
J 10155 C2 ui.views.J.n.k(Lui/views/J/W;)Z (51 bytes) @ 0x000002114edf2348 [0x000002114edf2080+0x2c8]
J 9294 C2 ui.views.J.j.getTreeCellRendererComponent(Ljavax/swing/JTree;Ljava/lang/Object;ZZZIZ)Ljava/awt/Component; (433 bytes) @ 0x000002114e8436a8 [0x000002114e842200+0x14a8]
J 15368 C2 javax.swing.plaf.basic.BasicTreeUI.paintRow(Ljava/awt/Graphics;Ljava/awt/Rectangle;Ljava/awt/Insets;Ljava/awt/Rectangle;Ljavax/swing/tree/TreePath;IZZZ)V (122 bytes) @ 0x000002114fa035e4 [0x000002114fa03260+0x384]
J 15027 C2 ui.views.J.D.paintRow(Ljava/awt/Graphics;Ljava/awt/Rectangle;Ljava/awt/Insets;Ljava/awt/Rectangle;Ljavax/swing/tree/TreePath;IZZZ)V (240 bytes) @ 0x000002114fbba0f0 [0x000002114fbb92c0+0xe30]
J 15212 C2 javax.swing.plaf.basic.BasicTreeUI.paint(Ljava/awt/Graphics;Ljavax/swing/JComponent;)V (483 bytes) @ 0x000002114fc88530 [0x000002114fc87360+0x11d0]
J 9601 C1 ui.g.i.v.a.a.paint(Ljava/awt/Graphics;Ljavax/swing/JComponent;)V (162 bytes) @ 0x000002114dbe1c84 [0x000002114dbe19a0+0x2e4]
J 9600 C1 ui.g.i.v.a.a.update(Ljava/awt/Graphics;Ljavax/swing/JComponent;)V (157 bytes) @ 0x000002114dcf1e2c [0x000002114dcefbc0+0x226c]
J 8527 C2 javax.swing.JComponent.paintComponent(Ljava/awt/Graphics;)V (44 bytes) @ 0x000002114dcdae30 [0x000002114dcdac20+0x210]
J 11232 C2 javax.swing.JComponent.paint(Ljava/awt/Graphics;)V (409 bytes) @ 0x000002114f1ac784 [0x000002114f1abf00+0x884]
J 9187 C2 javax.swing.JComponent.paintChildren(Ljava/awt/Graphics;)V (669 bytes) @ 0x000002114eb41210 [0x000002114eb40d80+0x490]
J 11232 C2 javax.swing.JComponent.paint(Ljava/awt/Graphics;)V (409 bytes) @ 0x000002114f1ac7c4 [0x000002114f1abf00+0x8c4]
J 9187 C2 javax.swing.JComponent.paintChildren(Ljava/awt/Graphics;)V (669 bytes) @ 0x000002114eb41210 [0x000002114eb40d80+0x490]
J 11232 C2 javax.swing.JComponent.paint(Ljava/awt/Graphics;)V (409 bytes) @ 0x000002114f1ac7c4 [0x000002114f1abf00+0x8c4]
J 10130 C1 javax.swing.JViewport.paint(Ljava/awt/Graphics;)V (648 bytes) @ 0x000002114edd08cc [0x000002114edcece0+0x1bec]
J 9187 C2 javax.swing.JComponent.paintChildren(Ljava/awt/Graphics;)V (669 bytes) @ 0x000002114eb41210 [0x000002114eb40d80+0x490]
J 11232 C2 javax.swing.JComponent.paint(Ljava/awt/Graphics;)V (409 bytes) @ 0x000002114f1ac7c4 [0x000002114f1abf00+0x8c4]
J 9187 C2 javax.swing.JComponent.paintChildren(Ljava/awt/Graphics;)V (669 bytes) @ 0x000002114eb41210 [0x000002114eb40d80+0x490]
J 11232 C2 javax.swing.JComponent.paint(Ljava/awt/Graphics;)V (409 bytes) @ 0x000002114f1ac7c4 [0x000002114f1abf00+0x8c4]
J 9187 C2 javax.swing.JComponent.paintChildren(Ljava/awt/Graphics;)V (669 bytes) @ 0x000002114eb41210 [0x000002114eb40d80+0x490]
J 11232 C2 javax.swing.JComponent.paint(Ljava/awt/Graphics;)V (409 bytes) @ 0x000002114f1ac7c4 [0x000002114f1abf00+0x8c4]
J 9187 C2 javax.swing.JComponent.paintChildren(Ljava/awt/Graphics;)V (669 bytes) @ 0x000002114eb41210 [0x000002114eb40d80+0x490]
J 11232 C2 javax.swing.JComponent.paint(Ljava/awt/Graphics;)V (409 bytes) @ 0x000002114f1ac7c4 [0x000002114f1abf00+0x8c4]
J 9187 C2 javax.swing.JComponent.paintChildren(Ljava/awt/Graphics;)V (669 bytes) @ 0x000002114eb41210 [0x000002114eb40d80+0x490]
J 11232 C2 javax.swing.JComponent.paint(Ljava/awt/Graphics;)V (409 bytes) @ 0x000002114f1ac7c4 [0x000002114f1abf00+0x8c4]
J 9187 C2 javax.swing.JComponent.paintChildren(Ljava/awt/Graphics;)V (669 bytes) @ 0x000002114eb41210 [0x000002114eb40d80+0x490]
J 11232 C2 javax.swing.JComponent.paint(Ljava/awt/Graphics;)V (409 bytes) @ 0x000002114f1ac7c4 [0x000002114f1abf00+0x8c4]
J 9187 C2 javax.swing.JComponent.paintChildren(Ljava/awt/Graphics;)V (669 bytes) @ 0x000002114eb41210 [0x000002114eb40d80+0x490]
J 11232 C2 javax.swing.JComponent.paint(Ljava/awt/Graphics;)V (409 bytes) @ 0x000002114f1ac7c4 [0x000002114f1abf00+0x8c4]
J 9187 C2 javax.swing.JComponent.paintChildren(Ljava/awt/Graphics;)V (669 bytes) @ 0x000002114eb41210 [0x000002114eb40d80+0x490]
J 11232 C2 javax.swing.JComponent.paint(Ljava/awt/Graphics;)V (409 bytes) @ 0x000002114f1ac7c4 [0x000002114f1abf00+0x8c4]
J 12341 C2 javax.swing.RepaintManager$PaintManager.paintDoubleBuffered(Ljavax/swing/JComponent;Ljava/awt/Image;Ljava/awt/Graphics;IIII)V (294 bytes) @ 0x000002114f45f31c [0x000002114f45ed00+0x61c]
J 13178 C2 javax.swing.JComponent._paintImmediately(IIII)V (891 bytes) @ 0x000002114dec4194 [0x000002114dec3300+0xe94]
J 12334 C2 javax.swing.JComponent.paintImmediately(IIII)V (155 bytes) @ 0x000002114eb3c47c [0x000002114eb3c220+0x25c]
J 11984 C2 javax.swing.RepaintManager$4.run()Ljava/lang/Object; (5 bytes) @ 0x000002114e4a71fc [0x000002114e4a7000+0x1fc]
v  ~StubRoutines::call_stub
J 1579  java.security.AccessController.doPrivileged(Ljava/security/PrivilegedAction;Ljava/security/AccessControlContext;)Ljava/lang/Object; (0 bytes) @ 0x000002114d5f03a6 [0x000002114d5f0340+0x66]
J 12001 C2 javax.swing.RepaintManager.paintDirtyRegions(Ljava/util/Map;)V (196 bytes) @ 0x000002114f372e7c [0x000002114f372740+0x73c]
J 12897 C2 javax.swing.RepaintManager$ProcessingRunnable.run()V (41 bytes) @ 0x000002114f175b04 [0x000002114f175780+0x384]
J 13650 C2 java.awt.event.InvocationEvent.dispatch()V (69 bytes) @ 0x000002114e3f181c [0x000002114e3f17c0+0x5c]
J 13709 C2 java.awt.EventQueue.dispatchEventImpl(Ljava/awt/AWTEvent;Ljava/lang/Object;)V (149 bytes) @ 0x000002114e819b18 [0x000002114e8198a0+0x278]
J 9772 C2 java.awt.EventQueue$3.run()Ljava/lang/Object; (5 bytes) @ 0x000002114ebdfe4c [0x000002114ebdfde0+0x6c]
v  ~StubRoutines::call_stub
J 1579  java.security.AccessController.doPrivileged(Ljava/security/PrivilegedAction;Ljava/security/AccessControlContext;)Ljava/lang/Object; (0 bytes) @ 0x000002114d5f03a6 [0x000002114d5f0340+0x66]
J 13361 C2 ui.frmwork.a.e.dispatchEvent(Ljava/awt/AWTEvent;)V (30 bytes) @ 0x000002114f580900 [0x000002114f580620+0x2e0]
J 13386 C2 java.awt.EventDispatchThread.pumpOneEventForFilters(I)V (295 bytes) @ 0x000002114f1d8dec [0x000002114f1d8aa0+0x34c]
J 13836% C2 java.awt.EventDispatchThread.pumpEventsForFilter(ILjava/awt/Conditional;Ljava/awt/EventFilter;)V (47 bytes) @ 0x000002114ecfb048 [0x000002114ecfaf00+0x148]
j  java.awt.EventDispatchThread.pumpEventsForHierarchy(ILjava/awt/Conditional;Ljava/awt/Component;)V+11
j  java.awt.EventDispatchThread.pumpEvents(ILjava/awt/Conditional;)V+4
j  java.awt.EventDispatchThread.pumpEvents(Ljava/awt/Conditional;)V+3
j  java.awt.EventDispatchThread.run()V+9
v  ~StubRoutines::call_stub

---------------  P R O C E S S  ---------------

Java Threads: ( => current thread )
  0x000002116fcef000 JavaThread "Update Design Hierarchy" [_thread_blocked, id=1624, stack(0x00000057cde00000,0x00000057ce300000)]
  0x000002116e613800 JavaThread "Image Fetcher 3" daemon [_thread_blocked, id=3564, stack(0x00000057cd900000,0x00000057cde00000)]
  0x000002116e614000 JavaThread "Image Fetcher 2" daemon [_thread_blocked, id=1392, stack(0x00000057cd400000,0x00000057cd900000)]
  0x000002116d2d2000 JavaThread "Image Fetcher 1" daemon [_thread_blocked, id=4156, stack(0x00000057ccf00000,0x00000057cd400000)]
  0x000002116a2f1800 JavaThread "Image Fetcher 0" daemon [_thread_blocked, id=5808, stack(0x00000057cca00000,0x00000057ccf00000)]
  0x000002116fcfd000 JavaThread "Refresh links" [_thread_blocked, id=1552, stack(0x00000057c0b00000,0x00000057c1000000)]
  0x000002116fcff800 JavaThread "Refresh GTs" [_thread_blocked, id=448, stack(0x00000057c0600000,0x00000057c0b00000)]
  0x000002116e2a7800 JavaThread "Monitor File Timestamp" [_thread_blocked, id=5232, stack(0x00000057a6700000,0x00000057a6c00000)]
  0x000002116ef2f800 JavaThread "Monitor File Timestamp" [_thread_blocked, id=724, stack(0x000000574b000000,0x000000574b500000)]
  0x000002116d0fe800 JavaThread "Monitor File Timestamp" [_thread_blocked, id=4636, stack(0x000000572df00000,0x000000572e400000)]
  0x0000021173646800 JavaThread "Monitor File Timestamp" [_thread_blocked, id=2956, stack(0x000000570aa00000,0x000000570af00000)]
  0x000002116db8b000 JavaThread "Monitor File Timestamp" [_thread_blocked, id=440, stack(0x0000005703200000,0x0000005703700000)]
  0x0000021164dae000 JavaThread "Thread-25" [_thread_in_native, id=3584, stack(0x0000005777900000,0x0000005777a00000)]
  0x000002116c79d800 JavaThread "hw_ila_monitor" [_thread_blocked, id=2900, stack(0x0000005775100000,0x0000005775600000)]
  0x00000211648d9800 JavaThread "Update Runs" [_thread_blocked, id=6132, stack(0x0000005774200000,0x0000005774700000)]
  0x00000211648c2000 JavaThread "Refresh Filesets" [_thread_blocked, id=1088, stack(0x0000005773d00000,0x0000005774200000)]
  0x00000211655ba800 JavaThread "Swing-Shell" daemon [_thread_blocked, id=5468, stack(0x0000005772500000,0x0000005772a00000)]
  0x000002114cb61800 JavaThread "Monitor File Timestamp" [_thread_blocked, id=4388, stack(0x0000005771b00000,0x0000005772000000)]
=>0x000002114c4d0800 JavaThread "AWT-EventQueue-1" [_thread_in_native, id=5744, stack(0x0000005770200000,0x0000005770700000)]
  0x000002114c4c1800 JavaThread "Process Messages" [_thread_blocked, id=1988, stack(0x000000576fd00000,0x0000005770200000)]
  0x000002114c491800 JavaThread "Thread-3" [_thread_in_native, id=3052, stack(0x0000005769700000,0x000000576ab00000)]
  0x00000211646f0800 JavaThread "AWT-EventQueue-0" [_thread_blocked, id=2688, stack(0x000000576f800000,0x000000576fd00000)]
  0x00000211646e2800 JavaThread "AWT-Windows" daemon [_thread_in_native, id=6080, stack(0x000000576f300000,0x000000576f800000)]
  0x00000211646e3800 JavaThread "AWT-Shutdown" [_thread_blocked, id=4616, stack(0x000000576ee00000,0x000000576f300000)]
  0x00000211646e5800 JavaThread "Java2D Disposer" daemon [_thread_blocked, id=2164, stack(0x000000576e900000,0x000000576ee00000)]
  0x00000211649cf800 JavaThread "TimerQueue" daemon [_thread_blocked, id=5876, stack(0x000000576df00000,0x000000576e400000)]
  0x0000021164055800 JavaThread "Service Thread" daemon [_thread_blocked, id=368, stack(0x000000576d900000,0x000000576de00000)]
  0x0000021163ff2000 JavaThread "C1 CompilerThread1" daemon [_thread_blocked, id=5136, stack(0x000000576d800000,0x000000576d900000)]
  0x0000021163ff3800 JavaThread "C2 CompilerThread0" daemon [_thread_blocked, id=5968, stack(0x000000576d700000,0x000000576d800000)]
  0x0000021163fe7000 JavaThread "Attach Listener" daemon [_thread_blocked, id=6056, stack(0x000000576d200000,0x000000576d700000)]
  0x0000021163fe1000 JavaThread "Signal Dispatcher" daemon [_thread_blocked, id=2416, stack(0x000000576cd00000,0x000000576d200000)]
  0x0000021163ef1800 JavaThread "Finalizer" daemon [_thread_blocked, id=4400, stack(0x000000576c800000,0x000000576cd00000)]
  0x0000021163f01000 JavaThread "Reference Handler" daemon [_thread_blocked, id=5932, stack(0x000000576c300000,0x000000576c800000)]
  0x000002114a405800 JavaThread "main" [_thread_blocked, id=5308, stack(0x000000576bf00000,0x000000576c000000)]

Other Threads:
  0x0000021163f04800 VMThread [stack: 0x000000576c200000,0x000000576c300000] [id=5024]
  0x0000021164054800 WatcherThread [stack: 0x000000576de00000,0x000000576df00000] [id=3144]

VM state:not at safepoint (normal execution)

VM Mutex/Monitor currently owned by a thread: None

Heap:
 PSYoungGen      total 48128K, used 10361K [0x00000007bc400000, 0x00000007c0000000, 0x00000007c0000000)
  eden space 40448K, 7% used [0x00000007bc400000,0x00000007bc6ce508,0x00000007beb80000)
  from space 7680K, 97% used [0x00000007bec00000,0x00000007bf3502e8,0x00000007bf380000)
  to   space 10752K, 0% used [0x00000007bf580000,0x00000007bf580000,0x00000007c0000000)
 ParOldGen       total 147456K, used 57226K [0x0000000700000000, 0x0000000709000000, 0x00000007bc400000)
  object space 147456K, 38% used [0x0000000700000000,0x00000007037e2820,0x0000000709000000)
 Metaspace       used 56656K, capacity 57035K, committed 57640K, reserved 1099776K
  class space    used 7862K, capacity 7946K, committed 7984K, reserved 1048576K

Card table byte_map: [0x000002115c430000,0x000002115ca40000] byte_map_base: 0x0000021158c30000

Marking Bits: (ParMarkBitMap*) 0x00000000754ed490
 Begin Bits: [0x000002115d030000, 0x0000021160030000)
 End Bits:   [0x0000021160030000, 0x0000021163030000)

Polling page: 0x0000021149520000

CodeCache: size=245760Kb used=46674Kb max_used=46694Kb free=199085Kb
 bounds [0x000002114d070000, 0x000002114fe70000, 0x000002115c070000]
 total_blobs=12746 nmethods=11923 adapters=728
 compilation: enabled

Compilation events (10 events):
Event: 2891.388 Thread 0x0000021163ff2000 nmethod 15992 0x000002114fe2e250 code [0x000002114fe2e3a0, 0x000002114fe2e598]
Event: 2891.392 Thread 0x0000021163ff2000 15993   !   3       sun.awt.image.ImageFetcher$1::run (79 bytes)
Event: 2891.393 Thread 0x0000021163ff2000 nmethod 15993 0x000002114d75fe10 code [0x000002114d760080, 0x000002114d761180]
Event: 2891.396 Thread 0x0000021163ff2000 15994       3       sun.awt.image.ImageFetcher::<init> (7 bytes)
Event: 2891.397 Thread 0x0000021163ff2000 nmethod 15994 0x000002114d63d150 code [0x000002114d63d380, 0x000002114d63e010]
Event: 2891.399 Thread 0x0000021163ff2000 15995       3       sun.awt.image.ImageFetcher::<init> (30 bytes)
Event: 2891.400 Thread 0x0000021163ff2000 nmethod 15995 0x000002114fe4f650 code [0x000002114fe4f880, 0x000002114fe50490]
Event: 2891.425 Thread 0x0000021163ff3800 nmethod 15991 0x000002114fe620d0 code [0x000002114fe623e0, 0x000002114fe65848]
Event: 2891.426 Thread 0x0000021163ff2000 15996   !   3       sun.awt.image.ImageFetcher::run (243 bytes)
Event: 2891.427 Thread 0x0000021163ff2000 nmethod 15996 0x000002114db3b690 code [0x000002114db3b8c0, 0x000002114db3c9e0]

GC Heap History (10 events):
Event: 2695.144 GC heap before
{Heap before GC invocations=177 (full 4):
 PSYoungGen      total 51712K, used 51708K [0x00000007bc400000, 0x00000007c0000000, 0x00000007c0000000)
  eden space 46080K, 100% used [0x00000007bc400000,0x00000007bf100000,0x00000007bf100000)
  from space 5632K, 99% used [0x00000007bfa80000,0x00000007bffff1e0,0x00000007c0000000)
  to   space 7680K, 0% used [0x00000007bf100000,0x00000007bf100000,0x00000007bf880000)
 ParOldGen       total 147456K, used 57194K [0x0000000700000000, 0x0000000709000000, 0x00000007bc400000)
  object space 147456K, 38% used [0x0000000700000000,0x00000007037da820,0x0000000709000000)
 Metaspace       used 56577K, capacity 56971K, committed 57384K, reserved 1099776K
  class space    used 7862K, capacity 7946K, committed 7984K, reserved 1048576K
Event: 2695.150 GC heap after
Heap after GC invocations=177 (full 4):
 PSYoungGen      total 51712K, used 6089K [0x00000007bc400000, 0x00000007c0000000, 0x00000007c0000000)
  eden space 45568K, 0% used [0x00000007bc400000,0x00000007bc400000,0x00000007bf080000)
  from space 6144K, 99% used [0x00000007bf100000,0x00000007bf6f2568,0x00000007bf700000)
  to   space 8192K, 0% used [0x00000007bf800000,0x00000007bf800000,0x00000007c0000000)
 ParOldGen       total 147456K, used 57194K [0x0000000700000000, 0x0000000709000000, 0x00000007bc400000)
  object space 147456K, 38% used [0x0000000700000000,0x00000007037da820,0x0000000709000000)
 Metaspace       used 56577K, capacity 56971K, committed 57384K, reserved 1099776K
  class space    used 7862K, capacity 7946K, committed 7984K, reserved 1048576K
}
Event: 2695.847 GC heap before
{Heap before GC invocations=178 (full 4):
 PSYoungGen      total 51712K, used 51657K [0x00000007bc400000, 0x00000007c0000000, 0x00000007c0000000)
  eden space 45568K, 100% used [0x00000007bc400000,0x00000007bf080000,0x00000007bf080000)
  from space 6144K, 99% used [0x00000007bf100000,0x00000007bf6f2568,0x00000007bf700000)
  to   space 8192K, 0% used [0x00000007bf800000,0x00000007bf800000,0x00000007c0000000)
 ParOldGen       total 147456K, used 57194K [0x0000000700000000, 0x0000000709000000, 0x00000007bc400000)
  object space 147456K, 38% used [0x0000000700000000,0x00000007037da820,0x0000000709000000)
 Metaspace       used 56577K, capacity 56971K, committed 57384K, reserved 1099776K
  class space    used 7862K, capacity 7946K, committed 7984K, reserved 1048576K
Event: 2695.854 GC heap after
Heap after GC invocations=178 (full 4):
 PSYoungGen      total 52224K, used 6185K [0x00000007bc400000, 0x00000007c0000000, 0x00000007c0000000)
  eden space 44032K, 0% used [0x00000007bc400000,0x00000007bc400000,0x00000007bef00000)
  from space 8192K, 75% used [0x00000007bf800000,0x00000007bfe0a568,0x00000007c0000000)
  to   space 8704K, 0% used [0x00000007bef00000,0x00000007bef00000,0x00000007bf780000)
 ParOldGen       total 147456K, used 57194K [0x0000000700000000, 0x0000000709000000, 0x00000007bc400000)
  object space 147456K, 38% used [0x0000000700000000,0x00000007037da820,0x0000000709000000)
 Metaspace       used 56577K, capacity 56971K, committed 57384K, reserved 1099776K
  class space    used 7862K, capacity 7946K, committed 7984K, reserved 1048576K
}
Event: 2703.337 GC heap before
{Heap before GC invocations=179 (full 4):
 PSYoungGen      total 52224K, used 50217K [0x00000007bc400000, 0x00000007c0000000, 0x00000007c0000000)
  eden space 44032K, 100% used [0x00000007bc400000,0x00000007bef00000,0x00000007bef00000)
  from space 8192K, 75% used [0x00000007bf800000,0x00000007bfe0a568,0x00000007c0000000)
  to   space 8704K, 0% used [0x00000007bef00000,0x00000007bef00000,0x00000007bf780000)
 ParOldGen       total 147456K, used 57194K [0x0000000700000000, 0x0000000709000000, 0x00000007bc400000)
  object space 147456K, 38% used [0x0000000700000000,0x00000007037da820,0x0000000709000000)
 Metaspace       used 56600K, capacity 56971K, committed 57384K, reserved 1099776K
  class space    used 7862K, capacity 7946K, committed 7984K, reserved 1048576K
Event: 2703.346 GC heap after
Heap after GC invocations=179 (full 4):
 PSYoungGen      total 50688K, used 6985K [0x00000007bc400000, 0x00000007c0000000, 0x00000007c0000000)
  eden space 43520K, 0% used [0x00000007bc400000,0x00000007bc400000,0x00000007bee80000)
  from space 7168K, 97% used [0x00000007bef00000,0x00000007bf5d2568,0x00000007bf600000)
  to   space 9216K, 0% used [0x00000007bf700000,0x00000007bf700000,0x00000007c0000000)
 ParOldGen       total 147456K, used 57202K [0x0000000700000000, 0x0000000709000000, 0x00000007bc400000)
  object space 147456K, 38% used [0x0000000700000000,0x00000007037dc820,0x0000000709000000)
 Metaspace       used 56600K, capacity 56971K, committed 57384K, reserved 1099776K
  class space    used 7862K, capacity 7946K, committed 7984K, reserved 1048576K
}
Event: 2799.372 GC heap before
{Heap before GC invocations=180 (full 4):
 PSYoungGen      total 50688K, used 50505K [0x00000007bc400000, 0x00000007c0000000, 0x00000007c0000000)
  eden space 43520K, 100% used [0x00000007bc400000,0x00000007bee80000,0x00000007bee80000)
  from space 7168K, 97% used [0x00000007bef00000,0x00000007bf5d2568,0x00000007bf600000)
  to   space 9216K, 0% used [0x00000007bf700000,0x00000007bf700000,0x00000007c0000000)
 ParOldGen       total 147456K, used 57202K [0x0000000700000000, 0x0000000709000000, 0x00000007bc400000)
  object space 147456K, 38% used [0x0000000700000000,0x00000007037dc820,0x0000000709000000)
 Metaspace       used 56633K, capacity 57035K, committed 57640K, reserved 1099776K
  class space    used 7862K, capacity 7946K, committed 7984K, reserved 1048576K
Event: 2799.405 GC heap after
Heap after GC invocations=180 (full 4):
 PSYoungGen      total 50176K, used 7433K [0x00000007bc400000, 0x00000007c0000000, 0x00000007c0000000)
  eden space 40960K, 0% used [0x00000007bc400000,0x00000007bc400000,0x00000007bec00000)
  from space 9216K, 80% used [0x00000007bf700000,0x00000007bfe42568,0x00000007c0000000)
  to   space 10240K, 0% used [0x00000007bec00000,0x00000007bec00000,0x00000007bf600000)
 ParOldGen       total 147456K, used 57202K [0x0000000700000000, 0x0000000709000000, 0x00000007bc400000)
  object space 147456K, 38% used [0x0000000700000000,0x00000007037dc820,0x0000000709000000)
 Metaspace       used 56633K, capacity 57035K, committed 57640K, reserved 1099776K
  class space    used 7862K, capacity 7946K, committed 7984K, reserved 1048576K
}
Event: 2891.444 GC heap before
{Heap before GC invocations=181 (full 4):
 PSYoungGen      total 50176K, used 48393K [0x00000007bc400000, 0x00000007c0000000, 0x00000007c0000000)
  eden space 40960K, 100% used [0x00000007bc400000,0x00000007bec00000,0x00000007bec00000)
  from space 9216K, 80% used [0x00000007bf700000,0x00000007bfe42568,0x00000007c0000000)
  to   space 10240K, 0% used [0x00000007bec00000,0x00000007bec00000,0x00000007bf600000)
 ParOldGen       total 147456K, used 57202K [0x0000000700000000, 0x0000000709000000, 0x00000007bc400000)
  object space 147456K, 38% used [0x0000000700000000,0x00000007037dc820,0x0000000709000000)
 Metaspace       used 56656K, capacity 57035K, committed 57640K, reserved 1099776K
  class space    used 7862K, capacity 7946K, committed 7984K, reserved 1048576K
Event: 2891.472 GC heap after
Heap after GC invocations=181 (full 4):
 PSYoungGen      total 48128K, used 7488K [0x00000007bc400000, 0x00000007c0000000, 0x00000007c0000000)
  eden space 40448K, 0% used [0x00000007bc400000,0x00000007bc400000,0x00000007beb80000)
  from space 7680K, 97% used [0x00000007bec00000,0x00000007bf3502e8,0x00000007bf380000)
  to   space 10752K, 0% used [0x00000007bf580000,0x00000007bf580000,0x00000007c0000000)
 ParOldGen       total 147456K, used 57226K [0x0000000700000000, 0x0000000709000000, 0x00000007bc400000)
  object space 147456K, 38% used [0x0000000700000000,0x00000007037e2820,0x0000000709000000)
 Metaspace       used 56656K, capacity 57035K, committed 57640K, reserved 1099776K
  class space    used 7862K, capacity 7946K, committed 7984K, reserved 1048576K
}

Deoptimization events (10 events):
Event: 2672.880 Thread 0x000002114c4d0800 Uncommon trap: reason=bimorphic action=maybe_recompile pc=0x000002114db31c28 method=ui.b.b.t.tK(I)Lui/data/ar; @ 17
Event: 2672.880 Thread 0x000002114c4d0800 Uncommon trap: reason=bimorphic action=maybe_recompile pc=0x000002114db31c28 method=ui.b.b.t.tK(I)Lui/data/ar; @ 17
Event: 2672.882 Thread 0x000002114c4d0800 Uncommon trap: reason=bimorphic action=maybe_recompile pc=0x000002114e2dc640 method=com.jidesoft.grid.TreeTable.getRowAt(I)Lcom/jidesoft/grid/Row; @ 1
Event: 2672.921 Thread 0x000002114c4d0800 Uncommon trap: reason=bimorphic action=maybe_recompile pc=0x000002114e2dc640 method=com.jidesoft.grid.TreeTable.getRowAt(I)Lcom/jidesoft/grid/Row; @ 1
Event: 2673.177 Thread 0x000002114c4d0800 Uncommon trap: reason=class_check action=maybe_recompile pc=0x000002114fa7ba70 method=javax.swing.AbstractButton.getDisabledIcon()Ljavax/swing/Icon; @ 13
Event: 2673.229 Thread 0x000002114c4d0800 Uncommon trap: reason=bimorphic action=maybe_recompile pc=0x000002114dc7f030 method=javax.swing.text.View.getEndOffset()I @ 4
Event: 2673.229 Thread 0x000002114c4d0800 Uncommon trap: reason=bimorphic action=maybe_recompile pc=0x000002114dc7f030 method=javax.swing.text.View.getEndOffset()I @ 4
Event: 2673.233 Thread 0x000002114c4d0800 Uncommon trap: reason=bimorphic action=maybe_recompile pc=0x000002114dc7f030 method=javax.swing.text.View.getEndOffset()I @ 4
Event: 2684.230 Thread 0x000002114c4d0800 Uncommon trap: reason=unloaded action=reinterpret pc=0x000002114fdf1030 method=ui.b.b.t.a(Lcom/jidesoft/swing/StyledLabel;Ljava/awt/Color;)V @ 22
Event: 2774.647 Thread 0x000002114c4d0800 Uncommon trap: reason=class_check action=maybe_recompile pc=0x000002114ea5c860 method=java.util.HashMap.removeNode(ILjava/lang/Object;Ljava/lang/Object;ZZ)Ljava/util/HashMap$Node; @ 143

Internal exceptions (10 events):
Event: 2597.717 Thread 0x000002114c4d0800 Exception <a 'java/io/FileNotFoundException'> (0x00000007bddbb750) thrown at [D:\re\workspace\8-2-build-windows-amd64-cygwin\jdk8u25\1677\hotspot\src\share\vm\prims\jni.cpp, line 716]
Event: 2597.746 Thread 0x000002114c4d0800 Exception <a 'java/io/FileNotFoundException'> (0x00000007bddc8888) thrown at [D:\re\workspace\8-2-build-windows-amd64-cygwin\jdk8u25\1677\hotspot\src\share\vm\prims\jni.cpp, line 716]
Event: 2597.908 Thread 0x000002114c4d0800 Exception <a 'java/io/FileNotFoundException'> (0x00000007bed23288) thrown at [D:\re\workspace\8-2-build-windows-amd64-cygwin\jdk8u25\1677\hotspot\src\share\vm\prims\jni.cpp, line 716]
Event: 2597.943 Thread 0x000002114c4d0800 Exception <a 'java/io/FileNotFoundException'> (0x00000007bed2bbb0) thrown at [D:\re\workspace\8-2-build-windows-amd64-cygwin\jdk8u25\1677\hotspot\src\share\vm\prims\jni.cpp, line 716]
Event: 2602.947 Thread 0x000002114c4d0800 Exception <a 'java/io/FileNotFoundException'> (0x00000007bc6d66c0) thrown at [D:\re\workspace\8-2-build-windows-amd64-cygwin\jdk8u25\1677\hotspot\src\share\vm\prims\jni.cpp, line 716]
Event: 2607.947 Thread 0x000002114c4d0800 Exception <a 'java/io/FileNotFoundException'> (0x00000007bc84f850) thrown at [D:\re\workspace\8-2-build-windows-amd64-cygwin\jdk8u25\1677\hotspot\src\share\vm\prims\jni.cpp, line 716]
Event: 2612.947 Thread 0x000002114c4d0800 Exception <a 'java/io/FileNotFoundException'> (0x00000007bca1a780) thrown at [D:\re\workspace\8-2-build-windows-amd64-cygwin\jdk8u25\1677\hotspot\src\share\vm\prims\jni.cpp, line 716]
Event: 2617.962 Thread 0x000002114c4d0800 Exception <a 'java/io/FileNotFoundException'> (0x00000007bcb7ce08) thrown at [D:\re\workspace\8-2-build-windows-amd64-cygwin\jdk8u25\1677\hotspot\src\share\vm\prims\jni.cpp, line 716]
Event: 2654.150 Thread 0x000002114c4d0800 Implicit null exception at 0x000002114d2cfb58 to 0x000002114d2d0095
Event: 2673.159 Thread 0x000002114c4d0800 Exception <a 'java/security/PrivilegedActionException'> (0x00000007bdb9ca80) thrown at [D:\re\workspace\8-2-build-windows-amd64-cygwin\jdk8u25\1677\hotspot\src\share\vm\prims\jvm.cpp, line 1312]

Events (10 events):
Event: 2891.390 Thread 0x0000021163ff2000 flushing nmethod 0x000002114dfa9c50
Event: 2891.391 Thread 0x0000021163ff2000 flushing nmethod 0x000002114e04a050
Event: 2891.401 Thread 0x0000021163ff2000 flushing nmethod 0x000002114e5b6690
Event: 2891.403 Thread 0x000002116e614000 Thread added: 0x000002116e614000
Event: 2891.405 Thread 0x000002116e613800 Thread added: 0x000002116e613800
Event: 2891.427 Thread 0x0000021163ff3800 flushing nmethod 0x000002114e934fd0
Event: 2891.427 Thread 0x0000021163ff3800 flushing nmethod 0x000002114e935990
Event: 2891.428 Thread 0x000002116fcef000 Thread added: 0x000002116fcef000
Event: 2891.444 Executing VM operation: ParallelGCFailedAllocation
Event: 2891.472 Executing VM operation: ParallelGCFailedAllocation done


Dynamic libraries:
0x00007ff6a06d0000 - 0x00007ff6a070d000 	C:\Xilinx\Vivado\2015.2\bin\unwrapped\win64.o\vivado.exe
0x00007ffad9350000 - 0x00007ffad9530000 	C:\Windows\SYSTEM32\ntdll.dll
0x00007ffad6990000 - 0x00007ffad6a3e000 	C:\Windows\System32\KERNEL32.DLL
0x00007ffad5a20000 - 0x00007ffad5c86000 	C:\Windows\System32\KERNELBASE.dll
0x000000000a900000 - 0x000000000a98d000 	C:\Xilinx\Vivado\2015.2\lib\win64.o\SHSMP64.dll
0x00007ffad19a0000 - 0x00007ffad19b3000 	C:\Xilinx\Vivado\2015.2\lib\win64.o\libboost_signals.dll
0x00007ffad6b80000 - 0x00007ffad6d0f000 	C:\Windows\System32\USER32.dll
0x00007ffad5920000 - 0x00007ffad5940000 	C:\Windows\System32\win32u.dll
0x00007ffad9110000 - 0x00007ffad9138000 	C:\Windows\System32\GDI32.dll
0x00007ffad5f30000 - 0x00007ffad60c3000 	C:\Windows\System32\gdi32full.dll
0x00007ffad5d90000 - 0x00007ffad5e2b000 	C:\Windows\System32\msvcp_win.dll
0x00007ffab4ba0000 - 0x00007ffab54e3000 	C:\Xilinx\Vivado\2015.2\lib\win64.o\librdi_common.dll
0x00007ffad5c90000 - 0x00007ffad5d84000 	C:\Windows\System32\ucrtbase.dll
0x00007ffad9100000 - 0x00007ffad9108000 	C:\Windows\System32\PSAPI.DLL
0x00007ffad7320000 - 0x00007ffad73c1000 	C:\Windows\System32\ADVAPI32.dll
0x00007ffad76a0000 - 0x00007ffad8ad8000 	C:\Windows\System32\SHELL32.dll
0x00007ffad7280000 - 0x00007ffad731d000 	C:\Windows\System32\msvcrt.dll
0x00007ffad8bf0000 - 0x00007ffad8c4b000 	C:\Windows\System32\sechost.dll
0x00007ffad5ee0000 - 0x00007ffad5f2a000 	C:\Windows\System32\cfgmgr32.dll
0x00007ffad7160000 - 0x00007ffad727f000 	C:\Windows\System32\RPCRT4.dll
0x00007ffad73d0000 - 0x00007ffad7476000 	C:\Windows\System32\shcore.dll
0x00007ffad8c50000 - 0x00007ffad8f56000 	C:\Windows\System32\combase.dll
0x00007ffad59a0000 - 0x00007ffad5a12000 	C:\Windows\System32\bcryptPrimitives.dll
0x00007ffad60d0000 - 0x00007ffad6817000 	C:\Windows\System32\windows.storage.dll
0x00007ffad0bc0000 - 0x00007ffad0bd1000 	C:\Xilinx\Vivado\2015.2\lib\win64.o\librdi_commonmain.dll
0x00007ffad6b20000 - 0x00007ffad6b71000 	C:\Windows\System32\shlwapi.dll
0x00007ffad56a0000 - 0x00007ffad56b1000 	C:\Windows\System32\kernel.appcore.dll
0x00007ffac8fe0000 - 0x00007ffac9087000 	C:\Windows\SYSTEM32\MSVCP110.dll
0x00007ffad5700000 - 0x00007ffad574c000 	C:\Windows\System32\powrprof.dll
0x00007ffac4220000 - 0x00007ffac42f4000 	C:\Windows\SYSTEM32\MSVCR110.dll
0x00007ffad56c0000 - 0x00007ffad56db000 	C:\Windows\System32\profapi.dll
0x00007ffab7b50000 - 0x00007ffab7df8000 	C:\Xilinx\Vivado\2015.2\lib\win64.o\libCOIN-all.dll
0x00007ffac4be0000 - 0x00007ffac4e00000 	C:\Xilinx\Vivado\2015.2\lib\win64.o\libXil_lmgr11.dll
0x00007ffad8f60000 - 0x00007ffad906a000 	C:\Windows\System32\COMDLG32.dll
0x00007ffad1990000 - 0x00007ffad19a0000 	C:\Xilinx\Vivado\2015.2\lib\win64.o\libboost_date_time.dll
0x00007ffad6a50000 - 0x00007ffad6b14000 	C:\Windows\System32\OLEAUT32.dll
0x00007ffad91d0000 - 0x00007ffad9319000 	C:\Windows\System32\ole32.dll
0x00007ffad5940000 - 0x00007ffad5999000 	C:\Windows\System32\WINTRUST.dll
0x00007ffacea80000 - 0x00007ffaceaa2000 	C:\Xilinx\Vivado\2015.2\lib\win64.o\libboost_filesystem.dll
0x00007ffad56e0000 - 0x00007ffad56f2000 	C:\Windows\System32\MSASN1.dll
0x00007ffad5750000 - 0x00007ffad591e000 	C:\Windows\System32\CRYPT32.dll
0x00007ffac8ee0000 - 0x00007ffac8f54000 	C:\Xilinx\Vivado\2015.2\lib\win64.o\libboost_program_options.dll
0x00007ffab94e0000 - 0x00007ffab95da000 	C:\Xilinx\Vivado\2015.2\lib\win64.o\libboost_regex.dll
0x00007ffad0d20000 - 0x00007ffad0d29000 	C:\Xilinx\Vivado\2015.2\lib\win64.o\libboost_system.dll
0x00007ffacff80000 - 0x00007ffacff9d000 	C:\Xilinx\Vivado\2015.2\lib\win64.o\libboost_thread.dll
0x00007ffac4990000 - 0x00007ffac4a10000 	C:\Xilinx\Vivado\2015.2\lib\win64.o\libhdlpsolve.dll
0x00007ffac4310000 - 0x00007ffac43aa000 	C:\Xilinx\Vivado\2015.2\lib\win64.o\libhdxml.dll
0x00007ffab68a0000 - 0x00007ffab6eaa200 	C:\Xilinx\Vivado\2015.2\lib\win64.o\libisl_iostreams.dll
0x00007fface740000 - 0x00007fface763000 	C:\Xilinx\Vivado\2015.2\lib\win64.o\libisl_iosutils.dll
0x0000000074d10000 - 0x000000007556a000 	C:\Xilinx\Vivado\2015.2\tps\win64\jre\bin\server\jvm.dll
0x00007ffacff30000 - 0x00007ffacff45000 	C:\Xilinx\Vivado\2015.2\lib\win64.o\pthreadVC2.dll
0x00007ffac8420000 - 0x00007ffac8474000 	C:\Xilinx\Vivado\2015.2\lib\win64.o\librdi_commonxillic.dll
0x00007ffab7790000 - 0x00007ffab78c0000 	C:\Xilinx\Vivado\2015.2\lib\win64.o\librdi_curl.dll
0x00007ffad8ae0000 - 0x00007ffad8b4c000 	C:\Windows\System32\WS2_32.dll
0x00007ffacf0d0000 - 0x00007ffacf0e8000 	C:\Xilinx\Vivado\2015.2\lib\win64.o\librdiconfig.dll
0x00007fface550000 - 0x00007fface573000 	C:\Xilinx\Vivado\2015.2\lib\win64.o\librdizlib.dll
0x0000000074be0000 - 0x0000000074d07000 	C:\Xilinx\Vivado\2015.2\lib\win64.o\tcl85t.dll
0x0000000012000000 - 0x0000000012263000 	C:\Xilinx\Vivado\2015.2\lib\win64.o\xerces-c_3_1.dll
0x00007ffac9170000 - 0x00007ffac9612000 	C:\Windows\SYSTEM32\WININET.dll
0x00007ffacef20000 - 0x00007ffaceffe000 	C:\Windows\SYSTEM32\WINHTTP.dll
0x00007ffaced50000 - 0x00007ffacef19000 	C:\Windows\SYSTEM32\urlmon.dll
0x00007ffad7480000 - 0x00007ffad749d000 	C:\Windows\System32\imagehlp.dll
0x00007ffac9120000 - 0x00007ffac912a000 	C:\Windows\SYSTEM32\VERSION.dll
0x00007ffad0bb0000 - 0x00007ffad0bb9000 	C:\Xilinx\Vivado\2015.2\lib\win64.o\librdi_commonversion.dll
0x00007ffad0180000 - 0x00007ffad0189000 	C:\Windows\SYSTEM32\WSOCK32.dll
0x00007ffacdef0000 - 0x00007ffacdf13000 	C:\Windows\SYSTEM32\VCOMP110.DLL
0x00007ffac40a0000 - 0x00007ffac40b7000 	C:\Windows\SYSTEM32\NETAPI32.dll
0x00007ffab91b0000 - 0x00007ffab9256000 	C:\Windows\WinSxS\amd64_microsoft.windows.common-controls_6595b64144ccf1df_5.82.16299.1237_none_f7321f5fa4a56cdf\COMCTL32.dll
0x00007fface690000 - 0x00007fface6a6000 	C:\Xilinx\Vivado\2015.2\lib\win64.o\libboost_iostreams.dll
0x00007ffad0010000 - 0x00007ffad001b000 	C:\Xilinx\Vivado\2015.2\lib\win64.o\libboost_chrono.dll
0x00007ffad36d0000 - 0x00007ffad36f3000 	C:\Windows\SYSTEM32\WINMM.dll
0x0000000074b00000 - 0x0000000074bd2000 	C:\Windows\SYSTEM32\MSVCR100.dll
0x00007ffaceab0000 - 0x00007ffaced50000 	C:\Windows\SYSTEM32\iertutil.dll
0x00007ffad3670000 - 0x00007ffad369a000 	C:\Windows\SYSTEM32\WINMMBASE.dll
0x00007ffad50b0000 - 0x00007ffad50bb000 	C:\Windows\SYSTEM32\CRYPTBASE.DLL
0x00007ffaca9d0000 - 0x00007ffaca9fa000 	C:\Xilinx\Vivado\2015.2\lib\win64.o\libisl_sysinfo.dll
0x00007ffad90d0000 - 0x00007ffad90fd000 	C:\Windows\System32\IMM32.DLL
0x00007ffab4790000 - 0x00007ffab4b9a000 	C:\Xilinx\Vivado\2015.2\lib\win64.o\librdi_commontasks.dll
0x00007ffab3f80000 - 0x00007ffab4790000 	C:\Xilinx\Vivado\2015.2\lib\win64.o\libXil_lmgr11FNP.dll
0x00007ffad6d10000 - 0x00007ffad715e000 	C:\Windows\System32\SETUPAPI.dll
0x00007ffad4c60000 - 0x00007ffad4c99000 	C:\Windows\SYSTEM32\iphlpapi.dll
0x00007ffac7eb0000 - 0x00007ffac7ebc000 	C:\Windows\SYSTEM32\snmpapi.dll
0x00007ffaca820000 - 0x00007ffaca8a6000 	C:\Windows\SYSTEM32\WINSPOOL.DRV
0x00007ffac4a90000 - 0x00007ffac4afe000 	C:\Windows\SYSTEM32\OLEACC.dll
0x00007ffad51a0000 - 0x00007ffad51c5000 	C:\Windows\SYSTEM32\bcrypt.dll
0x00007ffad5090000 - 0x00007ffad50a7000 	C:\Windows\SYSTEM32\CRYPTSP.dll
0x00007ffad4ad0000 - 0x00007ffad4b03000 	C:\Windows\system32\rsaenh.dll
0x00007ffad55d0000 - 0x00007ffad5600000 	C:\Windows\SYSTEM32\SspiCli.dll
0x00007ffad5450000 - 0x00007ffad5477000 	C:\Windows\SYSTEM32\DEVOBJ.dll
0x00007ffad3a40000 - 0x00007ffad3ad5000 	C:\Windows\system32\uxtheme.dll
0x00007ffac46e0000 - 0x00007ffac46f6000 	C:\Windows\system32\napinsp.dll
0x00007ffad2170000 - 0x00007ffad2188000 	C:\Windows\system32\NLAapi.dll
0x00007ffad4ed0000 - 0x00007ffad4f36000 	C:\Windows\System32\mswsock.dll
0x00007ffad4ca0000 - 0x00007ffad4d57000 	C:\Windows\SYSTEM32\DNSAPI.dll
0x00007ffad6a40000 - 0x00007ffad6a48000 	C:\Windows\System32\NSI.dll
0x00007ffac4700000 - 0x00007ffac470e000 	C:\Windows\System32\winrnr.dll
0x00007ffacf150000 - 0x00007ffacf1c0000 	C:\Windows\System32\fwpuclnt.dll
0x00007ffac4ef0000 - 0x00007ffac4f99000 	C:\Program Files\Common Files\microsoft shared\ink\tiptsf.dll
0x00007ffaca380000 - 0x00007ffaca38a000 	C:\Windows\system32\wshqos.dll
0x00007ffaca370000 - 0x00007ffaca378000 	C:\Windows\SYSTEM32\wshtcpip.DLL
0x00007ffaca360000 - 0x00007ffaca368000 	C:\Windows\SYSTEM32\wship6.dll
0x00007ffad8b50000 - 0x00007ffad8bee000 	C:\Windows\System32\clbcatq.dll
0x00007ffab3800000 - 0x00007ffab3d9b000 	C:\Xilinx\Vivado\2015.2\lib\win64.o\librdi_coretasks.dll
0x00007ffab7310000 - 0x00007ffab744a000 	C:\Xilinx\Vivado\2015.2\lib\win64.o\librdi_board.dll
0x00007ffab3640000 - 0x00007ffab37fe000 	C:\Xilinx\Vivado\2015.2\lib\win64.o\librdi_chipscope.dll
0x00007ffab0d40000 - 0x00007ffab2530000 	C:\Xilinx\Vivado\2015.2\lib\win64.o\librdi_coregen.dll
0x00007ffab2530000 - 0x00007ffab363b000 	C:\Xilinx\Vivado\2015.2\lib\win64.o\librdi_constraints.dll
0x00007ffaad6b0000 - 0x00007ffab0d35000 	C:\Xilinx\Vivado\2015.2\lib\win64.o\librdi_designutils.dll
0x00007ffaa6bb0000 - 0x00007ffaad6af000 	C:\Xilinx\Vivado\2015.2\lib\win64.o\librdi_device.dll
0x00007ffaa6710000 - 0x00007ffaa6ba3000 	C:\Xilinx\Vivado\2015.2\lib\win64.o\librdi_drc.dll
0x00007ffaa63e0000 - 0x00007ffaa670d000 	C:\Xilinx\Vivado\2015.2\lib\win64.o\librdi_filemgmt.dll
0x00007ffaa5fb0000 - 0x00007ffaa63d2000 	C:\Xilinx\Vivado\2015.2\lib\win64.o\librdi_netlist.dll
0x00007ffaa4490000 - 0x00007ffaa4971000 	C:\Xilinx\Vivado\2015.2\lib\win64.o\librdi_power.dll
0x00007ffaa4090000 - 0x00007ffaa448b000 	C:\Xilinx\Vivado\2015.2\lib\win64.o\librdi_project.dll
0x00007ffac41d0000 - 0x00007ffac421d000 	C:\Xilinx\Vivado\2015.2\lib\win64.o\librdi_projectbase.dll
0x00007ffaa4980000 - 0x00007ffaa5fa4000 	C:\Xilinx\Vivado\2015.2\lib\win64.o\librdi_place.dll
0x00007ffaa3c00000 - 0x00007ffaa4090000 	C:\Xilinx\Vivado\2015.2\lib\win64.o\librdi_psta.dll
0x00007ffaa37d0000 - 0x00007ffaa3bf8000 	C:\Xilinx\Vivado\2015.2\lib\win64.o\librdi_rsb.dll
0x00007ffaa3570000 - 0x00007ffaa37c6000 	C:\Xilinx\Vivado\2015.2\lib\win64.o\librdi_runs.dll
0x00007ffac0340000 - 0x00007ffac0399000 	C:\Xilinx\Vivado\2015.2\lib\win64.o\librdi_runsbase.dll
0x00007ffabab70000 - 0x00007ffababd3000 	C:\Xilinx\Vivado\2015.2\lib\win64.o\liblmx6.0.dll
0x00007ffaa2c60000 - 0x00007ffaa356e000 	C:\Xilinx\Vivado\2015.2\lib\win64.o\librdi_timing.dll
0x00007ffaa25a0000 - 0x00007ffaa2c59000 	C:\Xilinx\Vivado\2015.2\lib\win64.o\librdi_coregenipxact.dll
0x00007ffaa1d90000 - 0x00007ffaa259d000 	C:\Xilinx\Vivado\2015.2\lib\win64.o\libverific.dll
0x00007ffab9150000 - 0x00007ffab91ad000 	C:\Xilinx\Vivado\2015.2\lib\win64.o\librdi_boarddep.dll
0x00007ffab93b0000 - 0x00007ffab93f7000 	C:\Xilinx\Vivado\2015.2\lib\win64.o\libboost_serialization.dll
0x00007ffaa1b60000 - 0x00007ffaa1d83000 	C:\Xilinx\Vivado\2015.2\lib\win64.o\librdi_bitstream.dll
0x00007ffaa1620000 - 0x00007ffaa1b60000 	C:\Xilinx\Vivado\2015.2\lib\win64.o\librdi_xdm.dll

VM Arguments:
jvm_args: -Dsun.java2d.pmoffscreen=false -Dsun.java2d.d3d=false -Dsun.awt.nopixfmt=true -Xverify:none -Dswing.aatext=true -XX:-UsePerfData -Djdk.map.althashing.threshold=512 -XX:StringTableSize=4072 -Djava.util.Arrays.useLegacyMergeSort=true -XX:NewSize=60m -XX:MaxNewSize=60m -Xms128m -Xmx3072m -Xss5m 
java_command: <unknown>
java_class_path (initial): C:/Xilinx/Vivado/2015.2\lib\classes\alloy.jar;C:/Xilinx/Vivado/2015.2\lib\classes\antlr-2.7.7.jar;C:/Xilinx/Vivado/2015.2\lib\classes\batik-anim.jar;C:/Xilinx/Vivado/2015.2\lib\classes\batik-awt-util.jar;C:/Xilinx/Vivado/2015.2\lib\classes\batik-bridge.jar;C:/Xilinx/Vivado/2015.2\lib\classes\batik-codec.jar;C:/Xilinx/Vivado/2015.2\lib\classes\batik-css.jar;C:/Xilinx/Vivado/2015.2\lib\classes\batik-dom.jar;C:/Xilinx/Vivado/2015.2\lib\classes\batik-ext.jar;C:/Xilinx/Vivado/2015.2\lib\classes\batik-gui-util.jar;C:/Xilinx/Vivado/2015.2\lib\classes\batik-gvt.jar;C:/Xilinx/Vivado/2015.2\lib\classes\batik-parser.jar;C:/Xilinx/Vivado/2015.2\lib\classes\batik-script.jar;C:/Xilinx/Vivado/2015.2\lib\classes\batik-svg-dom.jar;C:/Xilinx/Vivado/2015.2\lib\classes\batik-swing.jar;C:/Xilinx/Vivado/2015.2\lib\classes\batik-transcoder.jar;C:/Xilinx/Vivado/2015.2\lib\classes\batik-util.jar;C:/Xilinx/Vivado/2015.2\lib\classes\batik-xml.jar;C:/Xilinx/Vivado/2015.2\lib\classes\commons-logging.jar;C:/Xilinx/Vivado/2015.2\lib\classes\commons-math-2.2.jar;C:/Xilinx/Vivado/2015.2\lib\classes\dom4j-1.6.1.jar;C:/Xilinx/Vivado/2015.2\lib\classes\forms.jar;C:/Xilinx/Vivado/2015.2\lib\classes\guava-15.0.jar;C:/Xilinx/Vivado/2015.2\lib\classes\hsqldb.jar;C:/Xilinx/Vivado/2015.2\lib\classes\jdom.jar;C:/Xilinx/Vivado/2015.2\lib\classes\jide-action.jar;C:/Xilinx/Vivado/2015.2\lib\classes\jide-charts.jar;C:/Xilinx/Vivado/2015.2\lib\classes\jide-common.jar;C:/Xilinx/Vivado/2015.2\lib\classes\jide-components.jar;C:/Xilinx/Vivado/2015.2\lib\classes\jide-dashboard.jar;C:/Xilinx/Vivado/2015.2\lib\classes\jide-data.jar;C:/Xilinx/Vivado/2015.2\lib\classes\jide-dialogs.jar;C:/Xilinx/Vivado/2015.2\lib\classes\jide-diff.jar;C:/Xilinx/Vivado/2015.2\lib\classes\jide-dock.jar;C:/Xilinx/Vivado/2015.2\lib\classes\jide-editor.jar;C:/Xilinx/Vivado/2015.2\lib\classes\jide-gantt.jar;C:/Xilinx/Vivado/2015.2\lib\classes\jide-grids.jar;C:/Xilinx/Vivado/2015.2\lib\classes\jide-pivot.jar;C:/Xilin
Launcher Type: generic

Environment Variables:
PATH=C:/Xilinx/Vivado/2015.2/bin;C:/Xilinx/Vivado/2015.2/lib/win64.o;C:/Xilinx/Vivado/2015.2/tps/win64/jre/bin/server;C:/Xilinx/Vivado/2015.2/tps/win64/jre/bin;C:/Xilinx/SDK/2015.2/bin;C:/Xilinx/Vivado/2015.2/ids_lite/ISE/bin/nt64;C:/Xilinx/Vivado/2015.2/ids_lite/ISE/lib/nt64;C:/Xilinx/Vivado_HLS/2015.2/bin;C:\Program Files (x86)\Parallels\Parallels Tools\Applications;C:\Windows\system32;C:\Windows;C:\Windows\System32\Wbem;C:\Windows\System32\WindowsPowerShell\v1.0\;C:\MinGW\bin;C:\Program Files\PuTTY\;C:\Users\mac\AppData\Local\Microsoft\WindowsApps
USERNAME=mac
OS=Windows_NT
PROCESSOR_IDENTIFIER=Intel64 Family 6 Model 158 Stepping 13, GenuineIntel



---------------  S Y S T E M  ---------------

OS: Windows 8 , 64 bit Build 9200 

CPU:total 2 (2 cores per cpu, 1 threads per core) family 6 model 158 stepping 13, cmov, cx8, fxsr, mmx, sse, sse2, sse3, ssse3, sse4.1, sse4.2, popcnt, avx, avx2, aes, clmul, erms, lzcnt, tsc, bmi1, bmi2

Memory: 4k page, physical 2073932k(1109808k free), swap 5481804k(3332992k free)

vm_info: Java HotSpot(TM) 64-Bit Server VM (25.25-b02) for windows-amd64 JRE (1.8.0_25-b18), built on Oct  7 2014 14:25:37 by "java_re" with MS VC++ 10.0 (VS2010)

time: Wed Nov 24 00:54:09 2021
elapsed time: 2891 seconds (0d 0h 48m 11s)

