#
# A fatal error has been detected by the Java Runtime Environment:
#
#  EXCEPTION_ACCESS_VIOLATION (0xc0000005) at pc=0x00007ffc9c960c20, pid=4572, tid=3000
#
# JRE version: Java(TM) SE Runtime Environment (8.0_25-b18) (build 1.8.0_25-b18)
# Java VM: Java HotSpot(TM) 64-Bit Server VM (25.25-b02 mixed mode windows-amd64 compressed oops)
# Problematic frame:
# C  0x00007ffc9c960c20
#
# Failed to write core dump. Minidumps are not enabled by default on client versions of Windows
#
# If you would like to submit a bug report, please visit:
#   http://bugreport.sun.com/bugreport/crash.jsp
# The crash happened outside the Java Virtual Machine in native code.
# See problematic frame for where to report the bug.
#

---------------  T H R E A D  ---------------

Current thread (0x00000223b2c1e000):  JavaThread "AWT-EventQueue-1" [_thread_in_native, id=3000, stack(0x000000795ee00000,0x000000795f300000)]

siginfo: ExceptionCode=0xc0000005, reading address 0x00000223000001d1

Registers:
RAX=0x0000fea95a37815f, RBX=0x00000223b7342d48, RCX=0x0000022300000001, RDX=0x000000795f2fc178
RSP=0x000000795f2fbff8, RBP=0x000000795f2fc168, RSI=0x0000000000000108, RDI=0x0000000000001378
R8 =0x00000223b5214990, R9 =0x000000000000000a, R10=0x000002239b086c2f, R11=0x000000005d752810
R12=0x0000000000000000, R13=0x00000223b7342d48, R14=0x000000795f2fc190, R15=0x00000223b2c1e000
RIP=0x00007ffc9c960c20, EFLAGS=0x0000000000010202

Top of Stack: (sp=0x000000795f2fbff8)
0x000000795f2fbff8:   00007ffc9edac03b 0000000000000000
0x000000795f2fc008:   000002239c2235d8 0000000000000000
0x000000795f2fc018:   000002239ba116dc 00000223b7342d48
0x000000795f2fc028:   00007ffc9eede8bf 0000011e00000001
0x000000795f2fc038:   00000000000000dd 00000007beba1380
0x000000795f2fc048:   00000007bd1751d0 00000223b2c1e1e8
0x000000795f2fc058:   0000000000000001 fffffffffffffffe
0x000000795f2fc068:   0000000701a6f570 00000007bd170ff8
0x000000795f2fc078:   e041f661e004a81e 000000795f2fc160
0x000000795f2fc088:   000002239c3e2c14 00000007020fb408
0x000000795f2fc098:   000002239b8c4050 00000007bd174f80
0x000000795f2fc0a8:   000002239bf208dc 00000007bd175030
0x000000795f2fc0b8:   0000001d0000001f 00000007beba2968
0x000000795f2fc0c8:   0000000701a6f570 00000007bd1751d0
0x000000795f2fc0d8:   0000fea95a37815f 00000007beba1380
0x000000795f2fc0e8:   000002239b086c5b 000000795f2fc160 

Instructions: (pc=0x00007ffc9c960c20)
0x00007ffc9c960c00:   48 8b 89 00 02 00 00 e9 94 8c 02 00 cc cc cc cc
0x00007ffc9c960c10:   48 8b 89 00 02 00 00 e9 94 8c 02 00 cc cc cc cc
0x00007ffc9c960c20:   48 8b 89 d0 01 00 00 48 85 c9 0f 85 30 98 02 00
0x00007ffc9c960c30:   32 c0 c3 cc cc cc cc cc cc cc cc cc cc cc cc cc 


Register to memory mapping:

RAX=0x0000fea95a37815f is an unknown value
RBX={method} {0x00000223b7342d50} 'HWDevice_isXicomCfgMemSupported' '(J)Z' in 'ui/data/labtools/lthwdatai'
RCX=0x0000022300000001 is an unknown value
RDX=0x000000795f2fc178 is pointing into the stack for thread: 0x00000223b2c1e000
RSP=0x000000795f2fbff8 is pointing into the stack for thread: 0x00000223b2c1e000
RBP=0x000000795f2fc168 is pointing into the stack for thread: 0x00000223b2c1e000
RSI=0x0000000000000108 is an unknown value
RDI=0x0000000000001378 is an unknown value
R8 =0x00000223b5214990 is an unknown value
R9 =0x000000000000000a is an unknown value
R10=0x000002239b086c2f is at code_begin+911 in an Interpreter codelet
method entry point (kind = native)  [0x000002239b0868a0, 0x000002239b0872c0]  2592 bytes
R11=0x000000005d752810 is an unknown value
R12=0x0000000000000000 is an unknown value
R13={method} {0x00000223b7342d50} 'HWDevice_isXicomCfgMemSupported' '(J)Z' in 'ui/data/labtools/lthwdatai'
R14=0x000000795f2fc190 is pointing into the stack for thread: 0x00000223b2c1e000
R15=0x00000223b2c1e000 is a thread


Stack: [0x000000795ee00000,0x000000795f300000],  sp=0x000000795f2fbff8,  free space=5103k
Native frames: (J=compiled Java code, j=interpreted, Vv=VM code, C=native code)
C  0x00007ffc9c960c20

Java frames: (J=compiled Java code, j=interpreted, Vv=VM code)
j  ui.data.labtools.lthwdatai.HWDevice_isXicomCfgMemSupported(J)Z+0
j  ui.data.labtools.a.bdn()Z+4
j  ui.views.b.m.d.a.aY()Z+22
j  ui.views.b.m.d.d.l(Lui/views/J/e;)Z+1
J 7340 C1 ui.views.J.n.k(Lui/views/J/W;)Z (51 bytes) @ 0x000002239c5987ec [0x000002239c5984a0+0x34c]
J 7111 C1 ui.views.J.j.getTreeCellRendererComponent(Ljavax/swing/JTree;Ljava/lang/Object;ZZZIZ)Ljava/awt/Component; (433 bytes) @ 0x000002239c4c1154 [0x000002239c4c0840+0x914]
J 7110 C1 org.jdesktop.swingx.JXTree$DelegatingRenderer.getTreeCellRendererComponent(Ljavax/swing/JTree;Ljava/lang/Object;ZZZIZ)Ljava/awt/Component; (75 bytes) @ 0x000002239c4bddd4 [0x000002239c4bdd40+0x94]
J 7361 C1 javax.swing.plaf.basic.BasicTreeUI.paintRow(Ljava/awt/Graphics;Ljava/awt/Rectangle;Ljava/awt/Insets;Ljava/awt/Rectangle;Ljavax/swing/tree/TreePath;IZZZ)V (122 bytes) @ 0x000002239c5a0494 [0x000002239c59fc80+0x814]
J 7365 C1 ui.views.J.D.paintRow(Ljava/awt/Graphics;Ljava/awt/Rectangle;Ljava/awt/Insets;Ljava/awt/Rectangle;Ljavax/swing/tree/TreePath;IZZZ)V (240 bytes) @ 0x000002239c5a2544 [0x000002239c5a1a00+0xb44]
J 8483 C1 javax.swing.plaf.basic.BasicTreeUI.paint(Ljava/awt/Graphics;Ljavax/swing/JComponent;)V (483 bytes) @ 0x000002239c1999ac [0x000002239c199060+0x94c]
j  ui.g.i.v.a.a.paint(Ljava/awt/Graphics;Ljavax/swing/JComponent;)V+158
j  ui.g.i.v.a.a.update(Ljava/awt/Graphics;Ljavax/swing/JComponent;)V+153
J 8314 C2 javax.swing.JComponent.paintComponent(Ljava/awt/Graphics;)V (44 bytes) @ 0x000002239c63b130 [0x000002239c63af20+0x210]
J 8291 C2 javax.swing.JComponent.paint(Ljava/awt/Graphics;)V (409 bytes) @ 0x000002239c18f5b8 [0x000002239c18eca0+0x918]
J 6872 C1 javax.swing.JComponent.paintToOffscreen(Ljava/awt/Graphics;IIIIII)V (108 bytes) @ 0x000002239c40da24 [0x000002239c40d6c0+0x364]
J 7520 C1 javax.swing.RepaintManager$PaintManager.paintDoubleBuffered(Ljavax/swing/JComponent;Ljava/awt/Image;Ljava/awt/Graphics;IIII)V (294 bytes) @ 0x000002239c60fa8c [0x000002239c60f8a0+0x1ec]
J 6868 C1 javax.swing.RepaintManager$PaintManager.paint(Ljavax/swing/JComponent;Ljavax/swing/JComponent;Ljava/awt/Graphics;IIII)Z (189 bytes) @ 0x000002239c41528c [0x000002239c4143e0+0xeac]
J 6898 C1 javax.swing.RepaintManager.paint(Ljavax/swing/JComponent;Ljavax/swing/JComponent;Ljava/awt/Graphics;IIII)V (93 bytes) @ 0x000002239c428afc [0x000002239c428620+0x4dc]
J 6737 C1 javax.swing.JComponent._paintImmediately(IIII)V (891 bytes) @ 0x000002239c38c8dc [0x000002239c389500+0x33dc]
J 6839 C1 javax.swing.JComponent.paintImmediately(IIII)V (155 bytes) @ 0x000002239c3eaa14 [0x000002239c3e9c20+0xdf4]
J 7461 C1 javax.swing.RepaintManager$4.run()Ljava/lang/Void; (278 bytes) @ 0x000002239c5e2274 [0x000002239c5e20a0+0x1d4]
J 6837 C1 javax.swing.RepaintManager$4.run()Ljava/lang/Object; (5 bytes) @ 0x000002239c3ef124 [0x000002239c3ef0c0+0x64]
v  ~StubRoutines::call_stub
J 1607  java.security.AccessController.doPrivileged(Ljava/security/PrivilegedAction;Ljava/security/AccessControlContext;)Ljava/lang/Object; (0 bytes) @ 0x000002239b5f7ba6 [0x000002239b5f7b40+0x66]
J 7249 C1 javax.swing.RepaintManager.paintDirtyRegions(Ljava/util/Map;)V (196 bytes) @ 0x000002239bba94d4 [0x000002239bba8f80+0x554]
J 7443 C1 javax.swing.RepaintManager.paintDirtyRegions()V (50 bytes) @ 0x000002239c5dd744 [0x000002239c5dd580+0x1c4]
J 8223 C1 javax.swing.RepaintManager.prePaintDirtyRegions()V (91 bytes) @ 0x000002239c8612ec [0x000002239c860cc0+0x62c]
J 7442 C1 javax.swing.RepaintManager$ProcessingRunnable.run()V (41 bytes) @ 0x000002239c5dd0bc [0x000002239c5dcf20+0x19c]
J 9196 C2 java.awt.EventQueue$3.run()Ljava/lang/Object; (5 bytes) @ 0x000002239c4485f8 [0x000002239c448320+0x2d8]
v  ~StubRoutines::call_stub
J 1607  java.security.AccessController.doPrivileged(Ljava/security/PrivilegedAction;Ljava/security/AccessControlContext;)Ljava/lang/Object; (0 bytes) @ 0x000002239b5f7ba6 [0x000002239b5f7b40+0x66]
J 9033 C2 java.awt.EventQueue.dispatchEvent(Ljava/awt/AWTEvent;)V (80 bytes) @ 0x000002239c5abd04 [0x000002239c5ab400+0x904]
J 9140 C2 ui.frmwork.a.e.dispatchEvent(Ljava/awt/AWTEvent;)V (30 bytes) @ 0x000002239b77ea6c [0x000002239b77ea00+0x6c]
J 9146 C2 java.awt.EventDispatchThread.pumpOneEventForFilters(I)V (295 bytes) @ 0x000002239bc71624 [0x000002239bc70b40+0xae4]
j  java.awt.EventDispatchThread.pumpEventsForFilter(ILjava/awt/Conditional;Ljava/awt/EventFilter;)V+35
j  java.awt.EventDispatchThread.pumpEventsForHierarchy(ILjava/awt/Conditional;Ljava/awt/Component;)V+11
j  java.awt.EventDispatchThread.pumpEvents(ILjava/awt/Conditional;)V+4
j  java.awt.EventDispatchThread.pumpEvents(Ljava/awt/Conditional;)V+3
j  java.awt.EventDispatchThread.run()V+9
v  ~StubRoutines::call_stub

---------------  P R O C E S S  ---------------

Java Threads: ( => current thread )
  0x00000223bf16d000 JavaThread "Image Fetcher 0" daemon [_thread_blocked, id=4052, stack(0x000000796e200000,0x000000796e700000)]
  0x00000223c3d68800 JavaThread "Thread-22" [_thread_in_native, id=5256, stack(0x0000007966900000,0x0000007966a00000)]
  0x00000223becd7800 JavaThread "Refresh links" [_thread_blocked, id=1104, stack(0x0000007965a00000,0x0000007965f00000)]
  0x00000223bec0b800 JavaThread "Refresh GTs" [_thread_blocked, id=5108, stack(0x0000007965500000,0x0000007965a00000)]
  0x00000223be41d800 JavaThread "hw_ila_monitor" [_thread_blocked, id=2908, stack(0x0000007964100000,0x0000007964600000)]
  0x00000223b2974800 JavaThread "Update Runs" [_thread_blocked, id=604, stack(0x0000007963100000,0x0000007963600000)]
  0x00000223b2767800 JavaThread "Refresh Filesets" [_thread_blocked, id=1824, stack(0x0000007962c00000,0x0000007963100000)]
  0x00000223b4bab800 JavaThread "Swing-Shell" daemon [_thread_blocked, id=4412, stack(0x0000007961100000,0x0000007961600000)]
  0x00000223b7cad800 JavaThread "Monitor File Timestamp" [_thread_blocked, id=6036, stack(0x0000007960700000,0x0000007960c00000)]
=>0x00000223b2c1e000 JavaThread "AWT-EventQueue-1" [_thread_in_native, id=3000, stack(0x000000795ee00000,0x000000795f300000)]
  0x00000223b2c1f800 JavaThread "Process Messages" [_thread_blocked, id=5652, stack(0x000000795e900000,0x000000795ee00000)]
  0x000002239a647000 JavaThread "Thread-3" [_thread_in_native, id=3356, stack(0x0000007958300000,0x0000007959700000)]
  0x00000223b26d2000 JavaThread "AWT-EventQueue-0" [_thread_blocked, id=4768, stack(0x000000795e400000,0x000000795e900000)]
  0x00000223b26d9000 JavaThread "AWT-Windows" daemon [_thread_in_native, id=2392, stack(0x000000795df00000,0x000000795e400000)]
  0x00000223b26c7000 JavaThread "AWT-Shutdown" [_thread_blocked, id=4716, stack(0x000000795da00000,0x000000795df00000)]
  0x00000223b26b0800 JavaThread "Java2D Disposer" daemon [_thread_blocked, id=2592, stack(0x000000795d500000,0x000000795da00000)]
  0x00000223b2a1f800 JavaThread "TimerQueue" daemon [_thread_blocked, id=2160, stack(0x000000795cb00000,0x000000795d000000)]
  0x00000223b20a5800 JavaThread "Service Thread" daemon [_thread_blocked, id=4580, stack(0x000000795c500000,0x000000795ca00000)]
  0x00000223b2021800 JavaThread "C1 CompilerThread1" daemon [_thread_blocked, id=4896, stack(0x000000795c400000,0x000000795c500000)]
  0x00000223b2023800 JavaThread "C2 CompilerThread0" daemon [_thread_blocked, id=4888, stack(0x000000795c300000,0x000000795c400000)]
  0x00000223b2017000 JavaThread "Attach Listener" daemon [_thread_blocked, id=2380, stack(0x000000795be00000,0x000000795c300000)]
  0x00000223b2011000 JavaThread "Signal Dispatcher" daemon [_thread_blocked, id=4796, stack(0x000000795b900000,0x000000795be00000)]
  0x00000223b1fdc000 JavaThread "Finalizer" daemon [_thread_blocked, id=1224, stack(0x000000795b400000,0x000000795b900000)]
  0x00000223b1fdd000 JavaThread "Reference Handler" daemon [_thread_blocked, id=5832, stack(0x000000795af00000,0x000000795b400000)]
  0x0000022398395800 JavaThread "main" [_thread_blocked, id=2416, stack(0x000000795ab00000,0x000000795ac00000)]

Other Threads:
  0x00000223b1f32800 VMThread [stack: 0x000000795ae00000,0x000000795af00000] [id=1384]
  0x00000223b20a4800 WatcherThread [stack: 0x000000795ca00000,0x000000795cb00000] [id=4660]

VM state:not at safepoint (normal execution)

VM Mutex/Monitor currently owned by a thread: None

Heap:
 PSYoungGen      total 50688K, used 19267K [0x00000007bc400000, 0x00000007c0000000, 0x00000007c0000000)
  eden space 40448K, 35% used [0x00000007bc400000,0x00000007bd1f4658,0x00000007beb80000)
  from space 10240K, 48% used [0x00000007beb80000,0x00000007bf05c900,0x00000007bf580000)
  to   space 10240K, 0% used [0x00000007bf600000,0x00000007bf600000,0x00000007c0000000)
 ParOldGen       total 181760K, used 36056K [0x0000000700000000, 0x000000070b180000, 0x00000007bc400000)
  object space 181760K, 19% used [0x0000000700000000,0x0000000702336010,0x000000070b180000)
 Metaspace       used 51402K, capacity 51753K, committed 52352K, reserved 1093632K
  class space    used 7420K, capacity 7477K, committed 7552K, reserved 1048576K

Card table byte_map: [0x00000223aa430000,0x00000223aaa40000] byte_map_base: 0x00000223a6c30000

Marking Bits: (ParMarkBitMap*) 0x000000005dd1d490
 Begin Bits: [0x00000223ab030000, 0x00000223ae030000)
 End Bits:   [0x00000223ae030000, 0x00000223b1030000)

Polling page: 0x00000223975c0000

CodeCache: size=245760Kb used=26479Kb max_used=26550Kb free=219280Kb
 bounds [0x000002239b070000, 0x000002239cab0000, 0x00000223aa070000]
 total_blobs=8395 nmethods=7589 adapters=715
 compilation: enabled

Compilation events (10 events):
Event: 240.272 Thread 0x00000223b2021800 9239       3       javax.swing.JTable::getScrollableTracksViewportHeight (39 bytes)
Event: 240.273 Thread 0x00000223b2021800 nmethod 9239 0x000002239c75a210 code [0x000002239c75a3e0, 0x000002239c75ad30]
Event: 240.353 Thread 0x00000223b2023800 9240       4       sun.awt.NullComponentPeer::getInsets (5 bytes)
Event: 240.354 Thread 0x00000223b2023800 nmethod 9240 0x000002239bc15790 code [0x000002239bc158e0, 0x000002239bc159b8]
Event: 240.374 Thread 0x00000223b2021800 9241  s    3       java.awt.geom.Path2D$Float::lineTo (58 bytes)
Event: 240.374 Thread 0x00000223b2021800 nmethod 9241 0x000002239bb82090 code [0x000002239bb82200, 0x000002239bb82630]
Event: 240.375 Thread 0x00000223b2023800 9242       4       java.awt.geom.Path2D$Float$CopyIterator::currentSegment (39 bytes)
Event: 240.377 Thread 0x00000223b2023800 nmethod 9242 0x000002239bfab290 code [0x000002239bfab3e0, 0x000002239bfab578]
Event: 240.377 Thread 0x00000223b2023800 9243       4       javax.swing.text.FlowView$FlowStrategy::insertUpdate (62 bytes)
Event: 240.383 Thread 0x00000223b2023800 nmethod 9243 0x000002239c85e550 code [0x000002239c85e720, 0x000002239c85f0c8]

GC Heap History (10 events):
Event: 17.381 GC heap before
{Heap before GC invocations=28 (full 3):
 PSYoungGen      total 48128K, used 37615K [0x00000007bc400000, 0x00000007c0000000, 0x00000007c0000000)
  eden space 33792K, 99% used [0x00000007bc400000,0x00000007be4fed68,0x00000007be500000)
  from space 14336K, 26% used [0x00000007bf200000,0x00000007bf5bd068,0x00000007c0000000)
  to   space 13312K, 0% used [0x00000007be500000,0x00000007be500000,0x00000007bf200000)
 ParOldGen       total 181760K, used 36032K [0x0000000700000000, 0x000000070b180000, 0x00000007bc400000)
  object space 181760K, 19% used [0x0000000700000000,0x0000000702330010,0x000000070b180000)
 Metaspace       used 49923K, capacity 50249K, committed 50688K, reserved 1093632K
  class space    used 7244K, capacity 7317K, committed 7424K, reserved 1048576K
Event: 17.385 GC heap after
Heap after GC invocations=28 (full 3):
 PSYoungGen      total 47104K, used 3479K [0x00000007bc400000, 0x00000007c0000000, 0x00000007c0000000)
  eden space 33792K, 0% used [0x00000007bc400000,0x00000007bc400000,0x00000007be500000)
  from space 13312K, 26% used [0x00000007be500000,0x00000007be865ef8,0x00000007bf200000)
  to   space 12288K, 0% used [0x00000007bf400000,0x00000007bf400000,0x00000007c0000000)
 ParOldGen       total 181760K, used 36040K [0x0000000700000000, 0x000000070b180000, 0x00000007bc400000)
  object space 181760K, 19% used [0x0000000700000000,0x0000000702332010,0x000000070b180000)
 Metaspace       used 49923K, capacity 50249K, committed 50688K, reserved 1093632K
  class space    used 7244K, capacity 7317K, committed 7424K, reserved 1048576K
}
Event: 17.746 GC heap before
{Heap before GC invocations=29 (full 3):
 PSYoungGen      total 47104K, used 37271K [0x00000007bc400000, 0x00000007c0000000, 0x00000007c0000000)
  eden space 33792K, 100% used [0x00000007bc400000,0x00000007be500000,0x00000007be500000)
  from space 13312K, 26% used [0x00000007be500000,0x00000007be865ef8,0x00000007bf200000)
  to   space 12288K, 0% used [0x00000007bf400000,0x00000007bf400000,0x00000007c0000000)
 ParOldGen       total 181760K, used 36040K [0x0000000700000000, 0x000000070b180000, 0x00000007bc400000)
  object space 181760K, 19% used [0x0000000700000000,0x0000000702332010,0x000000070b180000)
 Metaspace       used 49932K, capacity 50249K, committed 50688K, reserved 1093632K
  class space    used 7244K, capacity 7317K, committed 7424K, reserved 1048576K
Event: 17.751 GC heap after
Heap after GC invocations=29 (full 3):
 PSYoungGen      total 49664K, used 3406K [0x00000007bc400000, 0x00000007c0000000, 0x00000007c0000000)
  eden space 37376K, 0% used [0x00000007bc400000,0x00000007bc400000,0x00000007be880000)
  from space 12288K, 27% used [0x00000007bf400000,0x00000007bf7538f8,0x00000007c0000000)
  to   space 11776K, 0% used [0x00000007be880000,0x00000007be880000,0x00000007bf400000)
 ParOldGen       total 181760K, used 36048K [0x0000000700000000, 0x000000070b180000, 0x00000007bc400000)
  object space 181760K, 19% used [0x0000000700000000,0x0000000702334010,0x000000070b180000)
 Metaspace       used 49932K, capacity 50249K, committed 50688K, reserved 1093632K
  class space    used 7244K, capacity 7317K, committed 7424K, reserved 1048576K
}
Event: 18.228 GC heap before
{Heap before GC invocations=30 (full 3):
 PSYoungGen      total 49664K, used 40782K [0x00000007bc400000, 0x00000007c0000000, 0x00000007c0000000)
  eden space 37376K, 100% used [0x00000007bc400000,0x00000007be880000,0x00000007be880000)
  from space 12288K, 27% used [0x00000007bf400000,0x00000007bf7538f8,0x00000007c0000000)
  to   space 11776K, 0% used [0x00000007be880000,0x00000007be880000,0x00000007bf400000)
 ParOldGen       total 181760K, used 36048K [0x0000000700000000, 0x000000070b180000, 0x00000007bc400000)
  object space 181760K, 19% used [0x0000000700000000,0x0000000702334010,0x000000070b180000)
 Metaspace       used 49961K, capacity 50313K, committed 50944K, reserved 1093632K
  class space    used 7245K, capacity 7317K, committed 7424K, reserved 1048576K
Event: 18.233 GC heap after
Heap after GC invocations=30 (full 3):
 PSYoungGen      total 49152K, used 3296K [0x00000007bc400000, 0x00000007c0000000, 0x00000007c0000000)
  eden space 37376K, 0% used [0x00000007bc400000,0x00000007bc400000,0x00000007be880000)
  from space 11776K, 27% used [0x00000007be880000,0x00000007bebb82a0,0x00000007bf400000)
  to   space 10752K, 0% used [0x00000007bf580000,0x00000007bf580000,0x00000007c0000000)
 ParOldGen       total 181760K, used 36048K [0x0000000700000000, 0x000000070b180000, 0x00000007bc400000)
  object space 181760K, 19% used [0x0000000700000000,0x0000000702334010,0x000000070b180000)
 Metaspace       used 49961K, capacity 50313K, committed 50944K, reserved 1093632K
  class space    used 7245K, capacity 7317K, committed 7424K, reserved 1048576K
}
Event: 18.510 GC heap before
{Heap before GC invocations=31 (full 3):
 PSYoungGen      total 49152K, used 40672K [0x00000007bc400000, 0x00000007c0000000, 0x00000007c0000000)
  eden space 37376K, 100% used [0x00000007bc400000,0x00000007be880000,0x00000007be880000)
  from space 11776K, 27% used [0x00000007be880000,0x00000007bebb82a0,0x00000007bf400000)
  to   space 10752K, 0% used [0x00000007bf580000,0x00000007bf580000,0x00000007c0000000)
 ParOldGen       total 181760K, used 36048K [0x0000000700000000, 0x000000070b180000, 0x00000007bc400000)
  object space 181760K, 19% used [0x0000000700000000,0x0000000702334010,0x000000070b180000)
 Metaspace       used 49967K, capacity 50313K, committed 50944K, reserved 1093632K
  class space    used 7245K, capacity 7317K, committed 7424K, reserved 1048576K
Event: 18.515 GC heap after
Heap after GC invocations=31 (full 3):
 PSYoungGen      total 51200K, used 3351K [0x00000007bc400000, 0x00000007c0000000, 0x00000007c0000000)
  eden space 40448K, 0% used [0x00000007bc400000,0x00000007bc400000,0x00000007beb80000)
  from space 10752K, 31% used [0x00000007bf580000,0x00000007bf8c5ca0,0x00000007c0000000)
  to   space 10240K, 0% used [0x00000007beb80000,0x00000007beb80000,0x00000007bf580000)
 ParOldGen       total 181760K, used 36056K [0x0000000700000000, 0x000000070b180000, 0x00000007bc400000)
  object space 181760K, 19% used [0x0000000700000000,0x0000000702336010,0x000000070b180000)
 Metaspace       used 49967K, capacity 50313K, committed 50944K, reserved 1093632K
  class space    used 7245K, capacity 7317K, committed 7424K, reserved 1048576K
}
Event: 24.331 GC heap before
{Heap before GC invocations=32 (full 3):
 PSYoungGen      total 51200K, used 43799K [0x00000007bc400000, 0x00000007c0000000, 0x00000007c0000000)
  eden space 40448K, 100% used [0x00000007bc400000,0x00000007beb80000,0x00000007beb80000)
  from space 10752K, 31% used [0x00000007bf580000,0x00000007bf8c5ca0,0x00000007c0000000)
  to   space 10240K, 0% used [0x00000007beb80000,0x00000007beb80000,0x00000007bf580000)
 ParOldGen       total 181760K, used 36056K [0x0000000700000000, 0x000000070b180000, 0x00000007bc400000)
  object space 181760K, 19% used [0x0000000700000000,0x0000000702336010,0x000000070b180000)
 Metaspace       used 51254K, capacity 51561K, committed 52096K, reserved 1093632K
  class space    used 7416K, capacity 7477K, committed 7552K, reserved 1048576K
Event: 24.337 GC heap after
Heap after GC invocations=32 (full 3):
 PSYoungGen      total 50688K, used 4978K [0x00000007bc400000, 0x00000007c0000000, 0x00000007c0000000)
  eden space 40448K, 0% used [0x00000007bc400000,0x00000007bc400000,0x00000007beb80000)
  from space 10240K, 48% used [0x00000007beb80000,0x00000007bf05c900,0x00000007bf580000)
  to   space 10240K, 0% used [0x00000007bf600000,0x00000007bf600000,0x00000007c0000000)
 ParOldGen       total 181760K, used 36056K [0x0000000700000000, 0x000000070b180000, 0x00000007bc400000)
  object space 181760K, 19% used [0x0000000700000000,0x0000000702336010,0x000000070b180000)
 Metaspace       used 51254K, capacity 51561K, committed 52096K, reserved 1093632K
  class space    used 7416K, capacity 7477K, committed 7552K, reserved 1048576K
}

Deoptimization events (10 events):
Event: 23.807 Thread 0x00000223c3d68800 Uncommon trap: reason=unreached action=reinterpret pc=0x000002239c2ad644 method=java.security.AccessControlContext.optimize()Ljava/security/AccessControlContext; @ 49
Event: 23.808 Thread 0x00000223b2c1e000 Uncommon trap: reason=array_check action=maybe_recompile pc=0x000002239ca50d28 method=java.util.Arrays.swap([Ljava/lang/Object;II)V @ 13
Event: 23.808 Thread 0x00000223b2c1e000 Uncommon trap: reason=array_check action=maybe_recompile pc=0x000002239ca50d28 method=java.util.Arrays.swap([Ljava/lang/Object;II)V @ 13
Event: 24.328 Thread 0x00000223b2c1e000 Uncommon trap: reason=class_check action=maybe_recompile pc=0x000002239c72f6bc method=java.util.HashMap.removeNode(ILjava/lang/Object;Ljava/lang/Object;ZZ)Ljava/util/HashMap$Node; @ 68
Event: 177.447 Thread 0x00000223b2c1e000 Uncommon trap: reason=class_check action=maybe_recompile pc=0x000002239bbda020 method=sun.font.TrueTypeGlyphMapper.getGlyphFromCMAP(I)C @ 5
Event: 177.452 Thread 0x00000223b2c1e000 Uncommon trap: reason=class_check action=maybe_recompile pc=0x000002239bbda020 method=sun.font.TrueTypeGlyphMapper.getGlyphFromCMAP(I)C @ 5
Event: 177.453 Thread 0x00000223b2c1e000 Uncommon trap: reason=class_check action=maybe_recompile pc=0x000002239bbda020 method=sun.font.TrueTypeGlyphMapper.getGlyphFromCMAP(I)C @ 5
Event: 177.454 Thread 0x00000223b2c1e000 Uncommon trap: reason=class_check action=maybe_recompile pc=0x000002239bbda020 method=sun.font.TrueTypeGlyphMapper.getGlyphFromCMAP(I)C @ 5
Event: 240.369 Thread 0x00000223bf16d000 Uncommon trap: reason=bimorphic action=maybe_recompile pc=0x000002239c72f27c method=java.util.HashMap.removeNode(ILjava/lang/Object;Ljava/lang/Object;ZZ)Ljava/util/HashMap$Node; @ 283
Event: 240.370 Thread 0x00000223bf16d000 Uncommon trap: reason=bimorphic action=maybe_recompile pc=0x000002239c72f27c method=java.util.HashMap.removeNode(ILjava/lang/Object;Ljava/lang/Object;ZZ)Ljava/util/HashMap$Node; @ 283

Internal exceptions (10 events):
Event: 24.314 Thread 0x00000223b2c1e000 Exception <a 'java/security/PrivilegedActionException'> (0x00000007bea9a1b0) thrown at [D:\re\workspace\8-2-build-windows-amd64-cygwin\jdk8u25\1677\hotspot\src\share\vm\prims\jvm.cpp, line 1312]
Event: 24.315 Thread 0x00000223b2c1e000 Exception <a 'java/security/PrivilegedActionException'> (0x00000007beae5be8) thrown at [D:\re\workspace\8-2-build-windows-amd64-cygwin\jdk8u25\1677\hotspot\src\share\vm\prims\jvm.cpp, line 1312]
Event: 24.315 Thread 0x00000223b2c1e000 Exception <a 'java/security/PrivilegedActionException'> (0x00000007beae9e08) thrown at [D:\re\workspace\8-2-build-windows-amd64-cygwin\jdk8u25\1677\hotspot\src\share\vm\prims\jvm.cpp, line 1312]
Event: 24.316 Thread 0x00000223b2c1e000 Exception <a 'java/security/PrivilegedActionException'> (0x00000007beaf0638) thrown at [D:\re\workspace\8-2-build-windows-amd64-cygwin\jdk8u25\1677\hotspot\src\share\vm\prims\jvm.cpp, line 1312]
Event: 24.316 Thread 0x00000223b2c1e000 Exception <a 'java/security/PrivilegedActionException'> (0x00000007beaf4ce8) thrown at [D:\re\workspace\8-2-build-windows-amd64-cygwin\jdk8u25\1677\hotspot\src\share\vm\prims\jvm.cpp, line 1312]
Event: 24.317 Thread 0x00000223b2c1e000 Exception <a 'java/security/PrivilegedActionException'> (0x00000007beaff8f0) thrown at [D:\re\workspace\8-2-build-windows-amd64-cygwin\jdk8u25\1677\hotspot\src\share\vm\prims\jvm.cpp, line 1312]
Event: 24.317 Thread 0x00000223b2c1e000 Exception <a 'java/security/PrivilegedActionException'> (0x00000007beb0b580) thrown at [D:\re\workspace\8-2-build-windows-amd64-cygwin\jdk8u25\1677\hotspot\src\share\vm\prims\jvm.cpp, line 1312]
Event: 240.072 Thread 0x00000223b2c1e000 Exception <a 'java/security/PrivilegedActionException'> (0x00000007bced8f60) thrown at [D:\re\workspace\8-2-build-windows-amd64-cygwin\jdk8u25\1677\hotspot\src\share\vm\prims\jvm.cpp, line 1312]
Event: 240.083 Thread 0x00000223b2c1e000 Exception <a 'java/security/PrivilegedActionException'> (0x00000007bceeb128) thrown at [D:\re\workspace\8-2-build-windows-amd64-cygwin\jdk8u25\1677\hotspot\src\share\vm\prims\jvm.cpp, line 1312]
Event: 240.085 Thread 0x00000223b2c1e000 Exception <a 'java/security/PrivilegedActionException'> (0x00000007bcef0d90) thrown at [D:\re\workspace\8-2-build-windows-amd64-cygwin\jdk8u25\1677\hotspot\src\share\vm\prims\jvm.cpp, line 1312]

Events (10 events):
Event: 240.269 Thread 0x00000223b2021800 flushing nmethod 0x000002239c74ca90
Event: 240.269 Thread 0x00000223b2021800 flushing nmethod 0x000002239c75a210
Event: 240.270 Thread 0x00000223b2021800 flushing nmethod 0x000002239c85e150
Event: 240.369 Thread 0x00000223bf16d000 Thread added: 0x00000223bf16d000
Event: 240.369 Thread 0x00000223bf16d000 Uncommon trap: trap_request=0xffffffc6 fr.pc=0x000002239c72f27c
Event: 240.369 Thread 0x00000223bf16d000 DEOPT PACKING pc=0x000002239c72f27c sp=0x000000796e6fda60
Event: 240.369 Thread 0x00000223bf16d000 DEOPT UNPACKING pc=0x000002239b0b5572 sp=0x000000796e6fd948 mode 2
Event: 240.370 Thread 0x00000223bf16d000 Uncommon trap: trap_request=0xffffffc6 fr.pc=0x000002239c72f27c
Event: 240.370 Thread 0x00000223bf16d000 DEOPT PACKING pc=0x000002239c72f27c sp=0x000000796e6fda60
Event: 240.370 Thread 0x00000223bf16d000 DEOPT UNPACKING pc=0x000002239b0b5572 sp=0x000000796e6fd948 mode 2


Dynamic libraries:
0x00007ff657010000 - 0x00007ff65704d000 	C:\Xilinx\Vivado\2015.2\bin\unwrapped\win64.o\vivado.exe
0x00007ffcd7fc0000 - 0x00007ffcd81a0000 	C:\Windows\SYSTEM32\ntdll.dll
0x00007ffcd7860000 - 0x00007ffcd790e000 	C:\Windows\System32\KERNEL32.DLL
0x00007ffcd43c0000 - 0x00007ffcd4626000 	C:\Windows\System32\KERNELBASE.dll
0x00007ffccf970000 - 0x00007ffccf983000 	C:\Xilinx\Vivado\2015.2\lib\win64.o\libboost_signals.dll
0x000000000a900000 - 0x000000000a98d000 	C:\Xilinx\Vivado\2015.2\lib\win64.o\SHSMP64.dll
0x00007ffcd7de0000 - 0x00007ffcd7f6f000 	C:\Windows\System32\USER32.dll
0x00007ffcd5470000 - 0x00007ffcd5490000 	C:\Windows\System32\win32u.dll
0x00007ffccf950000 - 0x00007ffccf961000 	C:\Xilinx\Vivado\2015.2\lib\win64.o\librdi_commonmain.dll
0x00007ffcd5cb0000 - 0x00007ffcd5cd8000 	C:\Windows\System32\GDI32.dll
0x00007ffcd4ed0000 - 0x00007ffcd5063000 	C:\Windows\System32\gdi32full.dll
0x00007ffccf420000 - 0x00007ffccf4c7000 	C:\Windows\SYSTEM32\MSVCP110.dll
0x00007ffcd4630000 - 0x00007ffcd46cb000 	C:\Windows\System32\msvcp_win.dll
0x00007ffcd5070000 - 0x00007ffcd5164000 	C:\Windows\System32\ucrtbase.dll
0x00007ffccf340000 - 0x00007ffccf414000 	C:\Windows\SYSTEM32\MSVCR110.dll
0x00007ffcd6340000 - 0x00007ffcd63e1000 	C:\Windows\System32\ADVAPI32.dll
0x00007ffcd57a0000 - 0x00007ffcd583d000 	C:\Windows\System32\msvcrt.dll
0x00007ffcd6150000 - 0x00007ffcd61ab000 	C:\Windows\System32\sechost.dll
0x00007ffccc080000 - 0x00007ffccc0a2000 	C:\Xilinx\Vivado\2015.2\lib\win64.o\libboost_filesystem.dll
0x00007ffcd6210000 - 0x00007ffcd632f000 	C:\Windows\System32\RPCRT4.dll
0x00007ffcb4620000 - 0x00007ffcb4f63000 	C:\Xilinx\Vivado\2015.2\lib\win64.o\librdi_common.dll
0x00007ffcd6330000 - 0x00007ffcd6338000 	C:\Windows\System32\PSAPI.DLL
0x00007ffcd6420000 - 0x00007ffcd7858000 	C:\Windows\System32\SHELL32.dll
0x00007ffccfa50000 - 0x00007ffccfa59000 	C:\Xilinx\Vivado\2015.2\lib\win64.o\librdi_commonversion.dll
0x00007ffcd51f0000 - 0x00007ffcd523a000 	C:\Windows\System32\cfgmgr32.dll
0x00007ffcd60a0000 - 0x00007ffcd6146000 	C:\Windows\System32\shcore.dll
0x00007ffcc9400000 - 0x00007ffcc9454000 	C:\Xilinx\Vivado\2015.2\lib\win64.o\librdi_commonxillic.dll
0x00007ffcd5490000 - 0x00007ffcd5796000 	C:\Windows\System32\combase.dll
0x00007ffcd5170000 - 0x00007ffcd51e2000 	C:\Windows\System32\bcryptPrimitives.dll
0x00007ffcd46d0000 - 0x00007ffcd4e17000 	C:\Windows\System32\windows.storage.dll
0x000000005dda0000 - 0x000000005dec7000 	C:\Xilinx\Vivado\2015.2\lib\win64.o\tcl85t.dll
0x00007ffcd5a00000 - 0x00007ffcd5a6c000 	C:\Windows\System32\WS2_32.dll
0x00007ffcd5c50000 - 0x00007ffcd5ca1000 	C:\Windows\System32\shlwapi.dll
0x00007ffcd43a0000 - 0x00007ffcd43b1000 	C:\Windows\System32\kernel.appcore.dll
0x00007ffcd4310000 - 0x00007ffcd435c000 	C:\Windows\System32\powrprof.dll
0x00007ffcd4380000 - 0x00007ffcd439b000 	C:\Windows\System32\profapi.dll
0x00007ffccf940000 - 0x00007ffccf949000 	C:\Xilinx\Vivado\2015.2\lib\win64.o\libboost_system.dll
0x00007ffccb200000 - 0x00007ffccb20a000 	C:\Windows\SYSTEM32\VERSION.dll
0x00007ffcb5630000 - 0x00007ffcb58d8000 	C:\Xilinx\Vivado\2015.2\lib\win64.o\libCOIN-all.dll
0x00007ffcb5410000 - 0x00007ffcb5630000 	C:\Xilinx\Vivado\2015.2\lib\win64.o\libXil_lmgr11.dll
0x00007ffcd5b40000 - 0x00007ffcd5c4a000 	C:\Windows\System32\COMDLG32.dll
0x00007ffccf930000 - 0x00007ffccf940000 	C:\Xilinx\Vivado\2015.2\lib\win64.o\libboost_date_time.dll
0x00007ffcd5a70000 - 0x00007ffcd5b34000 	C:\Windows\System32\OLEAUT32.dll
0x00007ffcd5840000 - 0x00007ffcd5989000 	C:\Windows\System32\ole32.dll
0x00007ffcd5410000 - 0x00007ffcd5469000 	C:\Windows\System32\WINTRUST.dll
0x00007ffcc6080000 - 0x00007ffcc60f4000 	C:\Xilinx\Vivado\2015.2\lib\win64.o\libboost_program_options.dll
0x00007ffcd4360000 - 0x00007ffcd4372000 	C:\Windows\System32\MSASN1.dll
0x00007ffcd5240000 - 0x00007ffcd540e000 	C:\Windows\System32\CRYPT32.dll
0x00007ffcc5f80000 - 0x00007ffcc607a000 	C:\Xilinx\Vivado\2015.2\lib\win64.o\libboost_regex.dll
0x00007ffccb250000 - 0x00007ffccb26d000 	C:\Xilinx\Vivado\2015.2\lib\win64.o\libboost_thread.dll
0x00007ffcc3900000 - 0x00007ffcc3980000 	C:\Xilinx\Vivado\2015.2\lib\win64.o\libhdlpsolve.dll
0x00007ffcbdbc0000 - 0x00007ffcbdc5a000 	C:\Xilinx\Vivado\2015.2\lib\win64.o\libhdxml.dll
0x00007ffcb4010000 - 0x00007ffcb461a200 	C:\Xilinx\Vivado\2015.2\lib\win64.o\libisl_iostreams.dll
0x00007ffcc93d0000 - 0x00007ffcc93f3000 	C:\Xilinx\Vivado\2015.2\lib\win64.o\libisl_iosutils.dll
0x00007ffcc5f50000 - 0x00007ffcc5f7a000 	C:\Xilinx\Vivado\2015.2\lib\win64.o\libisl_sysinfo.dll
0x00007ffcc98c0000 - 0x00007ffcc98d5000 	C:\Xilinx\Vivado\2015.2\lib\win64.o\pthreadVC2.dll
0x000000005d540000 - 0x000000005dd9a000 	C:\Xilinx\Vivado\2015.2\tps\win64\jre\bin\server\jvm.dll
0x00007ffcb7310000 - 0x00007ffcb7440000 	C:\Xilinx\Vivado\2015.2\lib\win64.o\librdi_curl.dll
0x00007ffcc5f30000 - 0x00007ffcc5f48000 	C:\Xilinx\Vivado\2015.2\lib\win64.o\librdiconfig.dll
0x00007ffcc5e30000 - 0x00007ffcc5e53000 	C:\Xilinx\Vivado\2015.2\lib\win64.o\librdizlib.dll
0x0000000012000000 - 0x0000000012263000 	C:\Xilinx\Vivado\2015.2\lib\win64.o\xerces-c_3_1.dll
0x00007ffcc62b0000 - 0x00007ffcc6752000 	C:\Windows\SYSTEM32\WININET.dll
0x00007ffccd470000 - 0x00007ffccd639000 	C:\Windows\SYSTEM32\urlmon.dll
0x00007ffccdcc0000 - 0x00007ffccdd9e000 	C:\Windows\SYSTEM32\WINHTTP.dll
0x00007ffcd7f70000 - 0x00007ffcd7f8d000 	C:\Windows\System32\imagehlp.dll
0x00007ffcc8c60000 - 0x00007ffcc8c69000 	C:\Windows\SYSTEM32\WSOCK32.dll
0x00007ffcc36c0000 - 0x00007ffcc36e3000 	C:\Windows\SYSTEM32\VCOMP110.DLL
0x00007ffcc39b0000 - 0x00007ffcc39c7000 	C:\Windows\SYSTEM32\NETAPI32.dll
0x00007ffcb7260000 - 0x00007ffcb7306000 	C:\Windows\WinSxS\amd64_microsoft.windows.common-controls_6595b64144ccf1df_5.82.16299.1237_none_f7321f5fa4a56cdf\COMCTL32.dll
0x00007ffcc7980000 - 0x00007ffcc798b000 	C:\Xilinx\Vivado\2015.2\lib\win64.o\libboost_chrono.dll
0x00007ffcc3c40000 - 0x00007ffcc3c56000 	C:\Xilinx\Vivado\2015.2\lib\win64.o\libboost_iostreams.dll
0x000000005d460000 - 0x000000005d532000 	C:\Windows\SYSTEM32\MSVCR100.dll
0x00007ffcd2230000 - 0x00007ffcd2253000 	C:\Windows\SYSTEM32\WINMM.dll
0x00007ffccd0f0000 - 0x00007ffccd390000 	C:\Windows\SYSTEM32\iertutil.dll
0x00007ffcd21d0000 - 0x00007ffcd21fa000 	C:\Windows\SYSTEM32\WINMMBASE.dll
0x00007ffcd3d20000 - 0x00007ffcd3d2b000 	C:\Windows\SYSTEM32\CRYPTBASE.DLL
0x00007ffcd63f0000 - 0x00007ffcd641d000 	C:\Windows\System32\IMM32.DLL
0x00007ffcb3c00000 - 0x00007ffcb400a000 	C:\Xilinx\Vivado\2015.2\lib\win64.o\librdi_commontasks.dll
0x00007ffcb33f0000 - 0x00007ffcb3c00000 	C:\Xilinx\Vivado\2015.2\lib\win64.o\libXil_lmgr11FNP.dll
0x00007ffcd7910000 - 0x00007ffcd7d5e000 	C:\Windows\System32\SETUPAPI.dll
0x00007ffcd38d0000 - 0x00007ffcd3909000 	C:\Windows\SYSTEM32\iphlpapi.dll
0x00007ffcc9a20000 - 0x00007ffcc9a2c000 	C:\Windows\SYSTEM32\snmpapi.dll
0x00007ffccbd30000 - 0x00007ffccbdb6000 	C:\Windows\SYSTEM32\WINSPOOL.DRV
0x00007ffcd3e10000 - 0x00007ffcd3e35000 	C:\Windows\SYSTEM32\bcrypt.dll
0x00007ffcc3190000 - 0x00007ffcc31fe000 	C:\Windows\SYSTEM32\OLEACC.dll
0x00007ffcd3d00000 - 0x00007ffcd3d17000 	C:\Windows\SYSTEM32\CRYPTSP.dll
0x00007ffcd3740000 - 0x00007ffcd3773000 	C:\Windows\system32\rsaenh.dll
0x00007ffcd4240000 - 0x00007ffcd4270000 	C:\Windows\SYSTEM32\SspiCli.dll
0x00007ffcd26b0000 - 0x00007ffcd2745000 	C:\Windows\system32\uxtheme.dll
0x00007ffcc2e40000 - 0x00007ffcc2e56000 	C:\Windows\system32\napinsp.dll
0x00007ffcd40c0000 - 0x00007ffcd40e7000 	C:\Windows\SYSTEM32\DEVOBJ.dll
0x00007ffcd0de0000 - 0x00007ffcd0df8000 	C:\Windows\system32\NLAapi.dll
0x00007ffcd3b40000 - 0x00007ffcd3ba6000 	C:\Windows\System32\mswsock.dll
0x00007ffcd3910000 - 0x00007ffcd39c7000 	C:\Windows\SYSTEM32\DNSAPI.dll
0x00007ffcd5990000 - 0x00007ffcd5998000 	C:\Windows\System32\NSI.dll
0x00007ffcc2e60000 - 0x00007ffcc2e6e000 	C:\Windows\System32\winrnr.dll
0x00007ffcc3610000 - 0x00007ffcc36b9000 	C:\Program Files\Common Files\microsoft shared\ink\tiptsf.dll
0x00007ffcce010000 - 0x00007ffcce080000 	C:\Windows\System32\fwpuclnt.dll
0x00007ffcd5e90000 - 0x00007ffcd5f2e000 	C:\Windows\System32\clbcatq.dll
0x00007ffcca250000 - 0x00007ffcca25a000 	C:\Windows\system32\wshqos.dll
0x00007ffcca240000 - 0x00007ffcca248000 	C:\Windows\SYSTEM32\wshtcpip.DLL
0x00007ffcca230000 - 0x00007ffcca238000 	C:\Windows\SYSTEM32\wship6.dll
0x00007ffcb2e50000 - 0x00007ffcb33eb000 	C:\Xilinx\Vivado\2015.2\lib\win64.o\librdi_coretasks.dll
0x00007ffcb2c90000 - 0x00007ffcb2e4e000 	C:\Xilinx\Vivado\2015.2\lib\win64.o\librdi_chipscope.dll
0x00007ffcb6cf0000 - 0x00007ffcb6e2a000 	C:\Xilinx\Vivado\2015.2\lib\win64.o\librdi_board.dll
0x00007ffcb0390000 - 0x00007ffcb1b80000 	C:\Xilinx\Vivado\2015.2\lib\win64.o\librdi_coregen.dll
0x00007ffcacd00000 - 0x00007ffcb0385000 	C:\Xilinx\Vivado\2015.2\lib\win64.o\librdi_designutils.dll
0x00007ffca6200000 - 0x00007ffcaccff000 	C:\Xilinx\Vivado\2015.2\lib\win64.o\librdi_device.dll
0x00007ffca5a30000 - 0x00007ffca5d5d000 	C:\Xilinx\Vivado\2015.2\lib\win64.o\librdi_filemgmt.dll
0x00007ffca5d60000 - 0x00007ffca61f3000 	C:\Xilinx\Vivado\2015.2\lib\win64.o\librdi_drc.dll
0x00007ffca5600000 - 0x00007ffca5a22000 	C:\Xilinx\Vivado\2015.2\lib\win64.o\librdi_netlist.dll
0x00007ffca3fd0000 - 0x00007ffca55f4000 	C:\Xilinx\Vivado\2015.2\lib\win64.o\librdi_place.dll
0x00007ffca3ae0000 - 0x00007ffca3fc1000 	C:\Xilinx\Vivado\2015.2\lib\win64.o\librdi_power.dll
0x00007ffca36e0000 - 0x00007ffca3adb000 	C:\Xilinx\Vivado\2015.2\lib\win64.o\librdi_project.dll
0x00007ffcb8f00000 - 0x00007ffcb8f4d000 	C:\Xilinx\Vivado\2015.2\lib\win64.o\librdi_projectbase.dll
0x00007ffca3250000 - 0x00007ffca36e0000 	C:\Xilinx\Vivado\2015.2\lib\win64.o\librdi_psta.dll
0x00007ffc9f260000 - 0x00007ffc9f688000 	C:\Xilinx\Vivado\2015.2\lib\win64.o\librdi_rsb.dll
0x00007ffca2ff0000 - 0x00007ffca3246000 	C:\Xilinx\Vivado\2015.2\lib\win64.o\librdi_runs.dll
0x00007ffcb6fb0000 - 0x00007ffcb7009000 	C:\Xilinx\Vivado\2015.2\lib\win64.o\librdi_runsbase.dll
0x00007ffca26e0000 - 0x00007ffca2fee000 	C:\Xilinx\Vivado\2015.2\lib\win64.o\librdi_timing.dll
0x00007ffcb6f40000 - 0x00007ffcb6fa3000 	C:\Xilinx\Vivado\2015.2\lib\win64.o\liblmx6.0.dll
0x00007ffcb1b80000 - 0x00007ffcb2c8b000 	C:\Xilinx\Vivado\2015.2\lib\win64.o\librdi_constraints.dll
0x00007ffca2020000 - 0x00007ffca26d9000 	C:\Xilinx\Vivado\2015.2\lib\win64.o\librdi_coregenipxact.dll
0x00007ffca1810000 - 0x00007ffca201d000 	C:\Xilinx\Vivado\2015.2\lib\win64.o\libverific.dll
0x00007ffcb5360000 - 0x00007ffcb53a7000 	C:\Xilinx\Vivado\2015.2\lib\win64.o\libboost_serialization.dll
0x00007ffca15e0000 - 0x00007ffca1803000 	C:\Xilinx\Vivado\2015.2\lib\win64.o\librdi_bitstream.dll
0x00007ffca10a0000 - 0x00007ffca15e0000 	C:\Xilinx\Vivado\2015.2\lib\win64.o\librdi_xdm.dll
0x00007ffca07c0000 - 0x00007ffca109b000 	C:\Xilinx\Vivado\2015.2\lib\win64.o\librdi_mig.dll

VM Arguments:
jvm_args: -Dsun.java2d.pmoffscreen=false -Dsun.java2d.d3d=false -Dsun.awt.nopixfmt=true -Xverify:none -Dswing.aatext=true -XX:-UsePerfData -Djdk.map.althashing.threshold=512 -XX:StringTableSize=4072 -Djava.util.Arrays.useLegacyMergeSort=true -XX:NewSize=60m -XX:MaxNewSize=60m -Xms128m -Xmx3072m -Xss5m 
java_command: <unknown>
java_class_path (initial): C:/Xilinx/Vivado/2015.2\lib\classes\alloy.jar;C:/Xilinx/Vivado/2015.2\lib\classes\antlr-2.7.7.jar;C:/Xilinx/Vivado/2015.2\lib\classes\batik-anim.jar;C:/Xilinx/Vivado/2015.2\lib\classes\batik-awt-util.jar;C:/Xilinx/Vivado/2015.2\lib\classes\batik-bridge.jar;C:/Xilinx/Vivado/2015.2\lib\classes\batik-codec.jar;C:/Xilinx/Vivado/2015.2\lib\classes\batik-css.jar;C:/Xilinx/Vivado/2015.2\lib\classes\batik-dom.jar;C:/Xilinx/Vivado/2015.2\lib\classes\batik-ext.jar;C:/Xilinx/Vivado/2015.2\lib\classes\batik-gui-util.jar;C:/Xilinx/Vivado/2015.2\lib\classes\batik-gvt.jar;C:/Xilinx/Vivado/2015.2\lib\classes\batik-parser.jar;C:/Xilinx/Vivado/2015.2\lib\classes\batik-script.jar;C:/Xilinx/Vivado/2015.2\lib\classes\batik-svg-dom.jar;C:/Xilinx/Vivado/2015.2\lib\classes\batik-swing.jar;C:/Xilinx/Vivado/2015.2\lib\classes\batik-transcoder.jar;C:/Xilinx/Vivado/2015.2\lib\classes\batik-util.jar;C:/Xilinx/Vivado/2015.2\lib\classes\batik-xml.jar;C:/Xilinx/Vivado/2015.2\lib\classes\commons-logging.jar;C:/Xilinx/Vivado/2015.2\lib\classes\commons-math-2.2.jar;C:/Xilinx/Vivado/2015.2\lib\classes\dom4j-1.6.1.jar;C:/Xilinx/Vivado/2015.2\lib\classes\forms.jar;C:/Xilinx/Vivado/2015.2\lib\classes\guava-15.0.jar;C:/Xilinx/Vivado/2015.2\lib\classes\hsqldb.jar;C:/Xilinx/Vivado/2015.2\lib\classes\jdom.jar;C:/Xilinx/Vivado/2015.2\lib\classes\jide-action.jar;C:/Xilinx/Vivado/2015.2\lib\classes\jide-charts.jar;C:/Xilinx/Vivado/2015.2\lib\classes\jide-common.jar;C:/Xilinx/Vivado/2015.2\lib\classes\jide-components.jar;C:/Xilinx/Vivado/2015.2\lib\classes\jide-dashboard.jar;C:/Xilinx/Vivado/2015.2\lib\classes\jide-data.jar;C:/Xilinx/Vivado/2015.2\lib\classes\jide-dialogs.jar;C:/Xilinx/Vivado/2015.2\lib\classes\jide-diff.jar;C:/Xilinx/Vivado/2015.2\lib\classes\jide-dock.jar;C:/Xilinx/Vivado/2015.2\lib\classes\jide-editor.jar;C:/Xilinx/Vivado/2015.2\lib\classes\jide-gantt.jar;C:/Xilinx/Vivado/2015.2\lib\classes\jide-grids.jar;C:/Xilinx/Vivado/2015.2\lib\classes\jide-pivot.jar;C:/Xilin
Launcher Type: generic

Environment Variables:
PATH=C:/Xilinx/Vivado/2015.2/bin;C:/Xilinx/Vivado/2015.2/lib/win64.o;C:/Xilinx/Vivado/2015.2/tps/win64/jre/bin/server;C:/Xilinx/Vivado/2015.2/tps/win64/jre/bin;C:/Xilinx/SDK/2015.2/bin;C:/Xilinx/Vivado/2015.2/ids_lite/ISE/bin/nt64;C:/Xilinx/Vivado/2015.2/ids_lite/ISE/lib/nt64;C:/Xilinx/Vivado_HLS/2015.2/bin;C:\Program Files (x86)\Parallels\Parallels Tools\Applications;C:\Windows\system32;C:\Windows;C:\Windows\System32\Wbem;C:\Windows\System32\WindowsPowerShell\v1.0\;C:\MinGW\bin;C:\Program Files\PuTTY\;C:\Users\mac\AppData\Local\Microsoft\WindowsApps
USERNAME=mac
OS=Windows_NT
PROCESSOR_IDENTIFIER=Intel64 Family 6 Model 158 Stepping 13, GenuineIntel



---------------  S Y S T E M  ---------------

OS: Windows 8 , 64 bit Build 9200 

CPU:total 2 (2 cores per cpu, 1 threads per core) family 6 model 158 stepping 13, cmov, cx8, fxsr, mmx, sse, sse2, sse3, ssse3, sse4.1, sse4.2, popcnt, avx, avx2, aes, clmul, erms, lzcnt, tsc, bmi1, bmi2

Memory: 4k page, physical 2073932k(1056732k free), swap 5612876k(2792136k free)

vm_info: Java HotSpot(TM) 64-Bit Server VM (25.25-b02) for windows-amd64 JRE (1.8.0_25-b18), built on Oct  7 2014 14:25:37 by "java_re" with MS VC++ 10.0 (VS2010)

time: Sun Nov 28 21:29:14 2021
elapsed time: 240 seconds (0d 0h 4m 0s)

