#
# A fatal error has been detected by the Java Runtime Environment:
#
#  EXCEPTION_ACCESS_VIOLATION (0xc0000005) at pc=0x00007ffa9e650c20, pid=4328, tid=6092
#
# JRE version: Java(TM) SE Runtime Environment (8.0_25-b18) (build 1.8.0_25-b18)
# Java VM: Java HotSpot(TM) 64-Bit Server VM (25.25-b02 mixed mode windows-amd64 compressed oops)
# Problematic frame:
# C  0x00007ffa9e650c20
#
# Failed to write core dump. Minidumps are not enabled by default on client versions of Windows
#
# If you would like to submit a bug report, please visit:
#   http://bugreport.sun.com/bugreport/crash.jsp
# The crash happened outside the Java Virtual Machine in native code.
# See problematic frame for where to report the bug.
#

---------------  T H R E A D  ---------------

Current thread (0x000001bf00c1e000):  JavaThread "AWT-EventQueue-1" [_thread_in_native, id=6092, stack(0x000000a393300000,0x000000a393800000)]

siginfo: ExceptionCode=0xc0000005, reading address 0x000000000000020f

Registers:
RAX=0x000007a753355886, RBX=0x0000000000000720, RCX=0x000000000000003f, RDX=0x000000a3937fc940
RSP=0x000000a3937fc7f8, RBP=0x000000a3937fc950, RSI=0x0000000704bbf650, RDI=0x000001bf39c502a0
R8 =0x000001bf39c502a0, R9 =0x00000007bdb28c48, R10=0x00007ffaa0efe890, R11=0x000001befb1c0000
R12=0x0000000000000000, R13=0x0000000700ce7f80, R14=0x000000a3937fc940, R15=0x000001bf00c1e000
RIP=0x00007ffa9e650c20, EFLAGS=0x0000000000010206

Top of Stack: (sp=0x000000a3937fc7f8)
0x000000a3937fc7f8:   00007ffaa0dcc03b 0000000000000000
0x000000a3937fc808:   000001beeffd4e9c 00000007bdb27ea0
0x000000a3937fc818:   0000000000000000 0000000000000720
0x000000a3937fc828:   00007ffaa0efe8bf 0000000701560fa0
0x000000a3937fc838:   00000007bdb28c10 0000000000000000
0x000000a3937fc848:   0000000000000001 000001bf00c1e1e8
0x000000a3937fc858:   00000007bdb28c30 fffffffffffffffe
0x000000a3937fc868:   0000000100000000 00000007e0072817
0x000000a3937fc878:   0000000705b3a248 000000070123dbd8
0x000000a3937fc888:   000000000000003f 000000a3937fc930
0x000000a3937fc898:   000001bef0669f00 00000007bdb289e0
0x000000a3937fc8a8:   000001bef0508f1d 0000000701560d30
0x000000a3937fc8b8:   0000000000000000 0000000704bbf650
0x000000a3937fc8c8:   000001beefc9bc14 0000000200000000
0x000000a3937fc8d8:   000007a753355886 00000007bdb25628
0x000000a3937fc8e8:   000001bef062959a 0000000000000000 

Instructions: (pc=0x00007ffa9e650c20)
0x00007ffa9e650c00:   48 8b 89 00 02 00 00 e9 94 8c 02 00 cc cc cc cc
0x00007ffa9e650c10:   48 8b 89 00 02 00 00 e9 94 8c 02 00 cc cc cc cc
0x00007ffa9e650c20:   48 8b 89 d0 01 00 00 48 85 c9 0f 85 30 98 02 00
0x00007ffa9e650c30:   32 c0 c3 cc cc cc cc cc cc cc cc cc cc cc cc cc 


Register to memory mapping:

RAX=0x000007a753355886 is an unknown value
RBX=0x0000000000000720 is an unknown value
RCX=0x000000000000003f is an unknown value
RDX=0x000000a3937fc940 is pointing into the stack for thread: 0x000001bf00c1e000
RSP=0x000000a3937fc7f8 is pointing into the stack for thread: 0x000001bf00c1e000
RBP=0x000000a3937fc950 is pointing into the stack for thread: 0x000001bf00c1e000
RSI=0x0000000704bbf650 is an oop
ui.views.b.m.d.d 
 - klass: 'ui/views/b/m/d/d'
RDI=0x000001bf39c502a0 is an unknown value
R8 =0x000001bf39c502a0 is an unknown value
R9 =0x00000007bdb28c48 is an oop
[Ljava.lang.Object; 
 - klass: 'java/lang/Object'[]
 - length: 10
R10=0x00007ffaa0efe890 is an unknown value
R11=0x000001befb1c0000 is an unknown value
R12=0x0000000000000000 is an unknown value
R13=0x0000000700ce7f80 is an oop
ui.views.J.W 
 - klass: 'ui/views/J/W'
R14=0x000000a3937fc940 is pointing into the stack for thread: 0x000001bf00c1e000
R15=0x000001bf00c1e000 is a thread


Stack: [0x000000a393300000,0x000000a393800000],  sp=0x000000a3937fc7f8,  free space=5105k
Native frames: (J=compiled Java code, j=interpreted, Vv=VM code, C=native code)
C  0x00007ffa9e650c20

Java frames: (J=compiled Java code, j=interpreted, Vv=VM code)
J 21674  ui.data.labtools.lthwdatai.HWDevice_isXicomCfgMemSupported(J)Z (0 bytes) @ 0x000001bef0629501 [0x000001bef06294c0+0x41]
J 20586 C1 ui.views.b.m.d.a.aY()Z (44 bytes) @ 0x000001bef2f6cd6c [0x000001bef2f6c7c0+0x5ac]
J 20585 C1 ui.views.b.m.d.d.l(Lui/views/J/e;)Z (5 bytes) @ 0x000001bef04f9774 [0x000001bef04f9680+0xf4]
J 12782 C2 ui.views.J.n.k(Lui/views/J/W;)Z (51 bytes) @ 0x000001beeff64910 [0x000001beeff64500+0x410]
J 18214 C2 ui.views.J.j.getTreeCellRendererComponent(Ljavax/swing/JTree;Ljava/lang/Object;ZZZIZ)Ljava/awt/Component; (433 bytes) @ 0x000001bef28353ac [0x000001bef2834000+0x13ac]
J 12903 C2 org.jdesktop.swingx.JXTree$DelegatingRenderer.getTreeCellRendererComponent(Ljavax/swing/JTree;Ljava/lang/Object;ZZZIZ)Ljava/awt/Component; (75 bytes) @ 0x000001bef12da5ac [0x000001bef12da540+0x6c]
J 19617 C2 javax.swing.tree.VariableHeightLayoutCache$TreeStateNode.expand(Z)V (532 bytes) @ 0x000001bef2d52804 [0x000001bef2d51880+0xf84]
J 10738 C1 javax.swing.tree.VariableHeightLayoutCache.ensurePathIsExpanded(Ljavax/swing/tree/TreePath;Z)V (56 bytes) @ 0x000001bef150b4ac [0x000001bef150a9c0+0xaec]
J 9363 C1 javax.swing.tree.VariableHeightLayoutCache.setExpandedState(Ljavax/swing/tree/TreePath;Z)V (38 bytes) @ 0x000001bef1237ce4 [0x000001bef1237340+0x9a4]
J 21120 C1 javax.swing.plaf.basic.BasicTreeUI.updateExpandedDescendants(Ljavax/swing/tree/TreePath;)V (73 bytes) @ 0x000001bef1f534b4 [0x000001bef1f532a0+0x214]
J 14902 C2 javax.swing.JTree.fireTreeExpanded(Ljavax/swing/tree/TreePath;)V (107 bytes) @ 0x000001bef17f36b8 [0x000001bef17f35a0+0x118]
J 18316 C2 javax.swing.JTree.setExpandedState(Ljavax/swing/tree/TreePath;Z)V (422 bytes) @ 0x000001bef20e7df0 [0x000001bef20e75a0+0x850]
J 16756 C2 javax.swing.JTree.expandPath(Ljavax/swing/tree/TreePath;)V (33 bytes) @ 0x000001beefb21fe4 [0x000001beefb21f60+0x84]
j  ui.views.J.u.c(Lui/views/J/n;)V+38
j  ui.views.J.u.a(Lui/views/J/u;Lui/views/J/n;)V+2
j  ui.views.J.z.mouseReleased(Ljava/awt/event/MouseEvent;)V+65
J 11715 C1 java.awt.AWTEventMulticaster.mouseReleased(Ljava/awt/event/MouseEvent;)V (27 bytes) @ 0x000001bef08b0774 [0x000001bef08b03a0+0x3d4]
J 11715 C1 java.awt.AWTEventMulticaster.mouseReleased(Ljava/awt/event/MouseEvent;)V (27 bytes) @ 0x000001bef08b05bc [0x000001bef08b03a0+0x21c]
J 11715 C1 java.awt.AWTEventMulticaster.mouseReleased(Ljava/awt/event/MouseEvent;)V (27 bytes) @ 0x000001bef08b05bc [0x000001bef08b03a0+0x21c]
J 15228 C2 javax.swing.JComponent.processMouseEvent(Ljava/awt/event/MouseEvent;)V (27 bytes) @ 0x000001bef1905018 [0x000001bef1904e80+0x198]
J 18310 C2 java.awt.Component.processEvent(Ljava/awt/AWTEvent;)V (220 bytes) @ 0x000001bef03c8148 [0x000001bef03c8000+0x148]
J 14582 C1 ui.g.i.v.Y.processEvent(Ljava/awt/AWTEvent;)V (71 bytes) @ 0x000001bef0bd7804 [0x000001bef0bd5f80+0x1884]
J 19663 C2 java.awt.Component.dispatchEventImpl(Ljava/awt/AWTEvent;)V (883 bytes) @ 0x000001bef2d5fed4 [0x000001bef2d5f520+0x9b4]
J 19643 C2 java.awt.Container.dispatchEventImpl(Ljava/awt/AWTEvent;)V (129 bytes) @ 0x000001bef1540e30 [0x000001bef1540c80+0x1b0]
J 7963 C2 java.awt.LightweightDispatcher.retargetMouseEvent(Ljava/awt/Component;ILjava/awt/event/MouseEvent;)V (350 bytes) @ 0x000001bef0e27af0 [0x000001bef0e27620+0x4d0]
J 10207 C2 java.awt.LightweightDispatcher.processMouseEvent(Ljava/awt/event/MouseEvent;)Z (301 bytes) @ 0x000001bef1554c1c [0x000001bef15548a0+0x37c]
J 19643 C2 java.awt.Container.dispatchEventImpl(Ljava/awt/AWTEvent;)V (129 bytes) @ 0x000001bef1540d38 [0x000001bef1540c80+0xb8]
J 10159 C2 java.awt.Window.dispatchEventImpl(Ljava/awt/AWTEvent;)V (23 bytes) @ 0x000001bef14f774c [0x000001bef14f7700+0x4c]
J 8032 C2 java.awt.EventQueue$3.run()Ljava/lang/Void; (60 bytes) @ 0x000001bef0ea4dcc [0x000001bef0ea49a0+0x42c]
J 8033 C2 java.awt.EventQueue$3.run()Ljava/lang/Object; (5 bytes) @ 0x000001bef0b5d4d4 [0x000001bef0b5d4a0+0x34]
v  ~StubRoutines::call_stub
J 1566  java.security.AccessController.doPrivileged(Ljava/security/PrivilegedAction;Ljava/security/AccessControlContext;)Ljava/lang/Object; (0 bytes) @ 0x000001beefb7c6e6 [0x000001beefb7c680+0x66]
J 9765 C2 java.awt.EventQueue$4.run()Ljava/lang/Object; (5 bytes) @ 0x000001beefb0a33c [0x000001beefb0a220+0x11c]
v  ~StubRoutines::call_stub
J 1566  java.security.AccessController.doPrivileged(Ljava/security/PrivilegedAction;Ljava/security/AccessControlContext;)Ljava/lang/Object; (0 bytes) @ 0x000001beefb7c6e6 [0x000001beefb7c680+0x66]
J 12453 C2 ui.frmwork.a.e.dispatchEvent(Ljava/awt/AWTEvent;)V (30 bytes) @ 0x000001bef1b4fce0 [0x000001bef1b4eea0+0xe40]
J 12504 C2 java.awt.EventDispatchThread.pumpOneEventForFilters(I)V (295 bytes) @ 0x000001bef1b6a57c [0x000001bef1b6a060+0x51c]
J 9170% C2 java.awt.EventDispatchThread.pumpEventsForFilter(ILjava/awt/Conditional;Ljava/awt/EventFilter;)V (47 bytes) @ 0x000001bef1152d48 [0x000001bef1152c00+0x148]
j  java.awt.EventDispatchThread.pumpEventsForHierarchy(ILjava/awt/Conditional;Ljava/awt/Component;)V+11
j  java.awt.EventDispatchThread.pumpEvents(ILjava/awt/Conditional;)V+4
j  java.awt.EventDispatchThread.pumpEvents(Ljava/awt/Conditional;)V+3
j  java.awt.EventDispatchThread.run()V+9
v  ~StubRoutines::call_stub

---------------  P R O C E S S  ---------------

Java Threads: ( => current thread )
  0x000001bf38fa3000 JavaThread "Image Fetcher 3" daemon [_thread_blocked, id=3328, stack(0x000000a65c300000,0x000000a65c800000)]
  0x000001bf38faf000 JavaThread "Image Fetcher 2" daemon [_thread_blocked, id=1804, stack(0x000000a65be00000,0x000000a65c300000)]
  0x000001bf39563800 JavaThread "Image Fetcher 1" daemon [_thread_blocked, id=3632, stack(0x000000a65aa00000,0x000000a65af00000)]
  0x000001bf3411f000 JavaThread "Image Fetcher 0" daemon [_thread_blocked, id=1904, stack(0x000000a658900000,0x000000a658e00000)]
  0x000001bf39566000 JavaThread "Monitor File Timestamp" [_thread_blocked, id=2228, stack(0x000000a5edd00000,0x000000a5ee200000)]
  0x000001bf34477800 JavaThread "Thread-1325" [_thread_in_native, id=5960, stack(0x000000a5d0100000,0x000000a5d0200000)]
  0x000001bf33fe2800 JavaThread "Refresh links" [_thread_blocked, id=2488, stack(0x000000a5cf200000,0x000000a5cf700000)]
  0x000001bf33f90800 JavaThread "Refresh GTs" [_thread_blocked, id=180, stack(0x000000a5ced00000,0x000000a5cf200000)]
  0x000001bf3441e000 JavaThread "Monitor File Timestamp" [_thread_blocked, id=3228, stack(0x000000a5acc00000,0x000000a5ad100000)]
  0x000001bf00df5800 JavaThread "Monitor File Timestamp" [_thread_blocked, id=4644, stack(0x000000a4b7d00000,0x000000a4b8200000)]
  0x000001bf056a6000 JavaThread "Monitor File Timestamp" [_thread_blocked, id=3388, stack(0x000000a48e900000,0x000000a48ee00000)]
  0x000001bf052db800 JavaThread "Monitor File Timestamp" [_thread_blocked, id=5392, stack(0x000000a48ad00000,0x000000a48b200000)]
  0x000001bf00264800 JavaThread "Monitor File Timestamp" [_thread_blocked, id=3936, stack(0x000000a459200000,0x000000a459700000)]
  0x000001bf00b2c000 JavaThread "Monitor File Timestamp" [_thread_blocked, id=3284, stack(0x000000a41dc00000,0x000000a41e100000)]
  0x000001bf051a7800 JavaThread "Monitor File Timestamp" [_thread_blocked, id=3456, stack(0x000000a39c600000,0x000000a39cb00000)]
  0x000001bf01390800 JavaThread "Monitor File Timestamp" [_thread_blocked, id=5576, stack(0x000000a39bc00000,0x000000a39c100000)]
  0x000001bf03bad800 JavaThread "hw_ila_monitor" [_thread_blocked, id=2624, stack(0x000000a398600000,0x000000a398b00000)]
  0x000001bf033a4000 JavaThread "Update Runs" [_thread_blocked, id=5084, stack(0x000000a397700000,0x000000a397c00000)]
  0x000001bf031c6000 JavaThread "Refresh Filesets" [_thread_blocked, id=5884, stack(0x000000a397200000,0x000000a397700000)]
  0x000001bf00ba5800 JavaThread "Swing-Shell" daemon [_thread_blocked, id=5584, stack(0x000000a395600000,0x000000a395b00000)]
  0x000001bf01171800 JavaThread "Monitor File Timestamp" [_thread_blocked, id=1172, stack(0x000000a394c00000,0x000000a395100000)]
=>0x000001bf00c1e000 JavaThread "AWT-EventQueue-1" [_thread_in_native, id=6092, stack(0x000000a393300000,0x000000a393800000)]
  0x000001bf00c1f000 JavaThread "Process Messages" [_thread_blocked, id=4104, stack(0x000000a392e00000,0x000000a393300000)]
  0x000001bf007b5800 JavaThread "Thread-3" [_thread_in_native, id=5168, stack(0x000000a38c900000,0x000000a38dd00000)]
  0x000001bf003dd000 JavaThread "AWT-EventQueue-0" [_thread_blocked, id=5452, stack(0x000000a392900000,0x000000a392e00000)]
  0x000001bf003c1800 JavaThread "AWT-Windows" daemon [_thread_in_native, id=5560, stack(0x000000a392400000,0x000000a392900000)]
  0x000001bf003c2800 JavaThread "AWT-Shutdown" [_thread_blocked, id=5444, stack(0x000000a391f00000,0x000000a392400000)]
  0x000001bf003c5000 JavaThread "Java2D Disposer" daemon [_thread_blocked, id=6132, stack(0x000000a391a00000,0x000000a391f00000)]
  0x000001bf0072f800 JavaThread "TimerQueue" daemon [_thread_blocked, id=1600, stack(0x000000a391000000,0x000000a391500000)]
  0x000001beffe35800 JavaThread "Service Thread" daemon [_thread_blocked, id=2056, stack(0x000000a390a00000,0x000000a390f00000)]
  0x000001beffdb2000 JavaThread "C1 CompilerThread1" daemon [_thread_blocked, id=2504, stack(0x000000a390900000,0x000000a390a00000)]
  0x000001beffdb3800 JavaThread "C2 CompilerThread0" daemon [_thread_blocked, id=1156, stack(0x000000a390800000,0x000000a390900000)]
  0x000001beffda7000 JavaThread "Attach Listener" daemon [_thread_blocked, id=4080, stack(0x000000a390300000,0x000000a390800000)]
  0x000001beffda1000 JavaThread "Signal Dispatcher" daemon [_thread_blocked, id=2456, stack(0x000000a38fe00000,0x000000a390300000)]
  0x000001beffcb1800 JavaThread "Finalizer" daemon [_thread_blocked, id=420, stack(0x000000a38f900000,0x000000a38fe00000)]
  0x000001beffcc1000 JavaThread "Reference Handler" daemon [_thread_blocked, id=4964, stack(0x000000a38f400000,0x000000a38f900000)]
  0x000001beec9c5800 JavaThread "main" [_thread_blocked, id=5324, stack(0x000000a38f000000,0x000000a38f100000)]

Other Threads:
  0x000001beffcc4800 VMThread [stack: 0x000000a38f300000,0x000000a38f400000] [id=3772]
  0x000001beffe34000 WatcherThread [stack: 0x000000a390f00000,0x000000a391000000] [id=5164]

VM state:not at safepoint (normal execution)

VM Mutex/Monitor currently owned by a thread: None

Heap:
 PSYoungGen      total 48640K, used 33251K [0x00000007bc400000, 0x00000007c0000000, 0x00000007c0000000)
  eden space 35840K, 67% used [0x00000007bc400000,0x00000007bdbbc508,0x00000007be700000)
  from space 12800K, 69% used [0x00000007be700000,0x00000007befbc910,0x00000007bf380000)
  to   space 12800K, 0% used [0x00000007bf380000,0x00000007bf380000,0x00000007c0000000)
 ParOldGen       total 133632K, used 105625K [0x0000000700000000, 0x0000000708280000, 0x00000007bc400000)
  object space 133632K, 79% used [0x0000000700000000,0x0000000706726408,0x0000000708280000)
 Metaspace       used 72901K, capacity 73287K, committed 73728K, reserved 1112064K
  class space    used 10629K, capacity 10708K, committed 10752K, reserved 1048576K

Card table byte_map: [0x000001befe9c0000,0x000001befefd0000] byte_map_base: 0x000001befb1c0000

Marking Bits: (ParMarkBitMap*) 0x00000000753bd490
 Begin Bits: [0x000001be80000000, 0x000001be83000000)
 End Bits:   [0x000001be83000000, 0x000001be86000000)

Polling page: 0x000001beebc40000

CodeCache: size=245760Kb used=63565Kb max_used=64715Kb free=182194Kb
 bounds [0x000001beef600000, 0x000001bef35c0000, 0x000001befe600000]
 total_blobs=16736 nmethods=15808 adapters=833
 compilation: enabled

Compilation events (10 events):
Event: 17153.484 Thread 0x000001beffdb2000 22431   !   3       javax.swing.RepaintManager::endPaint (72 bytes)
Event: 17153.484 Thread 0x000001beffdb2000 nmethod 22431 0x000001beefad1710 code [0x000001beefad18a0, 0x000001beefad2110]
Event: 17153.577 Thread 0x000001beffdb2000 22432       3       javax.swing.RepaintManager::paint (93 bytes)
Event: 17153.578 Thread 0x000001beffdb2000 nmethod 22432 0x000001bef0151310 code [0x000001bef01514e0, 0x000001bef0151e00]
Event: 17153.994 Thread 0x000001beffdb3800 22433       4       ui.views.J.B::canHighlight (122 bytes)
Event: 17154.032 Thread 0x000001beffdb3800 nmethod 22433 0x000001bef026ee90 code [0x000001bef026f160, 0x000001bef0270c40]
Event: 17154.134 Thread 0x000001beffdb3800 22434       4       ui.views.J.D::paintRow (240 bytes)
Event: 17154.175 Thread 0x000001beffdb3800 nmethod 22434 0x000001bef2a8c1d0 code [0x000001bef2a8c520, 0x000001bef2a8ebe8]
Event: 17154.198 Thread 0x000001beffdb3800 22435       4       javax.swing.tree.VariableHeightLayoutCache$VisibleTreeStateNodeEnumeration::nextElement (62 bytes)
Event: 17154.214 Thread 0x000001beffdb3800 nmethod 22435 0x000001bef22e2310 code [0x000001bef22e24c0, 0x000001bef22e3dd8]

GC Heap History (10 events):
Event: 17150.694 GC heap before
{Heap before GC invocations=590 (full 17):
 PSYoungGen      total 48640K, used 44112K [0x00000007bc400000, 0x00000007c0000000, 0x00000007c0000000)
  eden space 35840K, 100% used [0x00000007bc400000,0x00000007be700000,0x00000007be700000)
  from space 12800K, 64% used [0x00000007bf380000,0x00000007bfb940c8,0x00000007c0000000)
  to   space 12800K, 0% used [0x00000007be700000,0x00000007be700000,0x00000007bf380000)
 ParOldGen       total 133632K, used 105625K [0x0000000700000000, 0x0000000708280000, 0x00000007bc400000)
  object space 133632K, 79% used [0x0000000700000000,0x0000000706726408,0x0000000708280000)
 Metaspace       used 72899K, capacity 73287K, committed 73728K, reserved 1112064K
  class space    used 10629K, capacity 10708K, committed 10752K, reserved 1048576K
Event: 17150.701 GC heap after
Heap after GC invocations=590 (full 17):
 PSYoungGen      total 48640K, used 8272K [0x00000007bc400000, 0x00000007c0000000, 0x00000007c0000000)
  eden space 35840K, 0% used [0x00000007bc400000,0x00000007bc400000,0x00000007be700000)
  from space 12800K, 64% used [0x00000007be700000,0x00000007bef140c8,0x00000007bf380000)
  to   space 12800K, 0% used [0x00000007bf380000,0x00000007bf380000,0x00000007c0000000)
 ParOldGen       total 133632K, used 105625K [0x0000000700000000, 0x0000000708280000, 0x00000007bc400000)
  object space 133632K, 79% used [0x0000000700000000,0x0000000706726408,0x0000000708280000)
 Metaspace       used 72899K, capacity 73287K, committed 73728K, reserved 1112064K
  class space    used 10629K, capacity 10708K, committed 10752K, reserved 1048576K
}
Event: 17151.222 GC heap before
{Heap before GC invocations=591 (full 17):
 PSYoungGen      total 48640K, used 44112K [0x00000007bc400000, 0x00000007c0000000, 0x00000007c0000000)
  eden space 35840K, 100% used [0x00000007bc400000,0x00000007be700000,0x00000007be700000)
  from space 12800K, 64% used [0x00000007be700000,0x00000007bef140c8,0x00000007bf380000)
  to   space 12800K, 0% used [0x00000007bf380000,0x00000007bf380000,0x00000007c0000000)
 ParOldGen       total 133632K, used 105625K [0x0000000700000000, 0x0000000708280000, 0x00000007bc400000)
  object space 133632K, 79% used [0x0000000700000000,0x0000000706726408,0x0000000708280000)
 Metaspace       used 72901K, capacity 73287K, committed 73728K, reserved 1112064K
  class space    used 10629K, capacity 10708K, committed 10752K, reserved 1048576K
Event: 17151.230 GC heap after
Heap after GC invocations=591 (full 17):
 PSYoungGen      total 48640K, used 8904K [0x00000007bc400000, 0x00000007c0000000, 0x00000007c0000000)
  eden space 35840K, 0% used [0x00000007bc400000,0x00000007bc400000,0x00000007be700000)
  from space 12800K, 69% used [0x00000007bf380000,0x00000007bfc32198,0x00000007c0000000)
  to   space 12800K, 0% used [0x00000007be700000,0x00000007be700000,0x00000007bf380000)
 ParOldGen       total 133632K, used 105625K [0x0000000700000000, 0x0000000708280000, 0x00000007bc400000)
  object space 133632K, 79% used [0x0000000700000000,0x0000000706726408,0x0000000708280000)
 Metaspace       used 72901K, capacity 73287K, committed 73728K, reserved 1112064K
  class space    used 10629K, capacity 10708K, committed 10752K, reserved 1048576K
}
Event: 17152.158 GC heap before
{Heap before GC invocations=592 (full 17):
 PSYoungGen      total 48640K, used 44744K [0x00000007bc400000, 0x00000007c0000000, 0x00000007c0000000)
  eden space 35840K, 100% used [0x00000007bc400000,0x00000007be700000,0x00000007be700000)
  from space 12800K, 69% used [0x00000007bf380000,0x00000007bfc32198,0x00000007c0000000)
  to   space 12800K, 0% used [0x00000007be700000,0x00000007be700000,0x00000007bf380000)
 ParOldGen       total 133632K, used 105625K [0x0000000700000000, 0x0000000708280000, 0x00000007bc400000)
  object space 133632K, 79% used [0x0000000700000000,0x0000000706726408,0x0000000708280000)
 Metaspace       used 72901K, capacity 73287K, committed 73728K, reserved 1112064K
  class space    used 10629K, capacity 10708K, committed 10752K, reserved 1048576K
Event: 17152.166 GC heap after
Heap after GC invocations=592 (full 17):
 PSYoungGen      total 48640K, used 8858K [0x00000007bc400000, 0x00000007c0000000, 0x00000007c0000000)
  eden space 35840K, 0% used [0x00000007bc400000,0x00000007bc400000,0x00000007be700000)
  from space 12800K, 69% used [0x00000007be700000,0x00000007befa6870,0x00000007bf380000)
  to   space 12800K, 0% used [0x00000007bf380000,0x00000007bf380000,0x00000007c0000000)
 ParOldGen       total 133632K, used 105625K [0x0000000700000000, 0x0000000708280000, 0x00000007bc400000)
  object space 133632K, 79% used [0x0000000700000000,0x0000000706726408,0x0000000708280000)
 Metaspace       used 72901K, capacity 73287K, committed 73728K, reserved 1112064K
  class space    used 10629K, capacity 10708K, committed 10752K, reserved 1048576K
}
Event: 17154.007 GC heap before
{Heap before GC invocations=593 (full 17):
 PSYoungGen      total 48640K, used 44698K [0x00000007bc400000, 0x00000007c0000000, 0x00000007c0000000)
  eden space 35840K, 100% used [0x00000007bc400000,0x00000007be700000,0x00000007be700000)
  from space 12800K, 69% used [0x00000007be700000,0x00000007befa6870,0x00000007bf380000)
  to   space 12800K, 0% used [0x00000007bf380000,0x00000007bf380000,0x00000007c0000000)
 ParOldGen       total 133632K, used 105625K [0x0000000700000000, 0x0000000708280000, 0x00000007bc400000)
  object space 133632K, 79% used [0x0000000700000000,0x0000000706726408,0x0000000708280000)
 Metaspace       used 72901K, capacity 73287K, committed 73728K, reserved 1112064K
  class space    used 10629K, capacity 10708K, committed 10752K, reserved 1048576K
Event: 17154.018 GC heap after
Heap after GC invocations=593 (full 17):
 PSYoungGen      total 48640K, used 8961K [0x00000007bc400000, 0x00000007c0000000, 0x00000007c0000000)
  eden space 35840K, 0% used [0x00000007bc400000,0x00000007bc400000,0x00000007be700000)
  from space 12800K, 70% used [0x00000007bf380000,0x00000007bfc407a8,0x00000007c0000000)
  to   space 12800K, 0% used [0x00000007be700000,0x00000007be700000,0x00000007bf380000)
 ParOldGen       total 133632K, used 105625K [0x0000000700000000, 0x0000000708280000, 0x00000007bc400000)
  object space 133632K, 79% used [0x0000000700000000,0x0000000706726408,0x0000000708280000)
 Metaspace       used 72901K, capacity 73287K, committed 73728K, reserved 1112064K
  class space    used 10629K, capacity 10708K, committed 10752K, reserved 1048576K
}
Event: 17154.226 GC heap before
{Heap before GC invocations=594 (full 17):
 PSYoungGen      total 48640K, used 44801K [0x00000007bc400000, 0x00000007c0000000, 0x00000007c0000000)
  eden space 35840K, 100% used [0x00000007bc400000,0x00000007be700000,0x00000007be700000)
  from space 12800K, 70% used [0x00000007bf380000,0x00000007bfc407a8,0x00000007c0000000)
  to   space 12800K, 0% used [0x00000007be700000,0x00000007be700000,0x00000007bf380000)
 ParOldGen       total 133632K, used 105625K [0x0000000700000000, 0x0000000708280000, 0x00000007bc400000)
  object space 133632K, 79% used [0x0000000700000000,0x0000000706726408,0x0000000708280000)
 Metaspace       used 72901K, capacity 73287K, committed 73728K, reserved 1112064K
  class space    used 10629K, capacity 10708K, committed 10752K, reserved 1048576K
Event: 17154.235 GC heap after
Heap after GC invocations=594 (full 17):
 PSYoungGen      total 48640K, used 8946K [0x00000007bc400000, 0x00000007c0000000, 0x00000007c0000000)
  eden space 35840K, 0% used [0x00000007bc400000,0x00000007bc400000,0x00000007be700000)
  from space 12800K, 69% used [0x00000007be700000,0x00000007befbc910,0x00000007bf380000)
  to   space 12800K, 0% used [0x00000007bf380000,0x00000007bf380000,0x00000007c0000000)
 ParOldGen       total 133632K, used 105625K [0x0000000700000000, 0x0000000708280000, 0x00000007bc400000)
  object space 133632K, 79% used [0x0000000700000000,0x0000000706726408,0x0000000708280000)
 Metaspace       used 72901K, capacity 73287K, committed 73728K, reserved 1112064K
  class space    used 10629K, capacity 10708K, committed 10752K, reserved 1048576K
}

Deoptimization events (10 events):
Event: 17149.535 Thread 0x000001bf00c1e000 Uncommon trap: reason=bimorphic action=maybe_recompile pc=0x000001bef00de550 method=java.awt.geom.Area.<init>(Ljava/awt/Shape;)V @ 28
Event: 17149.535 Thread 0x000001bf00c1e000 Uncommon trap: reason=bimorphic action=maybe_recompile pc=0x000001bef1d90308 method=java.awt.geom.Area.pathToCurves(Ljava/awt/geom/PathIterator;)Ljava/util/Vector; @ 9
Event: 17149.535 Thread 0x000001bf00c1e000 Uncommon trap: reason=bimorphic action=maybe_recompile pc=0x000001bef2ac6ed0 method=java.awt.geom.Path2D$Double.append(Ljava/awt/geom/PathIterator;Z)V @ 6
Event: 17149.536 Thread 0x000001bf00c1e000 Uncommon trap: reason=class_check action=maybe_recompile pc=0x000001bef2caf354 method=javax.swing.plaf.basic.BasicTreeUI.paintVerticalPartOfLeg(Ljava/awt/Graphics;Ljava/awt/Rectangle;Ljava/awt/Insets;Ljavax/swing/tree/TreePath;)V @ 252
Event: 17149.638 Thread 0x000001bf00c1e000 Uncommon trap: reason=class_check action=maybe_recompile pc=0x000001bef04024b8 method=sun.java2d.pipe.AAShapePipe.renderTiles(Lsun/java2d/SunGraphics2D;Ljava/awt/Shape;Lsun/java2d/pipe/AATileGenerator;[I)V @ 47
Event: 17149.638 Thread 0x000001bf00c1e000 Uncommon trap: reason=bimorphic action=maybe_recompile pc=0x000001bef00de550 method=java.awt.geom.Area.<init>(Ljava/awt/Shape;)V @ 28
Event: 17149.638 Thread 0x000001bf00c1e000 Uncommon trap: reason=bimorphic action=maybe_recompile pc=0x000001bef1d90308 method=java.awt.geom.Area.pathToCurves(Ljava/awt/geom/PathIterator;)Ljava/util/Vector; @ 9
Event: 17149.638 Thread 0x000001bf00c1e000 Uncommon trap: reason=bimorphic action=maybe_recompile pc=0x000001bef2ac6ed0 method=java.awt.geom.Path2D$Double.append(Ljava/awt/geom/PathIterator;Z)V @ 6
Event: 17149.639 Thread 0x000001bf00c1e000 Uncommon trap: reason=class_check action=maybe_recompile pc=0x000001bef2caf354 method=javax.swing.plaf.basic.BasicTreeUI.paintVerticalPartOfLeg(Ljava/awt/Graphics;Ljava/awt/Rectangle;Ljava/awt/Insets;Ljavax/swing/tree/TreePath;)V @ 252
Event: 17149.752 Thread 0x000001bf00c1e000 Uncommon trap: reason=unreached action=reinterpret pc=0x000001bef3155308 method=javax.swing.JComponent.getObscuredState(IIIII)I @ 42

Internal exceptions (10 events):
Event: 17146.676 Thread 0x000001bf00c1e000 Exception <a 'java/security/PrivilegedActionException'> (0x00000007becb5078) thrown at [D:\re\workspace\8-2-build-windows-amd64-cygwin\jdk8u25\1677\hotspot\src\share\vm\prims\jvm.cpp, line 1312]
Event: 17146.676 Thread 0x000001bf00c1e000 Exception <a 'java/security/PrivilegedActionException'> (0x00000007becb9510) thrown at [D:\re\workspace\8-2-build-windows-amd64-cygwin\jdk8u25\1677\hotspot\src\share\vm\prims\jvm.cpp, line 1312]
Event: 17146.677 Thread 0x000001bf00c1e000 Exception <a 'java/security/PrivilegedActionException'> (0x00000007becbdb68) thrown at [D:\re\workspace\8-2-build-windows-amd64-cygwin\jdk8u25\1677\hotspot\src\share\vm\prims\jvm.cpp, line 1312]
Event: 17146.678 Thread 0x000001bf00c1e000 Exception <a 'java/security/PrivilegedActionException'> (0x00000007becc5178) thrown at [D:\re\workspace\8-2-build-windows-amd64-cygwin\jdk8u25\1677\hotspot\src\share\vm\prims\jvm.cpp, line 1312]
Event: 17146.682 Thread 0x000001bf00c1e000 Exception <a 'java/security/PrivilegedActionException'> (0x00000007bed2de30) thrown at [D:\re\workspace\8-2-build-windows-amd64-cygwin\jdk8u25\1677\hotspot\src\share\vm\prims\jvm.cpp, line 1312]
Event: 17146.682 Thread 0x000001bf00c1e000 Exception <a 'java/security/PrivilegedActionException'> (0x00000007bed33160) thrown at [D:\re\workspace\8-2-build-windows-amd64-cygwin\jdk8u25\1677\hotspot\src\share\vm\prims\jvm.cpp, line 1312]
Event: 17146.683 Thread 0x000001bf00c1e000 Exception <a 'java/security/PrivilegedActionException'> (0x00000007bed39848) thrown at [D:\re\workspace\8-2-build-windows-amd64-cygwin\jdk8u25\1677\hotspot\src\share\vm\prims\jvm.cpp, line 1312]
Event: 17146.685 Thread 0x000001bf00c1e000 Exception <a 'java/security/PrivilegedActionException'> (0x00000007bed75d48) thrown at [D:\re\workspace\8-2-build-windows-amd64-cygwin\jdk8u25\1677\hotspot\src\share\vm\prims\jvm.cpp, line 1312]
Event: 17146.919 Thread 0x000001bf00c1e000 Implicit null exception at 0x000001bef1b9ca2e to 0x000001bef1b9e0b1
Event: 17147.138 Thread 0x000001bf00c1e000 Exception <a 'java/security/PrivilegedActionException'> (0x00000007bc65d178) thrown at [D:\re\workspace\8-2-build-windows-amd64-cygwin\jdk8u25\1677\hotspot\src\share\vm\prims\jvm.cpp, line 1312]

Events (10 events):
Event: 17154.215 Thread 0x000001beffdb3800 flushing nmethod 0x000001bef184b190
Event: 17154.215 Thread 0x000001beffdb3800 flushing nmethod 0x000001bef18a9f10
Event: 17154.215 Thread 0x000001beffdb3800 flushing nmethod 0x000001bef18aa250
Event: 17154.215 Thread 0x000001beffdb3800 flushing nmethod 0x000001bef18f7e90
Event: 17154.215 Thread 0x000001beffdb3800 flushing nmethod 0x000001bef1927390
Event: 17154.216 Thread 0x000001beffdb3800 flushing nmethod 0x000001bef1abf490
Event: 17154.216 Thread 0x000001beffdb3800 flushing nmethod 0x000001bef1b050d0
Event: 17154.216 Thread 0x000001beffdb3800 flushing nmethod 0x000001bef1b35810
Event: 17154.226 Executing VM operation: ParallelGCFailedAllocation
Event: 17154.235 Executing VM operation: ParallelGCFailedAllocation done


Dynamic libraries:
0x00007ff6a06d0000 - 0x00007ff6a070d000 	C:\Xilinx\Vivado\2015.2\bin\unwrapped\win64.o\vivado.exe
0x00007ffad9350000 - 0x00007ffad9530000 	C:\Windows\SYSTEM32\ntdll.dll
0x00007ffad6990000 - 0x00007ffad6a3e000 	C:\Windows\System32\KERNEL32.DLL
0x00007ffad5a20000 - 0x00007ffad5c86000 	C:\Windows\System32\KERNELBASE.dll
0x000000000a900000 - 0x000000000a98d000 	C:\Xilinx\Vivado\2015.2\lib\win64.o\SHSMP64.dll
0x00007ffad1930000 - 0x00007ffad1943000 	C:\Xilinx\Vivado\2015.2\lib\win64.o\libboost_signals.dll
0x00007ffad6b80000 - 0x00007ffad6d0f000 	C:\Windows\System32\USER32.dll
0x00007ffad5920000 - 0x00007ffad5940000 	C:\Windows\System32\win32u.dll
0x00007ffad9110000 - 0x00007ffad9138000 	C:\Windows\System32\GDI32.dll
0x00007ffad5f30000 - 0x00007ffad60c3000 	C:\Windows\System32\gdi32full.dll
0x00007ffad5d90000 - 0x00007ffad5e2b000 	C:\Windows\System32\msvcp_win.dll
0x00007ffad0b40000 - 0x00007ffad0b51000 	C:\Xilinx\Vivado\2015.2\lib\win64.o\librdi_commonmain.dll
0x00007ffad5c90000 - 0x00007ffad5d84000 	C:\Windows\System32\ucrtbase.dll
0x00007ffad0bc0000 - 0x00007ffad0c67000 	C:\Windows\SYSTEM32\MSVCP110.dll
0x00007ffad7320000 - 0x00007ffad73c1000 	C:\Windows\System32\ADVAPI32.dll
0x00007ffad7280000 - 0x00007ffad731d000 	C:\Windows\System32\msvcrt.dll
0x00007ffad0180000 - 0x00007ffad0254000 	C:\Windows\SYSTEM32\MSVCR110.dll
0x00007ffad8bf0000 - 0x00007ffad8c4b000 	C:\Windows\System32\sechost.dll
0x00007ffad7160000 - 0x00007ffad727f000 	C:\Windows\System32\RPCRT4.dll
0x00007ffad00d0000 - 0x00007ffad00f2000 	C:\Xilinx\Vivado\2015.2\lib\win64.o\libboost_filesystem.dll
0x00007ffab5e70000 - 0x00007ffab67b3000 	C:\Xilinx\Vivado\2015.2\lib\win64.o\librdi_common.dll
0x00007ffad9100000 - 0x00007ffad9108000 	C:\Windows\System32\PSAPI.DLL
0x00007ffacff90000 - 0x00007ffacff99000 	C:\Xilinx\Vivado\2015.2\lib\win64.o\librdi_commonversion.dll
0x00007ffad76a0000 - 0x00007ffad8ad8000 	C:\Windows\System32\SHELL32.dll
0x00007ffad5ee0000 - 0x00007ffad5f2a000 	C:\Windows\System32\cfgmgr32.dll
0x00007ffac8420000 - 0x00007ffac8474000 	C:\Xilinx\Vivado\2015.2\lib\win64.o\librdi_commonxillic.dll
0x00007ffad73d0000 - 0x00007ffad7476000 	C:\Windows\System32\shcore.dll
0x00007ffad8c50000 - 0x00007ffad8f56000 	C:\Windows\System32\combase.dll
0x00007ffad59a0000 - 0x00007ffad5a12000 	C:\Windows\System32\bcryptPrimitives.dll
0x0000000075440000 - 0x0000000075567000 	C:\Xilinx\Vivado\2015.2\lib\win64.o\tcl85t.dll
0x00007ffad60d0000 - 0x00007ffad6817000 	C:\Windows\System32\windows.storage.dll
0x00007ffad8ae0000 - 0x00007ffad8b4c000 	C:\Windows\System32\WS2_32.dll
0x00007ffad6b20000 - 0x00007ffad6b71000 	C:\Windows\System32\shlwapi.dll
0x00007ffad56a0000 - 0x00007ffad56b1000 	C:\Windows\System32\kernel.appcore.dll
0x00007ffad5700000 - 0x00007ffad574c000 	C:\Windows\System32\powrprof.dll
0x00007ffad56c0000 - 0x00007ffad56db000 	C:\Windows\System32\profapi.dll
0x00007ffac9120000 - 0x00007ffac912a000 	C:\Windows\SYSTEM32\VERSION.dll
0x00007ffad0040000 - 0x00007ffad0049000 	C:\Xilinx\Vivado\2015.2\lib\win64.o\libboost_system.dll
0x00007ffab7b50000 - 0x00007ffab7df8000 	C:\Xilinx\Vivado\2015.2\lib\win64.o\libCOIN-all.dll
0x00007ffac9ed0000 - 0x00007ffaca0f0000 	C:\Xilinx\Vivado\2015.2\lib\win64.o\libXil_lmgr11.dll
0x00007ffad1990000 - 0x00007ffad19a0000 	C:\Xilinx\Vivado\2015.2\lib\win64.o\libboost_date_time.dll
0x00007ffad8f60000 - 0x00007ffad906a000 	C:\Windows\System32\COMDLG32.dll
0x00007ffad0050000 - 0x00007ffad00c4000 	C:\Xilinx\Vivado\2015.2\lib\win64.o\libboost_program_options.dll
0x00007ffad6a50000 - 0x00007ffad6b14000 	C:\Windows\System32\OLEAUT32.dll
0x00007ffad91d0000 - 0x00007ffad9319000 	C:\Windows\System32\ole32.dll
0x00007ffac8f90000 - 0x00007ffac908a000 	C:\Xilinx\Vivado\2015.2\lib\win64.o\libboost_regex.dll
0x00007ffad5940000 - 0x00007ffad5999000 	C:\Windows\System32\WINTRUST.dll
0x00007ffad56e0000 - 0x00007ffad56f2000 	C:\Windows\System32\MSASN1.dll
0x00007ffad5750000 - 0x00007ffad591e000 	C:\Windows\System32\CRYPT32.dll
0x00007ffad0020000 - 0x00007ffad003d000 	C:\Xilinx\Vivado\2015.2\lib\win64.o\libboost_thread.dll
0x00007ffac8ef0000 - 0x00007ffac8f8a000 	C:\Xilinx\Vivado\2015.2\lib\win64.o\libhdxml.dll
0x00007ffacffa0000 - 0x00007ffad0020000 	C:\Xilinx\Vivado\2015.2\lib\win64.o\libhdlpsolve.dll
0x00007ffab5860000 - 0x00007ffab5e6a200 	C:\Xilinx\Vivado\2015.2\lib\win64.o\libisl_iostreams.dll
0x00007ffacea80000 - 0x00007ffaceaa3000 	C:\Xilinx\Vivado\2015.2\lib\win64.o\libisl_iosutils.dll
0x00007ffacdef0000 - 0x00007ffacdf1a000 	C:\Xilinx\Vivado\2015.2\lib\win64.o\libisl_sysinfo.dll
0x0000000074be0000 - 0x000000007543a000 	C:\Xilinx\Vivado\2015.2\tps\win64\jre\bin\server\jvm.dll
0x00007fface690000 - 0x00007fface6a5000 	C:\Xilinx\Vivado\2015.2\lib\win64.o\pthreadVC2.dll
0x00007ffac4cd0000 - 0x00007ffac4e00000 	C:\Xilinx\Vivado\2015.2\lib\win64.o\librdi_curl.dll
0x00007ffacff30000 - 0x00007ffacff48000 	C:\Xilinx\Vivado\2015.2\lib\win64.o\librdiconfig.dll
0x00007ffacdbe0000 - 0x00007ffacdc03000 	C:\Xilinx\Vivado\2015.2\lib\win64.o\librdizlib.dll
0x00007ffac9170000 - 0x00007ffac9612000 	C:\Windows\SYSTEM32\WININET.dll
0x0000000012000000 - 0x0000000012263000 	C:\Xilinx\Vivado\2015.2\lib\win64.o\xerces-c_3_1.dll
0x00007ffacef20000 - 0x00007ffaceffe000 	C:\Windows\SYSTEM32\WINHTTP.dll
0x00007ffacff80000 - 0x00007ffacff89000 	C:\Windows\SYSTEM32\WSOCK32.dll
0x00007ffaca2a0000 - 0x00007ffaca2c3000 	C:\Windows\SYSTEM32\VCOMP110.DLL
0x00007ffac40a0000 - 0x00007ffac40b7000 	C:\Windows\SYSTEM32\NETAPI32.dll
0x00007ffac4c20000 - 0x00007ffac4cc6000 	C:\Windows\WinSxS\amd64_microsoft.windows.common-controls_6595b64144ccf1df_5.82.16299.1237_none_f7321f5fa4a56cdf\COMCTL32.dll
0x00007ffacff60000 - 0x00007ffacff6b000 	C:\Xilinx\Vivado\2015.2\lib\win64.o\libboost_chrono.dll
0x00007ffacf0d0000 - 0x00007ffacf0e6000 	C:\Xilinx\Vivado\2015.2\lib\win64.o\libboost_iostreams.dll
0x00007ffad36d0000 - 0x00007ffad36f3000 	C:\Windows\SYSTEM32\WINMM.dll
0x0000000074b00000 - 0x0000000074bd2000 	C:\Windows\SYSTEM32\MSVCR100.dll
0x00007ffad3670000 - 0x00007ffad369a000 	C:\Windows\SYSTEM32\WINMMBASE.dll
0x00007ffaced50000 - 0x00007ffacef19000 	C:\Windows\SYSTEM32\urlmon.dll
0x00007ffad7480000 - 0x00007ffad749d000 	C:\Windows\System32\imagehlp.dll
0x00007ffaceab0000 - 0x00007ffaced50000 	C:\Windows\SYSTEM32\iertutil.dll
0x00007ffad50b0000 - 0x00007ffad50bb000 	C:\Windows\SYSTEM32\CRYPTBASE.DLL
0x00007ffad90d0000 - 0x00007ffad90fd000 	C:\Windows\System32\IMM32.DLL
0x00007ffab5450000 - 0x00007ffab585a000 	C:\Xilinx\Vivado\2015.2\lib\win64.o\librdi_commontasks.dll
0x00007ffab4c40000 - 0x00007ffab5450000 	C:\Xilinx\Vivado\2015.2\lib\win64.o\libXil_lmgr11FNP.dll
0x00007ffad6d10000 - 0x00007ffad715e000 	C:\Windows\System32\SETUPAPI.dll
0x00007ffad4c60000 - 0x00007ffad4c99000 	C:\Windows\SYSTEM32\iphlpapi.dll
0x00007ffac7eb0000 - 0x00007ffac7ebc000 	C:\Windows\SYSTEM32\snmpapi.dll
0x00007ffac4a90000 - 0x00007ffac4afe000 	C:\Windows\SYSTEM32\OLEACC.dll
0x00007ffaca820000 - 0x00007ffaca8a6000 	C:\Windows\SYSTEM32\WINSPOOL.DRV
0x00007ffad51a0000 - 0x00007ffad51c5000 	C:\Windows\SYSTEM32\bcrypt.dll
0x00007ffad5090000 - 0x00007ffad50a7000 	C:\Windows\SYSTEM32\CRYPTSP.dll
0x00007ffad4ad0000 - 0x00007ffad4b03000 	C:\Windows\system32\rsaenh.dll
0x00007ffad55d0000 - 0x00007ffad5600000 	C:\Windows\SYSTEM32\SspiCli.dll
0x00007ffad5450000 - 0x00007ffad5477000 	C:\Windows\SYSTEM32\DEVOBJ.dll
0x00007ffad3a40000 - 0x00007ffad3ad5000 	C:\Windows\system32\uxtheme.dll
0x00007ffac46e0000 - 0x00007ffac46f6000 	C:\Windows\system32\napinsp.dll
0x00007ffad2170000 - 0x00007ffad2188000 	C:\Windows\system32\NLAapi.dll
0x00007ffad4ed0000 - 0x00007ffad4f36000 	C:\Windows\System32\mswsock.dll
0x00007ffad4ca0000 - 0x00007ffad4d57000 	C:\Windows\SYSTEM32\DNSAPI.dll
0x00007ffad6a40000 - 0x00007ffad6a48000 	C:\Windows\System32\NSI.dll
0x00007ffac4ef0000 - 0x00007ffac4f99000 	C:\Program Files\Common Files\microsoft shared\ink\tiptsf.dll
0x00007ffac4700000 - 0x00007ffac470e000 	C:\Windows\System32\winrnr.dll
0x00007ffacf150000 - 0x00007ffacf1c0000 	C:\Windows\System32\fwpuclnt.dll
0x00007ffad8b50000 - 0x00007ffad8bee000 	C:\Windows\System32\clbcatq.dll
0x00007ffaca380000 - 0x00007ffaca38a000 	C:\Windows\system32\wshqos.dll
0x00007ffaca370000 - 0x00007ffaca378000 	C:\Windows\SYSTEM32\wshtcpip.DLL
0x00007ffaca360000 - 0x00007ffaca368000 	C:\Windows\SYSTEM32\wship6.dll
0x00007ffab46a0000 - 0x00007ffab4c3b000 	C:\Xilinx\Vivado\2015.2\lib\win64.o\librdi_coretasks.dll
0x00007ffab94a0000 - 0x00007ffab95da000 	C:\Xilinx\Vivado\2015.2\lib\win64.o\librdi_board.dll
0x00007ffab44e0000 - 0x00007ffab469e000 	C:\Xilinx\Vivado\2015.2\lib\win64.o\librdi_chipscope.dll
0x00007ffab33d0000 - 0x00007ffab44db000 	C:\Xilinx\Vivado\2015.2\lib\win64.o\librdi_constraints.dll
0x00007ffab1be0000 - 0x00007ffab33d0000 	C:\Xilinx\Vivado\2015.2\lib\win64.o\librdi_coregen.dll
0x00007ffaae550000 - 0x00007ffab1bd5000 	C:\Xilinx\Vivado\2015.2\lib\win64.o\librdi_designutils.dll
0x00007ffaa7a50000 - 0x00007ffaae54f000 	C:\Xilinx\Vivado\2015.2\lib\win64.o\librdi_device.dll
0x00007ffaa75b0000 - 0x00007ffaa7a43000 	C:\Xilinx\Vivado\2015.2\lib\win64.o\librdi_drc.dll
0x00007ffaa7280000 - 0x00007ffaa75ad000 	C:\Xilinx\Vivado\2015.2\lib\win64.o\librdi_filemgmt.dll
0x00007ffaa6e50000 - 0x00007ffaa7272000 	C:\Xilinx\Vivado\2015.2\lib\win64.o\librdi_netlist.dll
0x00007ffaa6960000 - 0x00007ffaa6e41000 	C:\Xilinx\Vivado\2015.2\lib\win64.o\librdi_power.dll
0x00007ffaa6560000 - 0x00007ffaa695b000 	C:\Xilinx\Vivado\2015.2\lib\win64.o\librdi_project.dll
0x00007ffac4bd0000 - 0x00007ffac4c1d000 	C:\Xilinx\Vivado\2015.2\lib\win64.o\librdi_projectbase.dll
0x00007ffaa1280000 - 0x00007ffaa28a4000 	C:\Xilinx\Vivado\2015.2\lib\win64.o\librdi_place.dll
0x00007ffaa60d0000 - 0x00007ffaa6560000 	C:\Xilinx\Vivado\2015.2\lib\win64.o\librdi_psta.dll
0x00007ffaa5ca0000 - 0x00007ffaa60c8000 	C:\Xilinx\Vivado\2015.2\lib\win64.o\librdi_rsb.dll
0x00007ffaa5a40000 - 0x00007ffaa5c96000 	C:\Xilinx\Vivado\2015.2\lib\win64.o\librdi_runs.dll
0x00007ffaa5130000 - 0x00007ffaa5a3e000 	C:\Xilinx\Vivado\2015.2\lib\win64.o\librdi_timing.dll
0x00007ffac49b0000 - 0x00007ffac4a09000 	C:\Xilinx\Vivado\2015.2\lib\win64.o\librdi_runsbase.dll
0x00007ffac41d0000 - 0x00007ffac4233000 	C:\Xilinx\Vivado\2015.2\lib\win64.o\liblmx6.0.dll
0x00007ffac0340000 - 0x00007ffac039d000 	C:\Xilinx\Vivado\2015.2\lib\win64.o\librdi_boarddep.dll
0x00007ffaa4a70000 - 0x00007ffaa5129000 	C:\Xilinx\Vivado\2015.2\lib\win64.o\librdi_coregenipxact.dll
0x00007ffabab90000 - 0x00007ffababd7000 	C:\Xilinx\Vivado\2015.2\lib\win64.o\libboost_serialization.dll
0x00007ffaa4030000 - 0x00007ffaa4253000 	C:\Xilinx\Vivado\2015.2\lib\win64.o\librdi_bitstream.dll
0x00007ffaa4260000 - 0x00007ffaa4a6d000 	C:\Xilinx\Vivado\2015.2\lib\win64.o\libverific.dll
0x00007ffaa3af0000 - 0x00007ffaa4030000 	C:\Xilinx\Vivado\2015.2\lib\win64.o\librdi_xdm.dll

VM Arguments:
jvm_args: -Dsun.java2d.pmoffscreen=false -Dsun.java2d.d3d=false -Dsun.awt.nopixfmt=true -Xverify:none -Dswing.aatext=true -XX:-UsePerfData -Djdk.map.althashing.threshold=512 -XX:StringTableSize=4072 -Djava.util.Arrays.useLegacyMergeSort=true -XX:NewSize=60m -XX:MaxNewSize=60m -Xms128m -Xmx3072m -Xss5m 
java_command: <unknown>
java_class_path (initial): C:/Xilinx/Vivado/2015.2\lib\classes\alloy.jar;C:/Xilinx/Vivado/2015.2\lib\classes\antlr-2.7.7.jar;C:/Xilinx/Vivado/2015.2\lib\classes\batik-anim.jar;C:/Xilinx/Vivado/2015.2\lib\classes\batik-awt-util.jar;C:/Xilinx/Vivado/2015.2\lib\classes\batik-bridge.jar;C:/Xilinx/Vivado/2015.2\lib\classes\batik-codec.jar;C:/Xilinx/Vivado/2015.2\lib\classes\batik-css.jar;C:/Xilinx/Vivado/2015.2\lib\classes\batik-dom.jar;C:/Xilinx/Vivado/2015.2\lib\classes\batik-ext.jar;C:/Xilinx/Vivado/2015.2\lib\classes\batik-gui-util.jar;C:/Xilinx/Vivado/2015.2\lib\classes\batik-gvt.jar;C:/Xilinx/Vivado/2015.2\lib\classes\batik-parser.jar;C:/Xilinx/Vivado/2015.2\lib\classes\batik-script.jar;C:/Xilinx/Vivado/2015.2\lib\classes\batik-svg-dom.jar;C:/Xilinx/Vivado/2015.2\lib\classes\batik-swing.jar;C:/Xilinx/Vivado/2015.2\lib\classes\batik-transcoder.jar;C:/Xilinx/Vivado/2015.2\lib\classes\batik-util.jar;C:/Xilinx/Vivado/2015.2\lib\classes\batik-xml.jar;C:/Xilinx/Vivado/2015.2\lib\classes\commons-logging.jar;C:/Xilinx/Vivado/2015.2\lib\classes\commons-math-2.2.jar;C:/Xilinx/Vivado/2015.2\lib\classes\dom4j-1.6.1.jar;C:/Xilinx/Vivado/2015.2\lib\classes\forms.jar;C:/Xilinx/Vivado/2015.2\lib\classes\guava-15.0.jar;C:/Xilinx/Vivado/2015.2\lib\classes\hsqldb.jar;C:/Xilinx/Vivado/2015.2\lib\classes\jdom.jar;C:/Xilinx/Vivado/2015.2\lib\classes\jide-action.jar;C:/Xilinx/Vivado/2015.2\lib\classes\jide-charts.jar;C:/Xilinx/Vivado/2015.2\lib\classes\jide-common.jar;C:/Xilinx/Vivado/2015.2\lib\classes\jide-components.jar;C:/Xilinx/Vivado/2015.2\lib\classes\jide-dashboard.jar;C:/Xilinx/Vivado/2015.2\lib\classes\jide-data.jar;C:/Xilinx/Vivado/2015.2\lib\classes\jide-dialogs.jar;C:/Xilinx/Vivado/2015.2\lib\classes\jide-diff.jar;C:/Xilinx/Vivado/2015.2\lib\classes\jide-dock.jar;C:/Xilinx/Vivado/2015.2\lib\classes\jide-editor.jar;C:/Xilinx/Vivado/2015.2\lib\classes\jide-gantt.jar;C:/Xilinx/Vivado/2015.2\lib\classes\jide-grids.jar;C:/Xilinx/Vivado/2015.2\lib\classes\jide-pivot.jar;C:/Xilin
Launcher Type: generic

Environment Variables:
PATH=C:/Xilinx/Vivado/2015.2/bin;C:/Xilinx/Vivado/2015.2/lib/win64.o;C:/Xilinx/Vivado/2015.2/tps/win64/jre/bin/server;C:/Xilinx/Vivado/2015.2/tps/win64/jre/bin;C:/Xilinx/SDK/2015.2/bin;C:/Xilinx/Vivado/2015.2/ids_lite/ISE/bin/nt64;C:/Xilinx/Vivado/2015.2/ids_lite/ISE/lib/nt64;C:/Xilinx/Vivado_HLS/2015.2/bin;C:\Program Files (x86)\Parallels\Parallels Tools\Applications;C:\Windows\system32;C:\Windows;C:\Windows\System32\Wbem;C:\Windows\System32\WindowsPowerShell\v1.0\;C:\MinGW\bin;C:\Program Files\PuTTY\;C:\Users\mac\AppData\Local\Microsoft\WindowsApps
USERNAME=mac
OS=Windows_NT
PROCESSOR_IDENTIFIER=Intel64 Family 6 Model 158 Stepping 13, GenuineIntel



---------------  S Y S T E M  ---------------

OS: Windows 8 , 64 bit Build 9200 

CPU:total 2 (2 cores per cpu, 1 threads per core) family 6 model 158 stepping 13, cmov, cx8, fxsr, mmx, sse, sse2, sse3, ssse3, sse4.1, sse4.2, popcnt, avx, avx2, aes, clmul, erms, lzcnt, tsc, bmi1, bmi2

Memory: 4k page, physical 2073932k(594088k free), swap 6612304k(1369100k free)

vm_info: Java HotSpot(TM) 64-Bit Server VM (25.25-b02) for windows-amd64 JRE (1.8.0_25-b18), built on Oct  7 2014 14:25:37 by "java_re" with MS VC++ 10.0 (VS2010)

time: Tue Nov 23 21:27:52 2021
elapsed time: 17154 seconds (0d 4h 45m 54s)

